
+++++++++++++++++++++++++++++++++++++++++++
+++++        EXUDYN TEST SUITE        +++++
+++++++++++++++++++++++++++++++++++++++++++
EXUDYN version      = 1.10.0
EXUDYN build date   = 2025-07-09 18:26:18
architecture        = 64bit
processor           = ARM
platform            = darwin
Python version      = 3.11.9
NumPy version       = 2.3.1
test tolerance      = 3e-11
testsuite date (now)= 2025-07-09 18:26:23
+++++++++++++++++++++++++++++++++++++++++++


******************************************
  START TESTMODEL 0 ("abaqusImportTest.py"):
******************************************
u-tip for C3D4 =  [-1.39347559e-05 -8.82980001e-05  9.93821996e-07] , nNodes= 214
u-tip for C3D10 =  [-1.71922325e-05 -1.04097141e-04  6.59659428e-08] , nNodes= 257
u-tip for C3D8 =  [-1.70918395e-05 -1.03190186e-04 -3.91019711e-09] , nNodes= 176
u-tip for C3D20 =  [-1.72036326e-05 -1.04325934e-04  1.00487432e-08] , nNodes= 171
u-tip for C3D20R =  [-1.72590204e-05 -1.04848917e-04  5.46592210e-09] , nNodes= 171
solution of abaqusImportTest= 0.0005885208722206945
refsol= 0.0005885208722206333
tol= 3e-11
******************************************
  TESTMODEL 0 ("abaqusImportTest.py") FINISHED SUCCESSFUL
  RESULT = 0.0005885208722206945
  ERROR = 6.114900252818245e-17
******************************************


******************************************
  START TESTMODEL 1 ("ANCFBeamTest.py"):
******************************************
case= 0 CantileverLinear2011
ne= 8 , ux= 1.8706537274759683e-07 , uy= 0.0008068839288072427
ne= 8 , ux= 0.14904162148475586 , uy= 0.7068152604035437
ne= 8 , u= [np.float64(-0.00010900977082850538), np.float64(-0.00019021008794318784), np.float64(-0.018117327798002385)]
ne= 8 , beta= 45.0 , u= [-0.0142313 -0.0088751  0.1085444]
ne= 8 , beta= 45.0 , u= [-0.0299886 -0.0153356  0.1557702]
Solution of ANCFBeam3Dtest= 1.0104863123005143
refsol= 1.010486312300459
tol= 3e-11
******************************************
  TESTMODEL 1 ("ANCFBeamTest.py") FINISHED SUCCESSFUL
  RESULT = 1.0104863123005143
  ERROR = 5.5289106626332796e-14
******************************************


******************************************
  START TESTMODEL 2 ("ANCFcable2DuserFunction.py"):
******************************************
+++++++++++++++++++++++++++++++
EXUDYN V1.10.0 solver: implicit second order time integration
STEP100, t = 0.5s, timeToGo = 0s, Nit/step = 5.8
Solver terminated successfully after 0.0608755 seconds.
ANCFcable2DuserFunction test tip pos= [ 1.66562358 -1.06406475  0.        ]
solution of ANCFcable2DuserFunction test = 0.6015588367721632
refsol= 0.6015588367721232
tol= 3e-11
******************************************
  TESTMODEL 2 ("ANCFcable2DuserFunction.py") FINISHED SUCCESSFUL
  RESULT = 0.6015588367721632
  ERROR = 3.9968028886505635e-14
******************************************


******************************************
  START TESTMODEL 3 ("ANCFcontactCircleTest.py"):
******************************************
load f=0.012937500000000003
EI=0.01725
tip displacement: x=-0.10207146356262248, y=-0.48426991232869654
refsol= -0.4842698420787613
tol= 3e-11
******************************************
  TESTMODEL 3 ("ANCFcontactCircleTest.py") *FAILED*
  RESULT = -0.48426991232869654
  ERROR = -7.024993525783785e-08
******************************************


******************************************
  START TESTMODEL 4 ("ANCFcontactFrictionTest.py"):
******************************************
load f=129.37500000000003
EI=172.50000000000003
+++++++++++++++++++++++++++++++
EXUDYN V1.10.0 solver: implicit second order time integration
STEP300, t = 0.15s, timeToGo = 0s, Nit/step = 3.21333
Solver terminated successfully after 0.131701 seconds.
Solver iteration statistics:
total number of steps:        300
total number of Newton iterations: 964
total number of Newton Jacobians:  964
tip displacement: y=-0.014187561328096138
test result= -0.014187561328096138
refsol= -0.014187561328096003
tol= 3e-11
******************************************
  TESTMODEL 4 ("ANCFcontactFrictionTest.py") FINISHED SUCCESSFUL
  RESULT = -0.014187561328096138
  ERROR = -1.3530843112619095e-16
******************************************


******************************************
  START TESTMODEL 5 ("ANCFgeneralContactCircle.py"):
******************************************
exudyn version= 1.10.0
pre-stretch force= -80.0
beam mass per length= 0.004
auto computed searchTree box={[-0.5,-0.5,-0.5], [2.5,0.5,0.5]}
+++++++++++++++++++++++++++++++
EXUDYN V1.10.0 solver: implicit second order time integration
  Solve steps: adaptive increase to step size = 0.0005 due to fast convergence, time = 0.00725
  Solve steps: adaptive increase to step size = 0.001 due to fast convergence, time = 0.01825
STEP130, t = 0.1s, timeToGo = 0s, Nit/step = 8.2
Solver terminated successfully after 0.13356 seconds.
Solver iteration statistics:
total number of steps:        130
total number of Newton iterations: 1066
total number of Newton Jacobians:  116
rejected modified Newton steps:      6
node0 pos:  [-0.09227833 -0.48937593  0.        ]
ANCFgeneralContactCircle sol= -0.5816542532113018
refsol= -0.5816542531620952
tol= 3e-11
******************************************
  TESTMODEL 5 ("ANCFgeneralContactCircle.py") *FAILED*
  RESULT = -0.5816542532113018
  ERROR = -4.920663876362141e-11
******************************************


******************************************
  START TESTMODEL 6 ("ANCFmovingRigidBodyTest.py"):
******************************************
+++++++++++++++++++++++++++++++
EXUDYN V1.10.0 solver: nonlinear static solver
STEP2, factor = 1, timeToGo = 0s, Nit/step = 14
Solver terminated successfully after 0.00726971 seconds.
+++++++++++++++++++++++++++++++
EXUDYN V1.10.0 solver: implicit second order time integration
STEP200, t = 0.1s, timeToGo = 0s, Nit/step = 1.16
Solver terminated successfully after 0.0935069 seconds.
static deflection  = -0.0644647469061232
dynamic deflection = -0.06446622244372244
ANCFmovingRigidBodyTest= -0.12893096934984563
refsol= -0.12893096934983617
tol= 3e-11
******************************************
  TESTMODEL 6 ("ANCFmovingRigidBodyTest.py") FINISHED SUCCESSFUL
  RESULT = -0.12893096934984563
  ERROR = -9.46465128492946e-15
******************************************


******************************************
  START TESTMODEL 7 ("ANCFslidingAndALEjointTest.py"):
******************************************
+++++++++++++++++++++++++++++++
EXUDYN V1.10.0 solver: nonlinear static solver
WARNING: JointALEMoving2D: sliding coordinate < 0; further warnings suppressed!

Python WARNING [file '/private/var/folders/y6/nj790rtn62lfktb1sh__79hc0000gn/T/cibw-run-q9nscrs5/cp311-macosx_universal2/venv-test-arm64/lib/python3.11/site-packages/exudyn/solver.py', line 174]: 
WARNING: SlidingJoint2D: sliding coordinate < 0; further warnings suppressed!


STEP10, factor = 1, timeToGo = 0s, Nit/step = 4.8
Solver terminated successfully after 0.0248031 seconds.
select cable coordinate 42
static solution of cable1 = -2.197321885840126
+++++++++++++++++++++++++++++++
EXUDYN V1.10.0 solver: implicit second order time integration
STEP400, t = 0.8s, timeToGo = 0s, Nit/step = 4.9925
Solver terminated successfully after 0.437701 seconds.
Solver iteration statistics:
total number of steps:        400
total number of Newton iterations: 1997
total number of Newton Jacobians:  1997
dynamic solution of cable1 = -2.2290865025205453
result of ANCFslidingAndALEjointTest= -4.426408388360672
refsol= -4.426408394755261
tol= 3e-11
******************************************
  TESTMODEL 7 ("ANCFslidingAndALEjointTest.py") *FAILED*
  RESULT = -4.426408388360672
  ERROR = 6.3945888584271415e-09
******************************************


******************************************
  START TESTMODEL 8 ("ballBearingTest.py"):
******************************************
+++++++++++++++++++++++++++++++
EXUDYN V1.10.0 solver: implicit second order time integration

Python WARNING [file '/private/var/folders/y6/nj790rtn62lfktb1sh__79hc0000gn/T/cibw-run-q9nscrs5/cp311-macosx_universal2/venv-test-arm64/lib/python3.11/site-packages/exudyn/solver.py', line 260]: 
Generalized alpha: initial accelerations due to initial velocities can only be computed in dense matrix mode!

  Newton (time/load step #2): convergence failed after 25 iterations; relative error = 0.0132784, time = 0.0002
  Solve steps: adaptive reduction to step size = 5e-05, time = 0.0001
  Newton (time/load step #2): convergence failed after 25 iterations; relative error = 2.33194, time = 0.00015
  Solve steps: adaptive reduction to step size = 2.5e-05, time = 0.0001
  Newton (time/load step #2): convergence failed after 25 iterations; relative error = 1.65221, time = 0.000125
  Solve steps: adaptive reduction to step size = 1.25e-05, time = 0.0001
  Newton (time/load step #3): convergence failed after 25 iterations; relative error = 1.02912, time = 0.000125
  Solve steps: adaptive reduction to step size = 6.25e-06, time = 0.0001125
  Newton (time/load step #3): convergence failed after 25 iterations; relative error = 0.859008, time = 0.00011875
  Solve steps: adaptive reduction to step size = 3.125e-06, time = 0.0001125
  Newton (time/load step #3): convergence failed after 25 iterations; relative error = 4.22342, time = 0.000115625
  Solve steps: adaptive reduction to step size = 1.5625e-06, time = 0.0001125
  Newton (time/load step #4): convergence failed after 25 iterations; relative error = 3.63388, time = 0.000115625
  Solve steps: adaptive reduction to step size = 7.8125e-07, time = 0.000114063
  Newton (time/load step #5): convergence failed after 25 iterations; relative error = 1.07419, time = 0.000115625
  Solve steps: adaptive reduction to step size = 3.90625e-07, time = 0.000114844
STEP573, t = 0.05s, timeToGo = 0s, Nit/step = 5.33508
Solver terminated successfully after 0.289363 seconds.
====================
CPU-time statistics:
  total time   = 0.289 seconds
  measured time= 0.288 seconds (=99.4%) 
  non-zero timer [__ sub-timer]:
  factorization     = 29.2%
  newtonIncrement   = 5.25%
  integrationFormula= 0.15%
  ODE2RHS           = 23.8%
  ODE1RHS           = 0.0443%
  AERHS             = 0.401%
  totalJacobian     = 35%
  __jacobianODE2    = 34.7%
  __jacobianODE1    = 0.00836%
  __jacobianAE      = 0.14%
  massMatrix        = 3.54%
  reactionForces    = 0.67%
  postNewton    = 1.25%
  Python          = 0.00635%
  writeSolution     = 0.615%
  overhead          = 0.0128%
  visualization/user= 0.0154%
Solver iteration statistics:
total number of steps:        573
total number of Newton iterations: 3057
total number of Newton Jacobians:  531
rejected modified Newton steps:      9
solution of ballBearingTest= 0.03785241403143353
refsol= 0.037852414023965573
tol= 3e-11
******************************************
  TESTMODEL 8 ("ballBearingTest.py") FINISHED SUCCESSFUL
  RESULT = 0.03785241403143353
  ERROR = 7.467956808504539e-12
******************************************


******************************************
  START TESTMODEL 9 ("bricardMechanism.py"):
******************************************
dof {'degreeOfFreedom': np.int64(1), 'redundantConstraints': np.int64(1), 'nODE2': 35, 'nODE1': 0, 'nAE': 36, 'nPureAE': np.int64(1)}
eigenvalues= [0.]
+++++++++++++++++++++++++++++++
EXUDYN V1.10.0 solver: implicit second order time integration
STEP1000, t = 1s, timeToGo = 0s, Nit/step = 6.298
Solver terminated successfully after 0.0674139 seconds.
====================
CPU-time statistics:
  total time   = 0.0674 seconds
  measured time= 0.0648 seconds (=96.2%) 
  non-zero timer [__ sub-timer]:
  factorization     = 2.16%
  newtonIncrement   = 16%
  integrationFormula= 0.777%
  ODE2RHS           = 22.1%
  ODE1RHS           = 0.369%
  AERHS             = 7.1%
  totalJacobian     = 0.248%
  __jacobianODE2    = 0.13%
  __jacobianODE1    = 0.00154%
  __jacobianAE      = 0.0801%
  massMatrix        = 13.7%
  reactionForces    = 37.5%
  Python          = 0.000898%
  overhead          = 0.0632%
  visualization/user= 0.0535%
Solver iteration statistics:
total number of steps:        1000
total number of Newton iterations: 6298
total number of Newton Jacobians:  16
solution of bricardMechanism test= 4.172189649305872
refsol= 4.172189649307425
tol= 3e-11
******************************************
  TESTMODEL 9 ("bricardMechanism.py") FINISHED SUCCESSFUL
  RESULT = 4.172189649305872
  ERROR = -1.553424056055519e-12
******************************************


******************************************
  START TESTMODEL 10 ("carRollingDiscTest.py"):
******************************************
+++++++++++++++++++++++++++++++
EXUDYN V1.10.0 solver: implicit second order time integration
STEP250, t = 0.5s, timeToGo = 0s, Nit/step = 2.336
Solver terminated successfully after 0.0489245 seconds.
carRollingDiscTest u= -0.2394004871711356
refsol= -0.23940048717113782
tol= 3e-11
******************************************
  TESTMODEL 10 ("carRollingDiscTest.py") FINISHED SUCCESSFUL
  RESULT = -0.2394004871711356
  ERROR = 2.220446049250313e-15
******************************************


******************************************
  START TESTMODEL 11 ("compareAbaqusAnsysRotorEigenfrequencies.py"):
******************************************
natural frequencies from Ansys model, sparse= False : 104.63701055079174
natural frequencies from Abaqus model, sparse= False : 104.63701326063098
natural frequencies from Ansys model, sparse= True : 104.63701055079095
natural frequencies from Abaqus model, sparse= True : 104.63701326063754
error of compareAbaqusAnsysRotorEigenfrequencies (due to sparse solver)= 8.682832230988424e-18
solution of compareAbaqusAnsysRotorEigenfrequencies (with treshold)= 0
refsol= 0.0004185480476228555
tol= 3e-11
******************************************
  TESTMODEL 11 ("compareAbaqusAnsysRotorEigenfrequencies.py") FINISHED SUCCESSFUL
  RESULT = 0.00041854804762285117
  ERROR = -4.336808689942018e-18
******************************************


******************************************
  START TESTMODEL 12 ("compareFullModifiedNewton.py"):
******************************************
+++++++++++++++++++++++++++++++
EXUDYN V1.10.0 solver: implicit second order time integration
STEP100, t = 2s, timeToGo = 0s, Nit/step = 6.13
Solver terminated successfully after 0.000685083 seconds.
Solver iteration statistics:
total number of steps:        100
total number of Newton iterations: 613
total number of Newton Jacobians:  49
+++++++++++++++++++++++++++++++
EXUDYN V1.10.0 solver: implicit second order time integration
STEP100, t = 2s, timeToGo = 0s, Nit/step = 2.78
Solver terminated successfully after 0.000596208 seconds.
Solver iteration statistics:
total number of steps:        100
total number of Newton iterations: 278
total number of Newton Jacobians:  278
compareFullModifiedNewton u= 0.00020079676000188396
refsol= 0.00020079676000188396
tol= 3e-11
******************************************
  TESTMODEL 12 ("compareFullModifiedNewton.py") FINISHED SUCCESSFUL
  RESULT = 0.00020079676000188396
  ERROR = 0.0
******************************************


******************************************
  START TESTMODEL 13 ("complexEigenvaluesTest.py"):
******************************************
dRel = 0.05 , decay= 0.7301153801794058
resonance frequency = 50.0
static displacement = 0.02
MSD analytical eigenvalues: (-2.5+49.937460888595446j)
MSD complex eigenvalues: [-2.5-49.93746089j -2.5+49.93746089j]
MSD numerical eigenfrequency in Hz: 7.9477937458781565
numerical damping dRel           : 0.049999999999999996
*********************

numerical eigenfrequency (in Hz) : 12.327934783008315
numerical eigenfrequency damped  : 12.305725604590139
numerical damping dRel           : 0.05999850003749908
numerical eigenfrequency GE      : 12.327934783008315
analytical eigenfrequency (in Hz): 12.327934783008317
error eigenvalues: 0.04004659128338993 
*********************

numerical eigenvalues in Hz: [ 38.81173295  38.81173295 123.126052   123.126052   128.4712102
 128.4712102 ]
numerical eigenvalues GE: [ 38.81173295 123.126052   128.4712102 ]
result of computeODE2AEeigenvaluesTest2: 0.42816392078752297
refsol= 0.42816392078752413
tol= 3e-11
******************************************
  TESTMODEL 13 ("complexEigenvaluesTest.py") FINISHED SUCCESSFUL
  RESULT = 0.42816392078752297
  ERROR = -1.1657341758564144e-15
******************************************


******************************************
  START TESTMODEL 14 ("computeODE2AEeigenvaluesTest.py"):
******************************************
numerical eigenvalues in Hz: 12.327934783008315
analytical eigenvalues in Hz: 12.327934783008317
error eigenvalues: 1.44092004919479e-16
numerical eigenvalues in Hz: [ 38.81173295 123.126052   128.4712102 ]
result of computeODE2AEeigenvaluesTest: 0.3881173295041332
refsol= 0.38811732950413347
tol= 3e-11
******************************************
  TESTMODEL 14 ("computeODE2AEeigenvaluesTest.py") FINISHED SUCCESSFUL
  RESULT = 0.3881173295041332
  ERROR = -2.7755575615628914e-16
******************************************


******************************************
  START TESTMODEL 15 ("computeODE2EigenvaluesTest.py"):
******************************************
EI=172.50000000000003
rhoA=0.78
eigenvalues= [ 83.17966448 229.28844646 449.50021798]
omega analytical = [ 83.17963697 229.28787233 449.4959069 ]
omega difference= -2.7509865105912468e-05
refsol= -2.749026293713541e-11
tol= 3e-11
******************************************
  TESTMODEL 15 ("computeODE2EigenvaluesTest.py") FINISHED SUCCESSFUL
  RESULT = -2.7509865105912467e-11
  ERROR = -1.9602168777056518e-14
******************************************


******************************************
  START TESTMODEL 16 ("connectorGravityTest.py"):
******************************************
+++++++++++++++++++++++++++++++
EXUDYN V1.10.0 solver: explicit time integration (RK67)
STEP1000, t = 1e+06s, timeToGo = 0s, Nit/step = 0
Solver terminated successfully after 0.00818092 seconds.
Solver iteration statistics:
total number of steps:        1000
total number of Newton iterations: 0
total number of Newton Jacobians:  0
result for ObjectConnectorGravity = 1014867.2330324303
refsol= 1014867.2330320379
tol= 3e-11
******************************************
  TESTMODEL 16 ("connectorGravityTest.py") *FAILED*
  RESULT = 1014867.2330324303
  ERROR = 3.9243604987859726e-07
******************************************


******************************************
  START TESTMODEL 17 ("connectorRigidBodySpringDamperTest.py"):
******************************************
+++++++++++++++++++++++++++++++
EXUDYN V1.10.0 solver: implicit second order time integration
STEP100, t = 0.1s, timeToGo = 0s, Nit/step = 1
Solver terminated successfully after 0.00260771 seconds.
Solver iteration statistics:
total number of steps:        100
total number of Newton iterations: 100
total number of Newton Jacobians:  100
solution of connectorRigidBodySpringDamperTest= 0.1827622474331841
refsol= 0.1827622474318292
tol= 3e-11
******************************************
  TESTMODEL 17 ("connectorRigidBodySpringDamperTest.py") FINISHED SUCCESSFUL
  RESULT = 0.1827622474331841
  ERROR = 1.3548884236769254e-12
******************************************


******************************************
  START TESTMODEL 18 ("contactCoordinateTest.py"):
******************************************
+++++++++++++++++++++++++++++++
EXUDYN V1.10.0 solver: implicit second order time integration
STEP1281, t = 0.25s, timeToGo = 0s, Nit/step = 1.01874
Solver terminated successfully after 0.00131808 seconds.
Solver iteration statistics:
total number of steps:        1281
total number of Newton iterations: 1305
total number of Newton Jacobians:  1305
contactCoordinateTest= 0.05531319950419962
refsol= 0.0553131995062827
tol= 3e-11
******************************************
  TESTMODEL 18 ("contactCoordinateTest.py") FINISHED SUCCESSFUL
  RESULT = 0.05531319950419962
  ERROR = -2.0830767666346617e-12
******************************************


******************************************
  START TESTMODEL 19 ("contactCurveExample.py"):
******************************************
+++++++++++++++++++++++++++++++
EXUDYN V1.10.0 solver: implicit second order time integration
STEP1000, t = 1s, timeToGo = 0s, Nit/step = 7.164
Solver terminated successfully after 0.0184699 seconds.
solution of contactCurveExample= 0.3096143279681406
refsol= 0.3096143279681347
tol= 3e-11
******************************************
  TESTMODEL 19 ("contactCurveExample.py") FINISHED SUCCESSFUL
  RESULT = 0.3096143279681406
  ERROR = 5.88418203051333e-15
******************************************


******************************************
  START TESTMODEL 20 ("contactSphereSphereTest.py"):
******************************************
EXUDYN version=1.10.0
impact vel= 0.0
+++++++++++++++++++++++++++++++
EXUDYN V1.10.0 solver: implicit second order time integration
  Solve steps: adaptive reduction to step size = 0.0003, time = 0.1944
  Solve steps: adaptive reduction to step size = 8.62309e-05, time = 0.1947
  Solve steps: adaptive reduction to step size = 0.0003, time = 0.396736
  Solve steps: adaptive reduction to step size = 2.86208e-05, time = 0.397036
  Solve steps: adaptive reduction to step size = 0.000289573, time = 0.683329
  Solve steps: adaptive reduction to step size = 0.000148463, time = 1.0656
  Solve steps: adaptive reduction to step size = 1e-08, time = 1.06575
  Solve steps: adaptive reduction to step size = 0.000250987, time = 1.60671
STEP5198, t = 2s, timeToGo = 0s, Nit/step = 1.13775
Solver terminated successfully after 0.00991496 seconds.
Solver iteration statistics:
total number of steps:        5198
total number of Newton iterations: 5914
total number of Newton Jacobians:  1
uTotal= 0.5348463536059519
Maxima after each crossing: [np.float64(10.0), np.float64(7.105704490265273), np.float64(5.044181092882123), np.float64(3.5394600364080615), np.float64(2.645055772005935), np.float64(1.86157652252257)]
relations= 0.7105704490265273 0.7098776904939671 0.7016917059941834 0.747304884021295
refsol= 0.5348463536059522
tol= 3e-11
******************************************
  TESTMODEL 20 ("contactSphereSphereTest.py") FINISHED SUCCESSFUL
  RESULT = 0.5348463536059519
  ERROR = -3.3306690738754696e-16
******************************************


******************************************
  START TESTMODEL 21 ("contactSphereSphereTestEAPM.py"):
******************************************
EXUDYN version = 1.10.0
+++++++++++++++++++++++++++++++
EXUDYN V1.10.0 solver: implicit second order time integration
STEP49999, t = 1s, timeToGo = 0s, Nit/step = 1.56521
Solver terminated successfully after 0.157429 seconds.
Solver iteration statistics:
total number of steps:        49999
total number of Newton iterations: 78259
total number of Newton Jacobians:  1
uTotal= 0.20000219249662216
refsol= 0.20000219249662216
tol= 3e-11
******************************************
  TESTMODEL 21 ("contactSphereSphereTestEAPM.py") FINISHED SUCCESSFUL
  RESULT = 0.20000219249662216
  ERROR = 0.0
******************************************


******************************************
  START TESTMODEL 22 ("ConvexContactTest.py"):
******************************************
PostNewton Connector 2: 0.0005: changed from gap 0 to 0.000920964
PostNewton Connector 2: 0.014: changed from gap 2.8254e-05 to -3.91898e-05
PostNewton Connector 2: 0.027: changed from gap -3.66667e-05 to 5.02363e-06
PostNewton Connector 2: 0.0385: changed from gap 5.76866e-06 to -3.62366e-05
result of ConvexContactTest= 0.011770267410529814
refsol= 0.011770267410694153
tol= 3e-11
******************************************
  TESTMODEL 22 ("ConvexContactTest.py") FINISHED SUCCESSFUL
  RESULT = 0.011770267410529814
  ERROR = -1.6433902849666282e-13
******************************************


******************************************
  START TESTMODEL 23 ("coordinateSpringDamperExt.py"):
******************************************
fMu= 1.4715
+++++++++++++++++++++++++++++++
EXUDYN V1.10.0 solver: implicit second order time integration
  Newton (time/load step #1): convergence failed after 25 iterations; relative error = 1.60196e-08, time = 0.002
  Solve steps: adaptive reduction to step size = 0.001, time = 0
  Newton (time/load step #618): convergence failed after 25 iterations; relative error = 0.14723, time = 1.003
  Solve steps: adaptive reduction to step size = 0.001, time = 1.001
STEP1122, t = 2s, timeToGo = 0s, Nit/step = 4.26025
Solver terminated successfully after 0.0155879 seconds.
result of coordinateSpringDamperExt= 17.08493553580072
refsol= 17.084935539925155
tol= 3e-11
******************************************
  TESTMODEL 23 ("coordinateSpringDamperExt.py") *FAILED*
  RESULT = 17.08493553580072
  ERROR = -4.1244341275614715e-09
******************************************


******************************************
  START TESTMODEL 24 ("coordinateVectorConstraint.py"):
******************************************
+++++++++++++++++++++++++++++++
EXUDYN V1.10.0 solver: implicit second order time integration
STEP1000, t = 1s, timeToGo = 0s, Nit/step = 1.989
Solver terminated successfully after 0.0259973 seconds.
p0= [np.float64(-0.7056836384521086), np.float64(-0.37684294131772444), np.float64(0.0)]
solution of coordinateVectorConstraint= -1.0825265797698331
refsol= -1.0825265797698322
tol= 3e-11
******************************************
  TESTMODEL 24 ("coordinateVectorConstraint.py") FINISHED SUCCESSFUL
  RESULT = -1.0825265797698331
  ERROR = -8.881784197001252e-16
******************************************


******************************************
  START TESTMODEL 25 ("coordinateVectorConstraintGenericODE2.py"):
******************************************
+++++++++++++++++++++++++++++++
EXUDYN V1.10.0 solver: implicit second order time integration
STEP1000, t = 1s, timeToGo = 0s, Nit/step = 1.989
Solver terminated successfully after 0.0209732 seconds.
p0= [np.float64(-0.7056836384521086), np.float64(-0.37684294131772444), np.float64(0.0)]
solution of coordinateVectorConstraint= -1.0825265797698331
refsol= -1.0825265797698322
tol= 3e-11
******************************************
  TESTMODEL 25 ("coordinateVectorConstraintGenericODE2.py") FINISHED SUCCESSFUL
  RESULT = -1.0825265797698331
  ERROR = -8.881784197001252e-16
******************************************


******************************************
  START TESTMODEL 26 ("createKinematicTreeTest.py"):
******************************************
+++++++++++++++++++++++++++++++
EXUDYN V1.10.0 solver: implicit second order time integration
STEP300, t = 1.2s, timeToGo = 0s, Nit/step = 1.98333
Solver terminated successfully after 0.0167722 seconds.
solution of createKinematicTreeTest= 3.340830142730613
refsol= 3.3408301427304914
tol= 3e-11
******************************************
  TESTMODEL 26 ("createKinematicTreeTest.py") FINISHED SUCCESSFUL
  RESULT = 3.340830142730613
  ERROR = 1.2168044349891716e-13
******************************************


******************************************
  START TESTMODEL 27 ("createFunctionsTest.py"):
******************************************
+++++++++++++++++++++++++++++++
EXUDYN V1.10.0 solver: implicit second order time integration
STEP250, t = 0.5s, timeToGo = 0s, Nit/step = 7.636
Solver terminated successfully after 0.0284734 seconds.
solution of createFunctionsTest= 0.04228833966560086
refsol= 0.042288339665601055
tol= 3e-11
******************************************
  TESTMODEL 27 ("createFunctionsTest.py") FINISHED SUCCESSFUL
  RESULT = 0.04228833966560086
  ERROR = -1.942890293094024e-16
******************************************


******************************************
  START TESTMODEL 28 ("createRollingDiscPenaltyTest.py"):
******************************************
+++++++++++++++++++++++++++++++
EXUDYN V1.10.0 solver: implicit second order time integration
STEP500, t = 1s, timeToGo = 0s, Nit/step = 24.178
Solver terminated successfully after 0.0558339 seconds.
solution of createRollingDiscPenalty= 2.1129927199922593
refsol= 2.1129927199922243
tol= 3e-11
******************************************
  TESTMODEL 28 ("createRollingDiscPenaltyTest.py") FINISHED SUCCESSFUL
  RESULT = 2.1129927199922593
  ERROR = 3.5083047578154947e-14
******************************************


******************************************
  START TESTMODEL 29 ("createRollingDiscTest.py"):
******************************************
+++++++++++++++++++++++++++++++
EXUDYN V1.10.0 solver: implicit second order time integration
STEP500, t = 1s, timeToGo = 0s, Nit/step = 7.494
Solver terminated successfully after 0.00400583 seconds.
solution of createRollingDisc= 4.009716209090277
refsol= 4.009716209090299
tol= 3e-11
******************************************
  TESTMODEL 29 ("createRollingDiscTest.py") FINISHED SUCCESSFUL
  RESULT = 4.009716209090277
  ERROR = -2.220446049250313e-14
******************************************


******************************************
  START TESTMODEL 30 ("createSphereQuadContact.py"):
******************************************


***********************************
*** Test contact create method: trigs ***
***********************************

+++++++++++++++++++++++++++++++
EXUDYN V1.10.0 solver: implicit second order time integration

Python WARNING [file '/private/var/folders/y6/nj790rtn62lfktb1sh__79hc0000gn/T/cibw-run-q9nscrs5/cp311-macosx_universal2/venv-test-arm64/lib/python3.11/site-packages/exudyn/solver.py', line 260]: 
Generalized alpha: initial accelerations due to initial velocities can only be computed in dense matrix mode!

STEP3400, t = 0.65s, timeToGo = 0s, Nit/step = 6.16912
Solver terminated successfully after 0.38812 seconds.
Solver iteration statistics:
total number of steps:        3400
total number of Newton iterations: 20975
total number of Newton Jacobians:  329
rejected modified Newton steps:      11


***********************************
*** Test contact create method: quad ***
***********************************

+++++++++++++++++++++++++++++++
EXUDYN V1.10.0 solver: implicit second order time integration

Python WARNING [file '/private/var/folders/y6/nj790rtn62lfktb1sh__79hc0000gn/T/cibw-run-q9nscrs5/cp311-macosx_universal2/venv-test-arm64/lib/python3.11/site-packages/exudyn/solver.py', line 260]: 
Generalized alpha: initial accelerations due to initial velocities can only be computed in dense matrix mode!

STEP3400, t = 0.65s, timeToGo = 0s, Nit/step = 6.16912
Solver terminated successfully after 0.383739 seconds.
Solver iteration statistics:
total number of steps:        3400
total number of Newton iterations: 20975
total number of Newton Jacobians:  329
rejected modified Newton steps:      11
solution diff= 0.0
solver= trigs 
sol= [ 1.01160733  0.         -0.02896734 -1.89553399  0.         -0.44499311]
solver= quad 
sol= [ 1.01160733  0.         -0.02896734 -1.89553399  0.         -0.44499311]
solution of createSphereQuadContact= 1.1243776621617774
refsol= 1.124377662163088
tol= 3e-11
******************************************
  TESTMODEL 30 ("createSphereQuadContact.py") FINISHED SUCCESSFUL
  RESULT = 1.1243776621617774
  ERROR = -1.3107293028724598e-12
******************************************


******************************************
  START TESTMODEL 31 ("createSphereQuadContact2.py"):
******************************************
+++++++++++++++++++++++++++++++
EXUDYN V1.10.0 solver: implicit second order time integration

Python WARNING [file '/private/var/folders/y6/nj790rtn62lfktb1sh__79hc0000gn/T/cibw-run-q9nscrs5/cp311-macosx_universal2/venv-test-arm64/lib/python3.11/site-packages/exudyn/solver.py', line 260]: 
Generalized alpha: initial accelerations due to initial velocities can only be computed in dense matrix mode!

STEP2035, t = 1s, timeToGo = 0s, Nit/step = 5.44668
Solver terminated successfully after 0.148198 seconds.
Solver iteration statistics:
total number of steps:        2035
total number of Newton iterations: 11084
total number of Newton Jacobians:  127
rejected modified Newton steps:      5
solution of createSphereQuadContact2= 0.15616582432924106
refsol= 0.15616582432927872
tol= 3e-11
******************************************
  TESTMODEL 31 ("createSphereQuadContact2.py") FINISHED SUCCESSFUL
  RESULT = 0.15616582432924106
  ERROR = -3.7664316110408436e-14
******************************************


******************************************
  START TESTMODEL 32 ("deleteItemsTest.py"):
******************************************
delete object: 2
delete object: 3
delete sensor: 0
delete load: 0
delete object: 1
+++++++++++++++++++++++++++++++
EXUDYN V1.10.0 solver: implicit second order time integration
STEP250, t = 0.5s, timeToGo = 0s, Nit/step = 2.512
Solver terminated successfully after 0.00157396 seconds.
uTotal= -0.986052800651832
refsol= -0.9860528006518329
tol= 3e-11
******************************************
  TESTMODEL 32 ("deleteItemsTest.py") FINISHED SUCCESSFUL
  RESULT = -0.986052800651832
  ERROR = 8.881784197001252e-16
******************************************


******************************************
  START TESTMODEL 33 ("distanceSensor.py"):
******************************************
auto computed searchTree box={[-1.03536,-1,-0.1], [1.9,1,0.1]}
+++++++++++++++++++++++++++++++
EXUDYN V1.10.0 solver: explicit time integration (RK44)
STEP2500, t = 0.25s, timeToGo = 0s, Nit/step = 0
Solver terminated successfully after 0.118286 seconds.
pLast= [np.float64(-0.6061511314921348), np.float64(-0.27540810053094056), np.float64(0.0)] 

sensors= [ 1.56720969e-01 -4.00266307e-18] [1.08660730e-01 3.10566387e-17] [0.11237434 0.41190196] [0.2754081  0.93573925] [ 2.00000000e-01  4.00266307e-18 -3.10566387e-17] 

solution of distanceSensor= 1.8677643107785649
refsol= 1.867764310778691
tol= 3e-11
******************************************
  TESTMODEL 33 ("distanceSensor.py") FINISHED SUCCESSFUL
  RESULT = 1.8677643107785649
  ERROR = -1.2612133559741778e-13
******************************************


******************************************
  START TESTMODEL 34 ("driveTrainTest.py"):
******************************************
+++++++++++++++++++++++++++++++
EXUDYN V1.10.0 solver: implicit second order time integration
STEP1000, t = 0.1s, timeToGo = 0s, Nit/step = 6.413
Solver terminated successfully after 0.174341 seconds.
phiCrank 0.8813196520692131
phiFlyWheel 0.8813197447677671
solution of driveTrainTest= -9.269855394400395e-08
refsol= -9.269855516524927e-08
tol= 3e-11
******************************************
  TESTMODEL 34 ("driveTrainTest.py") FINISHED SUCCESSFUL
  RESULT = -9.269855394400395e-08
  ERROR = 1.2212453270876722e-15
******************************************


******************************************
  START TESTMODEL 35 ("explicitLieGroupIntegratorPythonTest.py"):
******************************************
+++++++++++++++++++++++++++++++
EXUDYN V1.10.0 solver: implicit second order time integration
STEP400, t = 0.01s, timeToGo = 0s, Nit/step = 0
Solver terminated successfully after 0.072684 seconds.
explicitLieGroupIntegratorPythonTest= 149.84739395407578
refsol= 149.8473939540758
tol= 3e-11
******************************************
  TESTMODEL 35 ("explicitLieGroupIntegratorPythonTest.py") FINISHED SUCCESSFUL
  RESULT = 149.84739395407578
  ERROR = -2.842170943040401e-14
******************************************


******************************************
  START TESTMODEL 36 ("explicitLieGroupIntegratorTest.py"):
******************************************
DynamicSolverType.ExplicitMidpoint,h= 0.001 :
  omega = [  -9.25903319 -100.05787564 -111.56014921] 
  coords= [  0.           0.         -19.62        -0.29022561   1.22720976
  -2.81489467]
DynamicSolverType.RK44,h= 0.001 :
  omega = [ -27.67663523 -106.16651966 -102.45471373] 
  coords= [  0.           0.         -19.62        -1.43361238   1.02208338
  -2.29792145]
DynamicSolverType.RK67,h= 0.001 :
  omega = [ -27.65849136 -106.16380496 -102.46246956] 
  coords= [  0.           0.         -19.62        -1.43257991   1.02227719
  -2.29872218]
DynamicSolverType.DOPRI5,h= 0.001 :
  omega = [ -27.65851484 -106.16380357 -102.46246458] 
  coords= [  0.           0.         -19.62        -1.43258163   1.02227688
  -2.29872073]
nSteps= 8517
explicitLieGrouIntegratorTest result= 0.1616401331981913
explicitLieGrouIntegratorTest error= 5.273559366969494e-16
refsol= 0.16164013319819065
tol= 3e-11
******************************************
  TESTMODEL 36 ("explicitLieGroupIntegratorTest.py") FINISHED SUCCESSFUL
  RESULT = 0.1616401331981913
  ERROR = 6.38378239159465e-16
******************************************


******************************************
  START TESTMODEL 37 ("fourBarMechanismTest.py"):
******************************************
+++++++++++++++++++++++++++++++
EXUDYN V1.10.0 solver: implicit second order time integration
STEP2000, t = 2s, timeToGo = 0s, Nit/step = 1.8385
Solver terminated successfully after 0.0191426 seconds.
solution of fourbar mechanism = -2.3763357805182284
refsol= -2.376335780518213
tol= 3e-11
******************************************
  TESTMODEL 37 ("fourBarMechanismTest.py") FINISHED SUCCESSFUL
  RESULT = -2.3763357805182284
  ERROR = -1.554312234475219e-14
******************************************


******************************************
  START TESTMODEL 38 ("fourBarMechanismIftomm.py"):
******************************************
+++++++++++++++++++++++++++++++
EXUDYN V1.10.0 solver: implicit second order time integration
STEP400, t = 4s, timeToGo = 0s, Nit/step = 6.8475
Solver terminated successfully after 0.018474 seconds.
max energy error= 0.1140155972644834
pos first bar= [np.float64(0.058150929906581196), np.float64(0.4966069566059775), np.float64(0.0)]
fourBarMechanismIftomm result: 0.1721665271710646
refsol= 0.1721665271840173
tol= 3e-11
******************************************
  TESTMODEL 38 ("fourBarMechanismIftomm.py") FINISHED SUCCESSFUL
  RESULT = 0.1721665271710646
  ERROR = -1.2952694472545545e-11
******************************************


******************************************
  START TESTMODEL 39 ("generalContactCylinderTest.py"):
******************************************
+++++++++++++++++++++++++++++++
EXUDYN V1.10.0 solver: explicit time integration (ExplicitEuler)
STEP2000, t = 2s, timeToGo = 2.94615e-14s, Nit/step = 0
Solver terminated successfully after 0.538302 seconds.
solution of generalContactCylinderTest = 12.246862751552701
refsol= 12.246626442545603
tol= 3e-11
******************************************
  TESTMODEL 39 ("generalContactCylinderTest.py") *FAILED*
  RESULT = 12.246862751552701
  ERROR = 0.00023630900709825653
******************************************


******************************************
  START TESTMODEL 40 ("generalContactCylinderTrigsTest.py"):
******************************************
+++++++++++++++++++++++++++++++
EXUDYN V1.10.0 solver: explicit time integration (ExplicitEuler)
STEP1000, t = 1s, timeToGo = 0s, Nit/step = 0
Solver terminated successfully after 0.132497 seconds.
solution of generalContactCylinderTest = 5.48690843092885
refsol= 5.486908430912642
tol= 3e-11
******************************************
  TESTMODEL 40 ("generalContactCylinderTrigsTest.py") FINISHED SUCCESSFUL
  RESULT = 5.48690843092885
  ERROR = 1.6207479802687885e-11
******************************************


******************************************
  START TESTMODEL 41 ("generalContactFrictionTests.py"):
******************************************
expect u0z= 0.001
expect uFy= 0.010000000000000002
force rolling= 0.5 , torque= 0.020000000000000004
auto computed searchTree box={[-1.25,-0.5125,-0.05], [0.5125,0.649,0.1875]}
+++++++++++++++++++++++++++++++
EXUDYN V1.10.0 solver: explicit time integration (ExplicitEuler)
STEP4000, t = 0.8s, timeToGo = 0s, Nit/step = 0
Solver terminated successfully after 0.137617 seconds.
coords node2 = [ 2.83098555e-02  5.88805648e-01 -9.18041346e-04 -3.32001230e+00
 -2.44113280e-01  1.08458075e+00]
coords node5 = [ 0.         -0.00991814  0.          0.          0.          0.        ]
coords node7 = [0.        0.        0.        2.2391945 0.        0.       ]
coords node8 = [-2.30913169e-01  9.75294308e-04 -7.50000358e-02  1.07270723e-02
  2.53192616e+00  4.79124818e-03]
coords node9 = [-7.37223879e-01  7.44199885e-02 -1.88094747e-02 -3.09686183e-04
  8.14844468e-05 -8.23300056e-01]
solution of generalContactFrictionTest= 12.02433005842705
refsol= 12.030182715125177
tol= 3e-11
******************************************
  TESTMODEL 41 ("generalContactFrictionTests.py") *FAILED*
  RESULT = 12.02433005842705
  ERROR = -0.005852656698126069
******************************************


******************************************
  START TESTMODEL 42 ("generalContactSpheresTest.py"):
******************************************
create mass 0
generalContactSpheresTest: create bodies: 0.016077041625976562 seconds
treesize= 8000
generalContactSpheresTest: gContact: 0.00048089027404785156 seconds
finish gContact
+++++++++++++++++++++++++++++++
EXUDYN V1.10.0 solver: explicit time integration (ExplicitEuler)
STEP500, t = 0.1s, timeToGo = 0s, Nit/step = 0
Solver terminated successfully after 0.237481 seconds.
====================
CPU-time statistics:
  total time   = 0.237 seconds
  measured time= 0.236 seconds (=99.6%) 
  non-zero timer [__ sub-timer]:
  newtonIncrement   = 0.324%
  integrationFormula= 0.112%
  ODE2RHS           = 98.9%
  writeSolution     = 0.618%
  overhead          = 0.0817%
  visualization/user= 0.00715%
special timers:
  Contact:BoundingBoxes = 0.022988s (9.72%)
  Contact:SearchTree = 0.012358s (5.23%)
  Contact:Overall = 0.207s (87.5%)

u = [ 0.11531681 -0.26257086 -0.96660072]
solution of generalContactSpheresTest= -1.1138547720256646
refsol= -1.1138547720263323
tol= 3e-11
******************************************
  TESTMODEL 42 ("generalContactSpheresTest.py") FINISHED SUCCESSFUL
  RESULT = -1.1138547720256646
  ERROR = 6.676881270095691e-13
******************************************


******************************************
  START TESTMODEL 43 ("genericJointUserFunctionTest.py"):
******************************************
+++++++++++++++++++++++++++++++
EXUDYN V1.10.0 solver: implicit second order time integration
STEP500, t = 2.5s, timeToGo = 0s, Nit/step = 7.578
Solver terminated successfully after 0.0650483 seconds.
pos= [0.23743829 0.6528568  0.30194331]
solution of GenericJointTest= 1.192238396756281
refsol= 1.1922383967562884
tol= 3e-11
******************************************
  TESTMODEL 43 ("genericJointUserFunctionTest.py") FINISHED SUCCESSFUL
  RESULT = 1.192238396756281
  ERROR = -7.327471962526033e-15
******************************************


******************************************
  START TESTMODEL 44 ("genericODE2test.py"):
******************************************
+++++++++++++++++++++++++++++++
EXUDYN V1.10.0 solver: implicit second order time integration
STEP2000, t = 1s, timeToGo = 0s, Nit/step = 1
Solver terminated successfully after 0.0445427 seconds.
solution of genericODE2test= 0.036045463498920294
refsol= 0.036045463499024655
tol= 3e-11
******************************************
  TESTMODEL 44 ("genericODE2test.py") FINISHED SUCCESSFUL
  RESULT = 0.036045463498920294
  ERROR = -1.0436096431476471e-13
******************************************


******************************************
  START TESTMODEL 45 ("geneticOptimizationTest.py"):
******************************************
--- 0.003994941711425781 seconds ---
[pOpt, vOpt]= [{'mass': 2.532848072009533, 'spring': 6921.681730138393, 'force': 217.16911303068966}, np.float64(0.0030262381366063127)]
optimum= 0.0030262381366063127
geneticOptimizationTest testResult= 0.10117518366826606
geneticOptimizationTest error= 2.47198095326695e-17
refsol= 0.10117518366826603
tol= 3e-11
******************************************
  TESTMODEL 45 ("geneticOptimizationTest.py") FINISHED SUCCESSFUL
  RESULT = 0.10117518366826606
  ERROR = 2.7755575615628914e-17
******************************************


******************************************
  START TESTMODEL 46 ("geometricallyExactBeam2Dtest.py"):
******************************************
n0= [0. 0. 0.]
p= [0.04419417 0.04419417 0.        ]
+++++++++++++++++++++++++++++++
EXUDYN V1.10.0 solver: nonlinear static solver
STEP10, factor = 1, timeToGo = 0s, Nit/step = 4.3
Solver terminated successfully after 0.00169479 seconds.
n = 16 , uTip = [-1.19715078 -2.21150284]
+++++++++++++++++++++++++++++++
EXUDYN V1.10.0 solver: nonlinear static solver
STEP10, factor = 1, timeToGo = 0s, Nit/step = 4.3
Solver terminated successfully after 0.0015025 seconds.
n = 16 , uTip = [-1.19715078 -2.21150284]
solution of geometricallyExactBeam2Dtest= -2.2115028353806614
refsol= -2.2115028353806547
tol= 3e-11
******************************************
  TESTMODEL 46 ("geometricallyExactBeam2Dtest.py") FINISHED SUCCESSFUL
  RESULT = -2.2115028353806614
  ERROR = -6.661338147750939e-15
******************************************


******************************************
  START TESTMODEL 47 ("geometricallyExactBeamTest.py"):
******************************************
case= 0 CantileverLinear2011
ne= 8 , ux= 1.8764659426295793e-07 , uy= 0.0008068840238244314
ne= 8 , ux= 0.1501689511868154 , uy= 0.7082974219968234
ne= 8 , u= [np.float64(-0.00010943825970310961), np.float64(-0.00018866092698509903), np.float64(-0.018117408242732922)]
ne= 8 , beta= 45.0 , u= [-0.014319  -0.0089257  0.1086972]
ne= 8 , beta= 45.0 , u= [-0.0302598 -0.0155055  0.1561971]
Solution of geometricallyExactBeamTest= 1.0128209428598964
refsol= 1.0128209428598958
tol= 3e-11
******************************************
  TESTMODEL 47 ("geometricallyExactBeamTest.py") FINISHED SUCCESSFUL
  RESULT = 1.0128209428598964
  ERROR = 6.661338147750939e-16
******************************************


******************************************
  START TESTMODEL 48 ("gridGeomExactBeam2D.py"):
******************************************
+++++++++++++++++++++++++++++++
EXUDYN V1.10.0 solver: implicit second order time integration
STEP100, t = 0.1s, timeToGo = 0s, Nit/step = 7.2
Solver terminated successfully after 0.0175531 seconds.
grid = (16, 4) , uTip = [-0.1474196  -1.58279657]
solution of gridGeomExactBeam2D= -1.5827965743262553
refsol= -1.582796574326255
tol= 3e-11
******************************************
  TESTMODEL 48 ("gridGeomExactBeam2D.py") FINISHED SUCCESSFUL
  RESULT = -1.5827965743262553
  ERROR = -2.220446049250313e-16
******************************************


******************************************
  START TESTMODEL 49 ("heavyTop.py"):
******************************************
+++++++++++++++++++++++++++++++
EXUDYN V1.10.0 solver: implicit second order time integration
STEP2000, t = 0.2s, timeToGo = 0s, Nit/step = 2.8585
Solver terminated successfully after 0.0482559 seconds.
sol= [ 0.          0.          0.         -0.70824157  0.43878143  0.54578152
  0.08937154  0.          0.          0.         29.86975963 -0.76834816
 -1.00284191]
solution of heavy top = 33.42312575172688
refsol= 33.42312575174431
tol= 3e-11
******************************************
  TESTMODEL 49 ("heavyTop.py") FINISHED SUCCESSFUL
  RESULT = 33.42312575172688
  ERROR = -1.7429613308195258e-11
******************************************


******************************************
  START TESTMODEL 50 ("hydraulicActuatorSimpleTest.py"):
******************************************
+++++++++++++++++++++++++++++++
EXUDYN V1.10.0 solver: implicit second order time integration
STEP400, t = 0.4s, timeToGo = 0s, Nit/step = 2.405
Solver terminated successfully after 0.00210908 seconds.
Solver iteration statistics:
total number of steps:        400
total number of Newton iterations: 962
total number of Newton Jacobians:  1
hydraulics C++:
pressures= [6443407.76152317 2988633.30906245]
velocity= [-0.00506708  0.20480658  0.        ]
solution of hydraulicActuatorSimpleTest = 7.130440021870298
refsol= 7.130440021870293
tol= 3e-11
******************************************
  TESTMODEL 50 ("hydraulicActuatorSimpleTest.py") FINISHED SUCCESSFUL
  RESULT = 7.130440021870298
  ERROR = 4.440892098500626e-15
******************************************


******************************************
  START TESTMODEL 51 ("jointArgsTest.py"):
******************************************
+++++++++++++++++++++++++++++++
EXUDYN V1.10.0 solver: implicit second order time integration
STEP250, t = 0.5s, timeToGo = 0s, Nit/step = 7.2
Solver terminated successfully after 0.0119013 seconds.
uTotal= 0.004269049550076076
refsol= 0.004269049550098547
tol= 3e-11
******************************************
  TESTMODEL 51 ("jointArgsTest.py") FINISHED SUCCESSFUL
  RESULT = 0.004269049550076076
  ERROR = -2.247074054606557e-14
******************************************


******************************************
  START TESTMODEL 52 ("kinematicTreeAndMBStest.py"):
******************************************
+++++++++++++++++++++++++++++++
EXUDYN V1.10.0 solver: implicit second order time integration
STEP500, t = 0.5s, timeToGo = 0s, Nit/step = 7.336
Solver terminated successfully after 0.0502481 seconds.
Solver iteration statistics:
total number of steps:        500
total number of Newton iterations: 3668
total number of Newton Jacobians:  32
sensor MBS 0= [np.float64(0.09649755382210255), np.float64(0.2), np.float64(0.3)]
sensor KT 0 = [np.float64(0.09649755964889589), np.float64(0.2), np.float64(0.3)]
sensor MBS 1= [np.float64(-0.03649986322774925), np.float64(-2.6663123260782787e-21), np.float64(-5.877328465896714e-20)]
sensor KT 1 = [np.float64(-0.036589024032174663), np.float64(0.0), np.float64(0.0)]
sensor MBS 2= [np.float64(4.343389825573673), np.float64(-1.5195634857163818), np.float64(6.546216474288782e-19)]
sensor KT 2 = [np.float64(4.3443704285388955), np.float64(-1.5199923515106832), np.float64(0.0)]
sensor MBS 3= [np.float64(-4.871588837104726), np.float64(11.575511480525527), np.float64(9.572785766324573)]
sensor KT 3 = [np.float64(-4.8710822096676045), np.float64(11.574798311096707), np.float64(9.57337070436662)]
sensor MBS 4= [np.float64(0.40968772041626145), np.float64(0.5407346039059951), np.float64(-0.05573397705901878)]
sensor KT 4 = [np.float64(0.4096863782967393), np.float64(0.5407251680994511), np.float64(-0.05572705501765379)]
sensor MBS 5= [np.float64(-0.1293128290834592), np.float64(0.7769427592762101), np.float64(0.9383230151461579)]
sensor KT 5 = [np.float64(-0.12930401977404382), np.float64(0.7769439243217635), np.float64(0.9383506256106615)]
sensor MBS 6= [np.float64(0.9828403825909848), np.float64(-3.5208856788296696), np.float64(-0.46080266227877864)]
sensor KT 6 = [np.float64(0.9827936303138639), np.float64(-3.520942263370726), np.float64(-0.4606867367813114)]
sensor MBS 7= [np.float64(-9.76233147798407), np.float64(-1.2803761283845247), np.float64(-9.967031406616112)]
sensor KT 7 = [np.float64(-9.762063351236945), np.float64(-1.2802252295518028), np.float64(-9.966992566925384)]
sensor MBS 8= [np.float64(0.062345809919175134), np.float64(-0.058693327882905356), np.float64(-14.00988444170383)]
sensor KT 8 = [np.float64(0.062488139584258605), np.float64(-0.05879655347456335), np.float64(-14.009655118481724)]
sensor MBS 9= [np.float64(-7.2301226488002115), np.float64(-28.75119167804269), np.float64(20.003568297392746)]
sensor KT 9 = [np.float64(-7.230364341111993), np.float64(-28.751314540872574), np.float64(20.00413559027465)]
sensor MBS 10= [np.float64(-14.727606501745623), np.float64(-0.7291539391821187), np.float64(-35.429776541953295)]
sensor KT 10 = [np.float64(-14.725446877365627), np.float64(-0.7262283175769949), np.float64(-35.432831575055374)]
solution of kinematicTreeAndMBStest 1= 257.10800686165186
+++++++++++++++++++++++++++++++
EXUDYN V1.10.0 solver: implicit second order time integration
STEP500, t = 0.5s, timeToGo = 0s, Nit/step = 6.694
Solver terminated successfully after 0.0784652 seconds.
sensor MBS 0= [0.22016409 1.41968647 0.        ]
sensor KT 0 = [0.22016733 1.41968519 0.        ]
solution of kinematicTreeAndMBStest 2= 2.8733122322303624
+++++++++++++++++++++++++++++++
EXUDYN V1.10.0 solver: implicit second order time integration
STEP250, t = 0.25s, timeToGo = 0s, Nit/step = 6.508
Solver terminated successfully after 0.10364 seconds.
sensor MBS 0= [-0.56035361  1.86769344  0.        ]
sensor KT 0 = [-0.56035363  1.86769408  0.        ]
solution of kinematicTreeAndMBStest 3= 3.899885210580198
solution of kinematicTreeAndMBStest all= 2.638812043044624e-05
refsol= 2.6388120463802767e-05
tol= 3e-11
******************************************
  TESTMODEL 52 ("kinematicTreeAndMBStest.py") FINISHED SUCCESSFUL
  RESULT = 2.638812043044624e-05
  ERROR = -3.335652676923935e-14
******************************************


******************************************
  START TESTMODEL 53 ("kinematicTreeConstraintTest.py"):
******************************************
+++++++++++++++++++++++++++++++
EXUDYN V1.10.0 solver: implicit second order time integration
STEP125, t = 0.5s, timeToGo = 0s, Nit/step = 8.2
Solver terminated successfully after 0.0259004 seconds.
sensor MBS 0= [ 0.77858018 -0.46489694  0.        ]
sensor KT 0 = [ 0.77853324 -0.46490618  0.        ]
solution of kinematicTreeConstraintTest= 1.8135975384620413
refsol= 1.8135975384620484
tol= 3e-11
******************************************
  TESTMODEL 53 ("kinematicTreeConstraintTest.py") FINISHED SUCCESSFUL
  RESULT = 1.8135975384620413
  ERROR = -7.105427357601002e-15
******************************************


******************************************
  START TESTMODEL 54 ("kinematicTreeTest.py"):
******************************************
+++++++++++++++++++++++++++++++
EXUDYN V1.10.0 solver: explicit time integration (RK44)
STEP200, t = 1s, timeToGo = 0s, Nit/step = 0
Solver terminated successfully after 0.00220279 seconds.
coordinates= [-1.31995028 -0.03667128 -0.0406166  -0.60654163  0.69439583]
solution of genericODE2test= -1.3093839602164088
refsol= -1.309383960216414
tol= 3e-11
******************************************
  TESTMODEL 54 ("kinematicTreeTest.py") FINISHED SUCCESSFUL
  RESULT = -1.3093839602164088
  ERROR = 5.10702591327572e-15
******************************************


******************************************
  START TESTMODEL 55 ("laserScannerTest.py"):
******************************************
+++++++++++++++++++++++++++++++
EXUDYN V1.10.0 solver: implicit second order time integration
STEP250, t = 0.5s, timeToGo = 0s, Nit/step = 16.88
Solver terminated successfully after 0.181377 seconds.
solution of mecanumWheelRollingDiscTest= 2.6950644437682816
refsol= 2.695064443768281
tol= 3e-11
******************************************
  TESTMODEL 55 ("laserScannerTest.py") FINISHED SUCCESSFUL
  RESULT = 2.6950644437682816
  ERROR = 4.440892098500626e-16
******************************************


******************************************
  START TESTMODEL 56 ("linearFEMgenericODE2.py"):
******************************************
nodesLeftPlane [160, 161, 162, 163, 164, 165, 166, 167, 168, 169, 170, 171, 172, 173, 174, 175]
nodesRightPlane [0, 1, 2, 3, 4, 5, 6, 7, 8, 9, 10, 11, 12, 13, 14, 15]
+++++++++++++++++++++++++++++++
EXUDYN V1.10.0 solver: implicit second order time integration
STEP10, t = 0.1s, timeToGo = 2.94709e-17s, Nit/step = 1
Solver terminated successfully after 0.212391 seconds.
====================
CPU-time statistics:
  total time   = 0.212 seconds
  measured time= 0.212 seconds (=100%) 
  non-zero timer [__ sub-timer]:
  factorization     = 1.26%
  newtonIncrement   = 0.206%
  integrationFormula= 0.00463%
  ODE2RHS           = 1.84%
  ODE1RHS           = 0.000373%
  AERHS             = 0.108%
  totalJacobian     = 96.2%
  __jacobianODE2    = 96.2%
  __jacobianODE1    = 0.000372%
  __jacobianAE      = 0.0169%
  massMatrix        = 0.00171%
  reactionForces    = 0.335%
  Python          = 0.000177%
  writeSolution     = 0.000824%
  overhead          = 0.0185%
  visualization/user= 0.000412%
uTip= [np.float64(-0.06836115476416538), np.float64(-0.3815970068999967), np.float64(0.00018486213838612967)]
solution of linearFEMgenericODE2= 0.3876719712975604
refsol= 0.3876719712975609
tol= 3e-11
******************************************
  TESTMODEL 56 ("linearFEMgenericODE2.py") FINISHED SUCCESSFUL
  RESULT = 0.3876719712975604
  ERROR = -4.996003610813204e-16
******************************************


******************************************
  START TESTMODEL 57 ("loadUserFunctionTest.py"):
******************************************
CASE: PythonUserFunction
+++++++++++++++++++++++++++++++
EXUDYN V1.10.0 solver: explicit time integration (RK44)
STEP2000, t = 10s, timeToGo = 0s, Nit/step = 0
Solver terminated successfully after 0.0137167 seconds.
CASE: SymbolicUserFunction
load user function:   (cos((12.5664 * t)) * loadVector)
+++++++++++++++++++++++++++++++
EXUDYN V1.10.0 solver: explicit time integration (RK44)
STEP2000, t = 10s, timeToGo = 0s, Nit/step = 0
Solver terminated successfully after 0.00361821 seconds.
result of loadUserFunctionTest= 1.8051173706570742
refsol= 1.8051173706570725
tol= 3e-11
******************************************
  TESTMODEL 57 ("loadUserFunctionTest.py") FINISHED SUCCESSFUL
  RESULT = 1.8051173706570742
  ERROR = 1.7763568394002505e-15
******************************************


******************************************
  START TESTMODEL 58 ("LShapeGeomExactBeam2D.py"):
******************************************
+++++++++++++++++++++++++++++++
EXUDYN V1.10.0 solver: nonlinear static solver
STEP10, factor = 1, timeToGo = 0s, Nit/step = 4.9
Solver terminated successfully after 0.00113229 seconds.
uTip = [ 0.85895237 -0.91814745]
solution of LShapeGeomExactBeam2D= -0.9181474511543876
refsol= -0.9181474511543884
tol= 3e-11
******************************************
  TESTMODEL 58 ("LShapeGeomExactBeam2D.py") FINISHED SUCCESSFUL
  RESULT = -0.9181474511543876
  ERROR = 8.881784197001252e-16
******************************************


******************************************
  START TESTMODEL 59 ("mainSystemExtensionsTests.py"):
******************************************
solution of mainSystemExtensions test MP= 10.418464378208578
solution of mainSystemExtensions test RB= 10.494301123181476
WARNING: bodyList in MainSystem Create functions is deprecated; use bodyNumbers instead!
solution of mainSystemExtensions test SD= 0.12013162200850873
WARNING: bodyList in MainSystem Create functions is deprecated; use bodyNumbers instead!
solution of mainSystemExtensions test CSD= 1.1454252616300962
solution of mainSystemExtensions test RJ= 0.02140306132447507
solution of mainSystemExtensions test PJ= 11.61999999999991
solution of mainSystemExtensions test SJ= 1.2067248842335279
solution of mainSystemExtensions test GJ= 1.4291626567212907
WARNING: bodyList in MainSystem Create functions is deprecated; use bodyNumbers instead!
solution of mainSystemExtensions test LinEig= 10.024968827881711
numpy, networkx and matplotlib required for DrawSystemGraph(...); skipping test
solution of mainSystemExtensions test DOF= 9
WARNING: bodyList in MainSystem Create functions is deprecated; use bodyNumbers instead!
solution of mainSystemExtensions test DC= 2.1658126542262717
solution of mainSystemExtensions TOTAL= 57.64639446941584
refsol= 57.64639446941554
tol= 3e-11
******************************************
  TESTMODEL 59 ("mainSystemExtensionsTests.py") FINISHED SUCCESSFUL
  RESULT = 57.64639446941584
  ERROR = 2.984279490192421e-13
******************************************


******************************************
  START TESTMODEL 60 ("mainSystemUserFunctionsTest.py"):
******************************************
+++++++++++++++++++++++++++++++
EXUDYN V1.10.0 solver: implicit second order time integration
STEP2000, t = 2s, timeToGo = 0s, Nit/step = 1
Solver terminated successfully after 0.00301075 seconds.
Solver iteration statistics:
total number of steps:        2000
total number of Newton iterations: 2000
total number of Newton Jacobians:  2000
displacement= 0.09611534359017515 -0.015591500757842158 -0.0010983778816513936
+++++++++++++++++++++++++++++++
EXUDYN V1.10.0 solver: implicit second order time integration
STEP2000, t = 2s, timeToGo = 0s, Nit/step = 1
Solver terminated successfully after 0.00562892 seconds.
Solver iteration statistics:
total number of steps:        2000
total number of Newton iterations: 2000
total number of Newton Jacobians:  2000
displacement= 7.850824817487518 -4.494285538449634 -0.0010983778816513936
+++++++++++++++++++++++++++++++
EXUDYN V1.10.0 solver: implicit second order time integration
STEP2000, t = 2s, timeToGo = 0s, Nit/step = 1
Solver terminated successfully after 0.014543 seconds.
Solver iteration statistics:
total number of steps:        2000
total number of Newton iterations: 2000
total number of Newton Jacobians:  2000
displacement= 0.31032430947506007 0.24578354326860638 -0.0010983778816513936
+++++++++++++++++++++++++++++++
EXUDYN V1.10.0 solver: implicit second order time integration
STEP2000, t = 2s, timeToGo = 0s, Nit/step = 1
Solver terminated successfully after 0.0269557 seconds.
Solver iteration statistics:
total number of steps:        2000
total number of Newton iterations: 2000
total number of Newton Jacobians:  2000
displacement= 0.09611534359017515 -0.015591500757842158 -0.0010983778816513975
mainSystemUserFunctionsTest solution= 4.069301305919611
refsol= 4.069301305919624
tol= 3e-11
******************************************
  TESTMODEL 60 ("mainSystemUserFunctionsTest.py") FINISHED SUCCESSFUL
  RESULT = 4.069301305919611
  ERROR = -1.3322676295501878e-14
******************************************


******************************************
  START TESTMODEL 61 ("manualExplicitIntegrator.py"):
******************************************


++++++++++++++++++++++++++
Start EXUDYN version 1.10.0

load f=12.937500000000005
EI=17.250000000000007
+++++++++++++++++++++++++++++++
EXUDYN V1.10.0 solver: nonlinear static solver
ev= 2.280183538481944
Solver terminated unsuccessfully after 0 seconds.
+++++++++++++++++++++++++++++++
EXUDYN V1.10.0 solver: implicit second order time integration
STEP5000, t = 0.05s, timeToGo = 0s, Nit/step = 0
Solver terminated successfully after 0.0764916 seconds.
uy= -0.22048490878964955
testResult= 2.0596986296922943
refsol= 2.059698629692295
tol= 3e-11
******************************************
  TESTMODEL 61 ("manualExplicitIntegrator.py") FINISHED SUCCESSFUL
  RESULT = 2.0596986296922943
  ERROR = -4.440892098500626e-16
******************************************


******************************************
  START TESTMODEL 62 ("matrixContainerTest.py"):
******************************************
[[13.3  0.   0. ]
 [ 0.   4.2 42. ]]
mc= [[1.5 0.  0. ]
 [0.  1.5 0. ]
 [0.  0.  1. ]]
mc= [[1. 2.]
 [3. 4.]
 [0. 0.]
 [0. 0.]]
solution of matrixContainerTest= 56.5
refsol= 56.5
tol= 3e-11
******************************************
  TESTMODEL 62 ("matrixContainerTest.py") FINISHED SUCCESSFUL
  RESULT = 56.5
  ERROR = 0.0
******************************************


******************************************
  START TESTMODEL 63 ("mecanumWheelRollingDiscTest.py"):
******************************************
solution of mecanumWheelRollingDiscTest= 0.27142672383243427
refsol= 0.2714267238324343
tol= 3e-11
******************************************
  TESTMODEL 63 ("mecanumWheelRollingDiscTest.py") FINISHED SUCCESSFUL
  RESULT = 0.27142672383243427
  ERROR = -5.551115123125783e-17
******************************************


******************************************
  START TESTMODEL 64 ("NGsolveCMStest.py"):
******************************************
NGsolve not installed; trying to load mesh
NGsolveCMStest: import of h5py failed; to test, requires to pip install h5py
+++++++++++++++++++++++++++++++
EXUDYN V1.10.0 solver: implicit second order time integration
STEP100, t = 0.1s, timeToGo = 0s, Nit/step = 4.86
Solver terminated successfully after 0.004927 seconds.
====================
CPU-time statistics:
  total time   = 0.00493 seconds
  measured time= 0.00473 seconds (=95.9%) 
  non-zero timer [__ sub-timer]:
  factorization     = 0.555%
  newtonIncrement   = 1.75%
  integrationFormula= 0.788%
  ODE2RHS           = 15.7%
  ODE1RHS           = 0.427%
  AERHS             = 22.6%
  totalJacobian     = 3.03%
  __jacobianODE2    = 2.5%
  __jacobianODE1    = 0.0132%
  __jacobianAE      = 0.456%
  massMatrix        = 12.7%
  reactionForces    = 41.9%
  Python          = 0.00882%
  writeSolution     = 0.286%
  overhead          = 0.175%
  visualization/user= 0.109%
nModes= 4 , tip displacement= [-0.00687419 -0.06919086  0.00032172]
solution of NGsolveCMStest= 0.06953224923173512
refsol= 0.06953224923173523
tol= 3e-11
******************************************
  TESTMODEL 64 ("NGsolveCMStest.py") FINISHED SUCCESSFUL
  RESULT = 0.06953224923173512
  ERROR = -1.1102230246251565e-16
******************************************


******************************************
  START TESTMODEL 65 ("objectFFRFreducedOrderAccelerations.py"):
******************************************
+++++++++++++++++++++++++++++++
EXUDYN V1.10.0 solver: implicit second order time integration
STEP10, t = 0.001s, timeToGo = 0s, Nit/step = 7.4
Solver terminated successfully after 0.0182386 seconds.
solution of ObjectFFRFreducedOrderAccelerations= 61579.77747561368
ObjectFFRFreducedOrderAccelerations test result= 0.10000570245887458
refsol= 0.1000057024588858
tol= 3e-11
******************************************
  TESTMODEL 65 ("objectFFRFreducedOrderAccelerations.py") FINISHED SUCCESSFUL
  RESULT = 0.10000570245887458
  ERROR = -1.1227130336521896e-14
******************************************


******************************************
  START TESTMODEL 66 ("objectFFRFreducedOrderTest.py"):
******************************************
+++++++++++++++++++++++++++++++
EXUDYN V1.10.0 solver: implicit second order time integration
STEP100, t = 0.01s, timeToGo = 0s, Nit/step = 7.99
Solver terminated successfully after 0.0144645 seconds.
solution of ObjectFFRFreducedOrder= 0.5355233268063918
refsol= 0.0053552332680605694
tol= 3e-11
******************************************
  TESTMODEL 66 ("objectFFRFreducedOrderTest.py") FINISHED SUCCESSFUL
  RESULT = 0.005355233268063918
  ERROR = 3.348883670373226e-15
******************************************


******************************************
  START TESTMODEL 67 ("objectFFRFTest.py"):
******************************************
nodes size= (115, 3)
elements size= (48, 8)
nNodes= 115 , nODE2= 345
eigenvalues = [np.float64(3.3758828124312964e-05), np.float64(3.6166099076092774e-05), np.float64(3.679242330447107e-05), np.float64(4.408849761734753e-05), np.float64(4.646580226874439e-05), np.float64(4.9648407361438306e-05), np.float64(104.38283651620112), np.float64(104.61719002455465), np.float64(187.80080789124986), np.float64(212.283542264055), np.float64(224.18335038650116), np.float64(237.7642409002527), np.float64(284.0318283421725), np.float64(284.1686514704356), np.float64(394.1400845378548), np.float64(394.504168299719), np.float64(405.47173299626667), np.float64(406.4219361063571)]
+++++++++++++++++++++++++++++++
EXUDYN V1.10.0 solver: implicit second order time integration
STEP10, t = 0.001s, timeToGo = 0s, Nit/step = 5.4
Solver terminated successfully after 0.75639 seconds.
solution of ObjectFFRF= 0.0064600108120837834
refsol= 0.0064600108120842666
tol= 3e-11
******************************************
  TESTMODEL 67 ("objectFFRFTest.py") FINISHED SUCCESSFUL
  RESULT = 0.0064600108120837834
  ERROR = -4.831204880595408e-16
******************************************


******************************************
  START TESTMODEL 68 ("objectFFRFTest2.py"):
******************************************
+++++++++++++++++++++++++++++++
EXUDYN V1.10.0 solver: implicit second order time integration
STEP25, t = 0.0025s, timeToGo = 1.90588e-16s, Nit/step = 7.32
Solver terminated successfully after 0.820398 seconds.
solution of ObjectFFRFtest2= 0.035521880690178434
refsol= 0.03552188069017914
tol= 3e-11
******************************************
  TESTMODEL 68 ("objectFFRFTest2.py") FINISHED SUCCESSFUL
  RESULT = 0.035521880690178434
  ERROR = -7.077671781985373e-16
******************************************


******************************************
  START TESTMODEL 69 ("objectGenericODE2Test.py"):
******************************************
eigen freq.= [  0.      57.6318  57.6318 132.5577 132.5577 136.3306 187.8241 212.3297
 231.9987 231.9987 238.6879 261.7874 401.3941 401.3941]
eigen freq. first mode = 57.6317863976526
excitation node= 112
nMid= 110
nTopMid= 103
+++++++++++++++++++++++++++++++
EXUDYN V1.10.0 solver: implicit second order time integration
STEP50, t = 0.05s, timeToGo = 0s, Nit/step = 3.18
Solver terminated successfully after 0.186035 seconds.
solution of ObjectGenericODE2= -2.3163788974355003e-05
refsol= -2.316378897486015e-05
tol= 3e-11
******************************************
  TESTMODEL 69 ("objectGenericODE2Test.py") FINISHED SUCCESSFUL
  RESULT = -2.3163788974355003e-05
  ERROR = 5.051467328199416e-16
******************************************


******************************************
  START TESTMODEL 70 ("PARTS_ATEs_moving.py"):
******************************************
+++++++++++++++++++++++++++++++
EXUDYN V1.10.0 solver: implicit second order time integration
STEP50, t = 0.05s, timeToGo = 0s, Nit/step = 2
Solver terminated successfully after 0.210441 seconds.
Solver iteration statistics:
total number of steps:        50
total number of Newton iterations: 100
total number of Newton Jacobians:  100
uy= 0.44656762760262064
refsol= 0.44656762760262214
tol= 3e-11
******************************************
  TESTMODEL 70 ("PARTS_ATEs_moving.py") FINISHED SUCCESSFUL
  RESULT = 0.44656762760262064
  ERROR = -1.4988010832439613e-15
******************************************


******************************************
  START TESTMODEL 71 ("pendulumFriction.py"):
******************************************
mass= 2.5
+++++++++++++++++++++++++++++++
EXUDYN V1.10.0 solver: implicit second order time integration
STEP4000, t = 0.4s, timeToGo = 0s, Nit/step = 1.55975
Solver terminated successfully after 0.0613078 seconds.
p0= [ 0.11878348 -0.38195612  0.        ]
p0= [ 0.11878348 -0.38195612  0.        ] (marker)
solution of pendulumFriction= 0.3999999877698228
refsol= 0.39999998776982304
tol= 3e-11
******************************************
  TESTMODEL 71 ("pendulumFriction.py") FINISHED SUCCESSFUL
  RESULT = 0.3999999877698228
  ERROR = -2.220446049250313e-16
******************************************


******************************************
  START TESTMODEL 72 ("pickleCopyMbs.py"):
******************************************
h5py not available; skipping HDF5 test
+++++++++++++++++++++++++++++++
EXUDYN V1.10.0 solver: implicit second order time integration
STEP1000, t = 1s, timeToGo = 0s, Nit/step = 7.37
Solver terminated successfully after 0.031827 seconds.
uTotal= 0.2583013564103526
refsol= 0.2583013564103496
tol= 3e-11
******************************************
  TESTMODEL 72 ("pickleCopyMbs.py") FINISHED SUCCESSFUL
  RESULT = 0.2583013564103526
  ERROR = 2.9976021664879227e-15
******************************************


******************************************
  START TESTMODEL 73 ("plotSensorTest.py"):
******************************************
+++++++++++++++++++++++++++++++
EXUDYN V1.10.0 solver: implicit second order time integration
STEP100, t = 1s, timeToGo = 0s, Nit/step = 6.13
Solver terminated successfully after 0.00182908 seconds.
remove file: solution/plotSensorLoad.txt
remove file: solution/plotSensorNode.txt
remove file: solution/plotSensorNodeRotation.txt
remove file: solution/plotSensorBody.txt
remove file: solution/plotSensorObject.txt
remove file: solution/plotSensorMarker.txt
refsol= 1
tol= 3e-11
******************************************
  TESTMODEL 73 ("plotSensorTest.py") FINISHED SUCCESSFUL
  RESULT = 1
  ERROR = 0
******************************************


******************************************
  START TESTMODEL 74 ("postNewtonStepContactTest.py"):
******************************************
EXUDYN version=1.10.0
+++++++++++++++++++++++++++++++
EXUDYN V1.10.0 solver: implicit second order time integration
STEP181, t = 0.5s, timeToGo = 0s, Nit/step = 1.53591
Solver terminated successfully after 0.00386308 seconds.
Solver iteration statistics:
total number of steps:        181
total number of Newton iterations: 278
total number of Newton Jacobians:  278
postNewtonStepContactTest= 0.057286638346409235
refsol= 0.057286638346409235
tol= 3e-11
******************************************
  TESTMODEL 74 ("postNewtonStepContactTest.py") FINISHED SUCCESSFUL
  RESULT = 0.057286638346409235
  ERROR = 0.0
******************************************


******************************************
  START TESTMODEL 75 ("reevingSystemSpringsTest.py"):
******************************************
+++++++++++++++++++++++++++++++
EXUDYN V1.10.0 solver: implicit second order time integration
STEP200, t = 2s, timeToGo = 0s, Nit/step = 6.255
Solver terminated successfully after 0.0111125 seconds.
solution of ReevingSystemSprings= 2.215557571743303
refsol= 2.2155575717433007
tol= 3e-11
******************************************
  TESTMODEL 75 ("reevingSystemSpringsTest.py") FINISHED SUCCESSFUL
  RESULT = 2.215557571743303
  ERROR = 2.220446049250313e-15
******************************************


******************************************
  START TESTMODEL 76 ("revoluteJointPrismaticJointTest.py"):
******************************************
+++++++++++++++++++++++++++++++
EXUDYN V1.10.0 solver: implicit second order time integration
STEP250, t = 0.25s, timeToGo = 0s, Nit/step = 6.46
Solver terminated successfully after 0.0163987 seconds.
u0= [-0.091739   -0.34905059  0.16378972] , rot0= [-0.00912885 -0.28756518  0.35260735]
solution of revoluteJointprismaticJointTest= 1.2538806799256013
refsol= 1.2538806799249342
tol= 3e-11
******************************************
  TESTMODEL 76 ("revoluteJointPrismaticJointTest.py") FINISHED SUCCESSFUL
  RESULT = 1.2538806799256013
  ERROR = 6.67021993194794e-13
******************************************


******************************************
  START TESTMODEL 77 ("rigidBody2Dtest.py"):
******************************************
+++++++++++++++++++++++++++++++
EXUDYN V1.10.0 solver: implicit second order time integration
STEP400, t = 0.4s, timeToGo = 0s, Nit/step = 6.5275
Solver terminated successfully after 0.00516375 seconds.
Solver iteration statistics:
total number of steps:        400
total number of Newton iterations: 2611
total number of Newton Jacobians:  11
phis= -1.1255681257666592 -1.1255719708774663 -1.1255719708774667 , err= 4.440892098500626e-16
coms= [-0.78444738  0.54827598  0.        ] [-0.78444915  0.54827509  0.        ] [-0.78444915  0.54827509  0.        ] , err= [-2.22044605e-16  0.00000000e+00  0.00000000e+00]
solution of rigidBody2Dtest = -0.5055295700922422
refsol= -0.5055295700922415
tol= 3e-11
******************************************
  TESTMODEL 77 ("rigidBody2Dtest.py") FINISHED SUCCESSFUL
  RESULT = -0.5055295700922422
  ERROR = -6.661338147750939e-16
******************************************


******************************************
  START TESTMODEL 78 ("rigidBodyAsUserFunctionTest.py"):
******************************************
M = [[2 0 0]
 [0 2 0]
 [0 0 2]]
J = [[6 0 1]
 [0 1 0]
 [1 0 6]]
<systemData: 
  Number of nodes= 3
  Number of objects = 4
  Number of markers = 4
  Number of loads = 1
  Number of sensors = 0
  Number of ODE2 coordinates = 14
  Number of ODE1 coordinates = 0
  Number of AE coordinates   = 2
  Number of data coordinates   = 0

For details see mbs.systemData, mbs.sys and mbs.variables
>

+++++++++++++++++++++++++++++++
EXUDYN V1.10.0 solver: implicit second order time integration
STEP50, t = 0.05s, timeToGo = 0s, Nit/step = 3
Solver terminated successfully after 0.021614 seconds.
u0= [0.0, 0.0, 0] , rot0= [-2.09660405  0.22104041  2.13552568]
u1= [0.5, 0.0, 0] , rot1= [-2.09660405  0.22104041  2.13552568]
solution of rigidBodyAsUserFunctionTest= 8.95086527155215
refsol= 8.950865271552148
tol= 3e-11
******************************************
  TESTMODEL 78 ("rigidBodyAsUserFunctionTest.py") FINISHED SUCCESSFUL
  RESULT = 8.95086527155215
  ERROR = 1.7763568394002505e-15
******************************************


******************************************
  START TESTMODEL 79 ("rigidBodyCOMtest.py"):
******************************************
AddRigidBody COM= [ 0.4   0.22 -0.35]
inertia6D= [np.float64(14.2725), np.float64(14.0625), np.float64(11.21), np.float64(4.925), np.float64(5.5), np.float64(-1.2000000000000002)]
+++++++++++++++++++++++++++++++
EXUDYN V1.10.0 solver: implicit second order time integration
STEP100, t = 1s, timeToGo = 0s, Nit/step = 7.8
Solver terminated successfully after 0.006368 seconds.
solution of rigidBodyCOMtest= 3.409431467726292
refsol= 3.409431467726291
tol= 3e-11
******************************************
  TESTMODEL 79 ("rigidBodyCOMtest.py") FINISHED SUCCESSFUL
  RESULT = 3.409431467726292
  ERROR = 8.881784197001252e-16
******************************************


******************************************
  START TESTMODEL 80 ("rigidBodySpringDamperIntrinsic.py"):
******************************************
WARNING: bodyList in MainSystem Create functions is deprecated; use bodyNumbers instead!
WARNING: bodyList in MainSystem Create functions is deprecated; use bodyNumbers instead!
WARNING: bodyList in MainSystem Create functions is deprecated; use bodyNumbers instead!
p1= [ 0.16884241 -0.06286121  0.10721368]
p2= [ 0.16884241 -0.06286121  0.10721368]
omega3= [ 5.19166462 -2.72101417 11.37143665]
solution of rigidBodySpringDamperIntrinsic test= 0.5472368463345523
refsol= 0.5472368463500464
tol= 3e-11
******************************************
  TESTMODEL 80 ("rigidBodySpringDamperIntrinsic.py") FINISHED SUCCESSFUL
  RESULT = 0.5472368463345523
  ERROR = -1.5494161509366222e-11
******************************************


******************************************
  START TESTMODEL 81 ("rollingCoinTest.py"):
******************************************
+++++++++++++++++++++++++++++++
EXUDYN V1.10.0 solver: implicit second order time integration
STEP1000, t = 0.5s, timeToGo = 0s, Nit/step = 2.341
Solver terminated successfully after 0.00877967 seconds.
force in rollingCoinTest= [ 0.98865237 -0.2204573   9.84614513]
solution of rollingCoinTest= 1.0634381189344366
refsol= 1.063438118935288
tol= 3e-11
******************************************
  TESTMODEL 81 ("rollingCoinTest.py") FINISHED SUCCESSFUL
  RESULT = 1.0634381189344366
  ERROR = -8.5131901528257e-13
******************************************


******************************************
  START TESTMODEL 82 ("rollingDiscTangentialForces.py"):
******************************************
omegaY= 2.0986106515184435
omegaZ= 3.4976844191974057
necessary torque= 317.09999999999997 , gyro torque= 317.0999999999999
-317.09999999999997
centrifugal force: 396.37499999999994
omega1 x (Theta * omega2) =  317.0999999999999
Mgyro                     =  317.0999999999999
omega1 x (Theta * omega1) =  [   0.    -396.375    0.   ]
-317.09999999999997
Theta * angAcc =  [    0.         -1388.47499978     0.        ]
Theta * angAcc + omega1 x (Theta * omega1) =  [    0.         -1784.84999978     0.        ]
+++++++++++++++++++++++++++++++
EXUDYN V1.10.0 solver: implicit second order time integration
STEP100, t = 0.1s, timeToGo = 0s, Nit/step = 4.27
Solver terminated successfully after 0.108807 seconds.
rollingDiscTangentialForces: F= [-3.96375173e+02  1.00247531e-03  6.37825561e+02]
solution of rollingDiscTangentialForces= 1.0342017363449214
refsol= 1.0342017388721547
tol= 3e-11
******************************************
  TESTMODEL 82 ("rollingDiscTangentialForces.py") *FAILED*
  RESULT = 1.0342017363449214
  ERROR = -2.527233311511168e-09
******************************************


******************************************
  START TESTMODEL 83 ("rollingCoinPenaltyTest.py"):
******************************************
solution of rollingCoinPenaltyTest= 0.03489603106751361
refsol= 0.03489603106689881
tol= 3e-11
******************************************
  TESTMODEL 83 ("rollingCoinPenaltyTest.py") FINISHED SUCCESSFUL
  RESULT = 0.03489603106751361
  ERROR = 6.147998776739882e-13
******************************************


******************************************
  START TESTMODEL 84 ("rotatingTableTest.py"):
******************************************
+++++++++++++++++++++++++++++++
EXUDYN V1.10.0 solver: implicit second order time integration
STEP1000, t = 5s, timeToGo = 0s, Nit/step = 6.708
Solver terminated successfully after 0.0297954 seconds.
Solver iteration statistics:
total number of steps:        1000
total number of Newton iterations: 6708
total number of Newton Jacobians:  33
rotatingTableTest mode 0 = 3.919925059393041
+++++++++++++++++++++++++++++++
EXUDYN V1.10.0 solver: implicit second order time integration
STEP1000, t = 5s, timeToGo = 0s, Nit/step = 7.002
Solver terminated successfully after 0.0279253 seconds.
Solver iteration statistics:
total number of steps:        1000
total number of Newton iterations: 7002
total number of Newton Jacobians:  41
rotatingTableTest mode 1 = 3.9187553156367687
rotatingTableTest= 7.83868037502981
refsol= 7.838680375029869
tol= 3e-11
******************************************
  TESTMODEL 84 ("rotatingTableTest.py") FINISHED SUCCESSFUL
  RESULT = 7.83868037502981
  ERROR = -5.861977570020827e-14
******************************************


******************************************
  START TESTMODEL 85 ("scissorPrismaticRevolute2D.py"):
******************************************
+++++++++++++++++++++++++++++++
EXUDYN V1.10.0 solver: implicit second order time integration
STEP500, t = 10s, timeToGo = 0s, Nit/step = 3.002
Solver terminated successfully after 0.0479491 seconds.
Solver iteration statistics:
total number of steps:        500
total number of Newton iterations: 1501
total number of Newton Jacobians:  1501
uy= 1.1310332041867301
solver.it.newtonStepsCount= 1501
+++++++++++++++++++++++++++++++
EXUDYN V1.10.0 solver: implicit second order time integration
STEP500, t = 10s, timeToGo = 0s, Nit/step = 2.434
Solver terminated successfully after 0.055362 seconds.
Solver iteration statistics:
total number of steps:        500
total number of Newton iterations: 1217
total number of Newton Jacobians:  1217
uy= 1.1246157002348829
solver.it.newtonStepsCount= 1217
refsol= 27.20255648904422
tol= 3e-11
******************************************
  TESTMODEL 85 ("scissorPrismaticRevolute2D.py") FINISHED SUCCESSFUL
  RESULT = 27.20255648904422
  ERROR = 0.0
******************************************


******************************************
  START TESTMODEL 86 ("sensorUserFunctionTest.py"):
******************************************
sensor= 45.0
refsol= 45
tol= 3e-11
******************************************
  TESTMODEL 86 ("sensorUserFunctionTest.py") FINISHED SUCCESSFUL
  RESULT = 45.0
  ERROR = 0.0
******************************************


******************************************
  START TESTMODEL 87 ("serialRobotTest.py"):
******************************************
WARNING: RigidBodyInertia: inertiaTensor does not fulfill triangule inequality! This may lead to unphysical and numerically unstable results!
WARNING: RigidBodyInertia: inertiaTensor does not fulfill triangule inequality! This may lead to unphysical and numerically unstable results!
WARNING: RigidBodyInertia: inertiaTensor does not fulfill triangule inequality! This may lead to unphysical and numerically unstable results!
WARNING: RigidBodyInertia: inertiaTensor does not fulfill triangule inequality! This may lead to unphysical and numerically unstable results!
WARNING: RigidBodyInertia: inertiaTensor does not fulfill triangule inequality! This may lead to unphysical and numerically unstable results!
WARNING: RigidBodyInertia: inertiaTensor does not fulfill triangule inequality! This may lead to unphysical and numerically unstable results!
WARNING: RigidBodyInertia: inertiaTensor does not fulfill triangule inequality! This may lead to unphysical and numerically unstable results!
WARNING: RigidBodyInertia: inertiaTensor does not fulfill triangule inequality! This may lead to unphysical and numerically unstable results!
+++++++++++++++++++++++++++++++
EXUDYN V1.10.0 solver: implicit second order time integration
STEP200, t = 0.2s, timeToGo = 0s, Nit/step = 2.955
Solver terminated successfully after 0.0755856 seconds.
torques at tEnd= 0.7681856909840372
refsol= 0.7681856909852399
tol= 3e-09
******************************************
  TESTMODEL 87 ("serialRobotTest.py") FINISHED SUCCESSFUL
  RESULT = 0.7681856909840372
  ERROR = -1.202704602576432e-12
******************************************


******************************************
  START TESTMODEL 88 ("sliderCrank3Dtest.py"):
******************************************
slider initial position = 0.19999999999999996
vCB len= 0.3
+++++++++++++++++++++++++++++++
EXUDYN V1.10.0 solver: implicit second order time integration
STEP1000, t = 0.2s, timeToGo = 0s, Nit/step = 2
Solver terminated successfully after 0.0524439 seconds.
solution of 3D slidercrank iftomm benchmark= 3.3642761780921893
refsol= 3.3642761780921897
tol= 3e-11
******************************************
  TESTMODEL 88 ("sliderCrank3Dtest.py") FINISHED SUCCESSFUL
  RESULT = 3.3642761780921893
  ERROR = -4.440892098500626e-16
******************************************


******************************************
  START TESTMODEL 89 ("sliderCrankFloatingTest.py"):
******************************************
+++++++++++++++++++++++++++++++
EXUDYN V1.10.0 solver: implicit second order time integration
STEP5000, t = 0.3s, timeToGo = 0s, Nit/step = 6.055
Solver terminated successfully after 0.0727886 seconds.
sol = 0.2948599898874918
+++++++++++++++++++++++++++++++
EXUDYN V1.10.0 solver: implicit second order time integration
STEP5000, t = 0.3s, timeToGo = 0s, Nit/step = 6.0214
Solver terminated successfully after 0.188597 seconds.
sol = 0.296789173491342
solutionSliderCrankIndex2= 0.5916491633788338
refsol= 0.591649163378833
tol= 3e-11
******************************************
  TESTMODEL 89 ("sliderCrankFloatingTest.py") FINISHED SUCCESSFUL
  RESULT = 0.5916491633788338
  ERROR = 7.771561172376096e-16
******************************************


******************************************
  START TESTMODEL 90 ("solverExplicitODE1ODE2test.py"):
******************************************
EXUDYN version=1.10.0
solverExplicitODE1ODE2 err= 3.376793327594788
refsol= 3.3767933275970896
tol= 3e-11
******************************************
  TESTMODEL 90 ("solverExplicitODE1ODE2test.py") FINISHED SUCCESSFUL
  RESULT = 3.376793327594788
  ERROR = -2.3017143746528745e-12
******************************************


******************************************
  START TESTMODEL 91 ("sparseMatrixSpringDamperTest.py"):
******************************************
+++++++++++++++++++++++++++++++
EXUDYN V1.10.0 solver: nonlinear static solver
*********************
Static solver (1 load steps):
*********************

Start steps solving loop

Write initial step to solution file and visualize ...
STEP0, factor = 0, timeToGo = 0s
+++++++++++++++ STEP FINISHED ++++++++++++++

+++++++++++++++ COMPUTE STEP +++++++++++++++
STEP1, factor = 1, step size = 1
  START discontinuous iteration 0:
Newton: initial residual = 0.515994; goals: relTol=1e-08, absTol=1e-10
    NEWTON STEP 1: residual = 660.542: relTol = 1280.14: contr. = 1280.14
    update initial residual with current residual; initial residual = 660.542
    NEWTON STEP 2: residual = 0.0172949: relTol = 2.61829e-05: contr. = 2.61829e-05
    NEWTON STEP 3: residual = 0.00015339: relTol = 2.32219e-07: contr. = 0.00886908
    NEWTON STEP 4: residual = 8.72112e-10: relTol = 1.3203e-12: contr. = 5.68558e-06
  Newton: converged after 4 steps; relative error = 1.3203e-12
  PostNewton step: run with 1 threads
  discontinuous iteration error = 0 (disc.it.=0, error goal = 1 ... REACHED)
STEP1, factor = 1, timeToGo = 0s, Nit/step = 4
+++++++++++++++ STEP FINISHED ++++++++++++++

Solver terminated successfully after 0.186177 seconds.
static tip displacement (y)= -6.779862812271382
+++++++++++++++++++++++++++++++
EXUDYN V1.10.0 solver: nonlinear static solver
*********************
Static solver (1 load steps):
*********************

Start steps solving loop

Write initial step to solution file and visualize ...
STEP0, factor = 0, timeToGo = 0s
+++++++++++++++ STEP FINISHED ++++++++++++++

+++++++++++++++ COMPUTE STEP +++++++++++++++
STEP1, factor = 1, step size = 1
  START discontinuous iteration 0:
Newton: initial residual = 0.515994; goals: relTol=1e-08, absTol=1e-10
    NEWTON STEP 1: residual = 660.542: relTol = 1280.14: contr. = 1280.14
    update initial residual with current residual; initial residual = 660.542
    NEWTON STEP 2: residual = 0.0172949: relTol = 2.61829e-05: contr. = 2.61829e-05
    NEWTON STEP 3: residual = 0.00015339: relTol = 2.32219e-07: contr. = 0.00886909
    NEWTON STEP 4: residual = 7.75562e-10: relTol = 1.17413e-12: contr. = 5.05613e-06
  Newton: converged after 4 steps; relative error = 1.17413e-12
  PostNewton step: run with 1 threads
  discontinuous iteration error = 0 (disc.it.=0, error goal = 1 ... REACHED)
STEP1, factor = 1, timeToGo = 0s, Nit/step = 4
+++++++++++++++ STEP FINISHED ++++++++++++++

Solver terminated successfully after 0.00669967 seconds.
static tip displacement (y)= -6.7798628122713955
refsol= -0.06779862812271394
tol= 3e-11
******************************************
  TESTMODEL 91 ("sparseMatrixSpringDamperTest.py") FINISHED SUCCESSFUL
  RESULT = -0.06779862812271396
  ERROR = -2.7755575615628914e-17
******************************************


******************************************
  START TESTMODEL 92 ("sphereTriangleTest.py"):
******************************************
+++++++++++++++++++++++++++++++
EXUDYN V1.10.0 solver: implicit second order time integration

Python WARNING [file '/private/var/folders/y6/nj790rtn62lfktb1sh__79hc0000gn/T/cibw-run-q9nscrs5/cp311-macosx_universal2/venv-test-arm64/lib/python3.11/site-packages/exudyn/solver.py', line 260]: 
Generalized alpha: initial accelerations due to initial velocities can only be computed in dense matrix mode!

  Solve steps: adaptive reduction to step size = 0.000120982, time = 0.0446
  Solve steps: adaptive reduction to step size = 3.7639e-07, time = 0.044721
  Solve steps: adaptive reduction to step size = 0.000111787, time = 0.0955715
  Solve steps: adaptive reduction to step size = 8.79614e-07, time = 0.0956832
  Solve steps: adaptive reduction to step size = 9.60045e-05, time = 0.0985263
  Newton (time/load step #2277): convergence failed after 25 iterations; relative error = 5.73629e-05, time = 0.424206
  Solve steps: adaptive reduction to step size = 0.0001, time = 0.424006
  solution did not converge with full Newton
  Newton (time/load step #2301): convergence failed after 25 iterations; relative error = 1.56664e+59, time = 0.428006
  Solve steps: adaptive reduction to step size = 0.0001, time = 0.427806
  Newton (time/load step #2311): convergence failed after 25 iterations; relative error = 1.05228e+61, time = 0.429006
  Solve steps: adaptive reduction to step size = 0.0001, time = 0.428806
  Newton (time/load step #2316): convergence failed after 25 iterations; relative error = 6689.8, time = 0.429406
  Solve steps: adaptive reduction to step size = 5e-05, time = 0.429306
STEP3729, t = 0.5s, timeToGo = 0s, Nit/step = 7.55028
Solver terminated successfully after 0.430653 seconds.
Solver iteration statistics:
total number of steps:        3729
total number of Newton iterations: 28155
total number of Newton Jacobians:  5361
rejected modified Newton steps:      99
solution of sphereTriangleTest= 545966.621472139
refsol= 3.8226410966196975
tol= 3e-11
******************************************
  TESTMODEL 92 ("sphereTriangleTest.py") *FAILED*
  RESULT = 545966.621472139
  ERROR = 545962.7988310424
******************************************


******************************************
  START TESTMODEL 93 ("sphereTriangleTest2.py"):
******************************************


***********************************
*** Test solver: DynamicSolverType.GeneralizedAlpha ***
*** is explicit=False ***
***********************************

+++++++++++++++++++++++++++++++
EXUDYN V1.10.0 solver: implicit second order time integration

Python WARNING [file '/private/var/folders/y6/nj790rtn62lfktb1sh__79hc0000gn/T/cibw-run-q9nscrs5/cp311-macosx_universal2/venv-test-arm64/lib/python3.11/site-packages/exudyn/solver.py', line 260]: 
Generalized alpha: initial accelerations due to initial velocities can only be computed in dense matrix mode!

STEP1365, t = 0.25s, timeToGo = 0s, Nit/step = 6.80952
Solver terminated successfully after 0.229742 seconds.
Solver iteration statistics:
total number of steps:        1365
total number of Newton iterations: 9295
total number of Newton Jacobians:  386
rejected modified Newton steps:      13


***********************************
*** Test solver: DynamicSolverType.VelocityVerlet ***
*** is explicit=True ***
***********************************

+++++++++++++++++++++++++++++++
EXUDYN V1.10.0 solver: explicit time integration (VelocityVerlet)
WARNING: VelocityVerlet: still under development
STEP12499, t = 0.25s, timeToGo = 0s, Nit/step = 0
Solver terminated successfully after 0.358834 seconds.
Solver iteration statistics:
total number of steps:        12499
total number of Newton iterations: 0
total number of Newton Jacobians:  0
solution of sphereTriangleTest2= 4.356011219314147
solver= DynamicSolverType.GeneralizedAlpha 
sol= [ 2.28555584e-02 -8.46781176e-03 -1.90795166e-04 -4.21511032e-01
 -8.08801267e-01  5.80026017e-02]
solver= DynamicSolverType.VelocityVerlet 
sol= [ 2.29138976e-02  3.50297083e-03 -1.94917748e-04 -1.85826109e+00
  1.39863059e-01  2.00708984e-01]
refsol= 4.356128117693937
tol= 3e-11
******************************************
  TESTMODEL 93 ("sphereTriangleTest2.py") *FAILED*
  RESULT = 4.356011219314147
  ERROR = -0.00011689837979034223
******************************************


******************************************
  START TESTMODEL 94 ("sphericalJointTest.py"):
******************************************
+++++++++++++++++++++++++++++++
EXUDYN V1.10.0 solver: implicit second order time integration
STEP1000, t = 1s, timeToGo = 0s, Nit/step = 6.77
Solver terminated successfully after 0.0443219 seconds.
solution of sphericalJointTest= 4.4090804465750235
refsol= 4.409080446575089
tol= 3e-11
******************************************
  TESTMODEL 94 ("sphericalJointTest.py") FINISHED SUCCESSFUL
  RESULT = 4.4090804465750235
  ERROR = -6.572520305780927e-14
******************************************


******************************************
  START TESTMODEL 95 ("springDamperUserFunctionTest.py"):
******************************************
EXUDYN version=1.10.0
resonance frequency = 50.0
+++++++++++++++++++++++++++++++
EXUDYN V1.10.0 solver: implicit second order time integration
STEP5000, t = 50s, timeToGo = 0s, Nit/step = 1.9798
Solver terminated successfully after 0.051879 seconds.
Solver iteration statistics:
total number of steps:        5000
total number of Newton iterations: 9899
total number of Newton Jacobians:  9899
uTotal= 0.5062872273010895
refsol= 0.5062872273010911
tol= 3e-11
******************************************
  TESTMODEL 95 ("springDamperUserFunctionTest.py") FINISHED SUCCESSFUL
  RESULT = 0.5062872273010895
  ERROR = -1.5543122344752192e-15
******************************************


******************************************
  START TESTMODEL 96 ("stiffFlyballGovernor.py"):
******************************************
+++++++++++++++++++++++++++++++
EXUDYN V1.10.0 solver: implicit second order time integration
STEP20, t = 0.001s, timeToGo = 0s, Nit/step = 0
Solver terminated successfully after 0.0114753 seconds.
solution of stiffFlyballGovernor= 0.8962488779114737
refsol= 0.8962488779114738
tol= 3e-11
******************************************
  TESTMODEL 96 ("stiffFlyballGovernor.py") FINISHED SUCCESSFUL
  RESULT = 0.8962488779114737
  ERROR = -1.1102230246251565e-16
******************************************


******************************************
  START TESTMODEL 97 ("superElementRigidJointTest.py"):
******************************************
+++++++++++++++++++++++++++++++
EXUDYN V1.10.0 solver: implicit second order time integration
STEP5, t = 0.005s, timeToGo = 0s, Nit/step = 2.4
Solver terminated successfully after 0.0153536 seconds.
solution of superElementRigidJointTest= 0.015217208913989191
refsol= 0.015217208913989071
tol= 3e-11
******************************************
  TESTMODEL 97 ("superElementRigidJointTest.py") FINISHED SUCCESSFUL
  RESULT = 0.015217208913989191
  ERROR = 1.196959198423997e-16
******************************************


******************************************
  START TESTMODEL 98 ("symbolicUserFunctionTest.py"):
******************************************
spring user function: ((((10 * damping) * deltaL_t) + ((stiffness * sign(deltaL)) * pow(abs(deltaL), 1.2))) + force)
load user function:   (load * sin((62.8319 * t)))
start simulation
+++++++++++++++++++++++++++++++
EXUDYN V1.10.0 solver: explicit time integration (RK44)
STEP10000, t = 50s, timeToGo = 0s, Nit/step = 0
Solver terminated successfully after 0.0175535 seconds.
finished:  0.017657995223999023 seconds
u= 0.10039884426884882
solution of symbolicUserFunctionTest= 0.10039884426884882
refsol= 0.10039884426884882
tol= 3e-11
******************************************
  TESTMODEL 98 ("symbolicUserFunctionTest.py") FINISHED SUCCESSFUL
  RESULT = 0.10039884426884882
  ERROR = 0.0
******************************************


******************************************
  START TESTMODEL 99 ("symbolicModuleTest.py"):
******************************************
Real.newCount= 904
Real.deleteCount= 904
Vector.newCount= 71
Vector.deleteCount= 71
Matrix.newCount= 29
Matrix.deleteCount= 29

finished 796 tests
WRONG results (after vectorTests): 0 

u= 0.9484129575069745
solution of symbolicModuleTest= 0.9484129575069745
refsol= 0.9484129575069745
tol= 3e-11
******************************************
  TESTMODEL 99 ("symbolicModuleTest.py") FINISHED SUCCESSFUL
  RESULT = 0.9484129575069745
  ERROR = 0.0
******************************************


******************************************
  START TESTMODEL 100 ("taskmanagerTest.py"):
******************************************
** CASE 0 **: [1, 1, 0, 0, 0, 0, 0] ; RESULTS: tip-disp=[np.float64(0.0), np.float64(0.0), np.float64(0.0)], ODE1=[np.float64(0.4726773372820876), np.float64(-8.7383381821802), np.float64(4.9999999893313944)]
** CASE 1 **: [2, 1, 0, 0, 0, 0, 0] ; RESULTS: tip-disp=[np.float64(0.0), np.float64(0.0), np.float64(0.0)], ODE1=[np.float64(0.4726773372820876), np.float64(-8.7383381821802), np.float64(4.9999999893313944)]
** CASE 2 **: [5, 1, 0, 0, 0, 0, 0] ; RESULTS: tip-disp=[np.float64(0.0), np.float64(0.0), np.float64(0.0)], ODE1=[np.float64(0.4726773372820876), np.float64(-8.7383381821802), np.float64(4.9999999893313944)]
** CASE 3 **: [1, 1, 0, 0, 1, 0, 0] ; RESULTS: tip-disp=[np.float64(0.0), np.float64(0.0), np.float64(0.0)], ODE1=[np.float64(0.4726773372820876), np.float64(-8.7383381821802), np.float64(4.9999999893313944)]
** CASE 4 **: [2, 1, 0, 0, 1, 0, 0] ; RESULTS: tip-disp=[np.float64(0.0), np.float64(0.0), np.float64(0.0)], ODE1=[np.float64(0.4726773372820876), np.float64(-8.7383381821802), np.float64(4.9999999893313944)]
** CASE 5 **: [5, 1, 0, 0, 1, 0, 0] ; RESULTS: tip-disp=[np.float64(0.0), np.float64(0.0), np.float64(0.0)], ODE1=[np.float64(0.4726773372820876), np.float64(-8.7383381821802), np.float64(4.9999999893313944)]
** CASE 6 **: [1, 1, 0, 1, 0, 0, 0] ; RESULTS: tip-disp=[np.float64(0.0), np.float64(0.0), np.float64(0.0)], ODE1=[np.float64(0.4726773372820876), np.float64(-8.7383381821802), np.float64(4.9999999893313944)]
** CASE 7 **: [2, 1, 0, 1, 0, 0, 0] ; RESULTS: tip-disp=[np.float64(0.0), np.float64(0.0), np.float64(0.0)], ODE1=[np.float64(0.4726773372820876), np.float64(-8.7383381821802), np.float64(4.9999999893313944)]
** CASE 8 **: [5, 1, 0, 1, 0, 0, 0] ; RESULTS: tip-disp=[np.float64(0.0), np.float64(0.0), np.float64(0.0)], ODE1=[np.float64(0.4726773372820876), np.float64(-8.7383381821802), np.float64(4.9999999893313944)]
** CASE 9 **: [1, 1, 0, 1, 1, 0, 0] ; RESULTS: tip-disp=[np.float64(0.0), np.float64(0.0), np.float64(0.0)], ODE1=[np.float64(0.4726773372820876), np.float64(-8.7383381821802), np.float64(4.9999999893313944)]
** CASE 10 **: [2, 1, 0, 1, 1, 0, 0] ; RESULTS: tip-disp=[np.float64(0.0), np.float64(0.0), np.float64(0.0)], ODE1=[np.float64(0.4726773372820876), np.float64(-8.7383381821802), np.float64(4.9999999893313944)]
** CASE 11 **: [5, 1, 0, 1, 1, 0, 0] ; RESULTS: tip-disp=[np.float64(0.0), np.float64(0.0), np.float64(0.0)], ODE1=[np.float64(0.4726773372820876), np.float64(-8.7383381821802), np.float64(4.9999999893313944)]
** CASE 12 **: [1, 0, 1, 0, 0, 0, 0] ; RESULTS: tip-disp=[np.float64(-0.004370896011591241), np.float64(-0.019429692092482506), np.float64(0.0)]
** CASE 13 **: [2, 0, 1, 0, 0, 0, 0] ; RESULTS: tip-disp=[np.float64(-0.004370896011591241), np.float64(-0.019429692092482506), np.float64(0.0)]
** CASE 14 **: [5, 0, 1, 0, 0, 0, 0] ; RESULTS: tip-disp=[np.float64(-0.004370896011591241), np.float64(-0.019429692092482506), np.float64(0.0)]
** CASE 15 **: [1, 1, 1, 0, 0, 0, 0] ; RESULTS: tip-disp=[np.float64(-0.00437089597281326), np.float64(-0.019429692002979136), np.float64(0.0)], ODE1=[np.float64(0.4726773372742115), np.float64(-8.738338182354907), np.float64(4.999999989331395)]
** CASE 16 **: [2, 1, 1, 0, 0, 0, 0] ; RESULTS: tip-disp=[np.float64(-0.00437089597281326), np.float64(-0.019429692002979136), np.float64(0.0)], ODE1=[np.float64(0.4726773372742115), np.float64(-8.738338182354907), np.float64(4.999999989331395)]
** CASE 17 **: [5, 1, 1, 0, 0, 0, 0] ; RESULTS: tip-disp=[np.float64(-0.00437089597281326), np.float64(-0.019429692002979136), np.float64(0.0)], ODE1=[np.float64(0.4726773372742115), np.float64(-8.738338182354907), np.float64(4.999999989331395)]
** CASE 18 **: [1, 0, 1, 0, 1, 0, 0] ; RESULTS: tip-disp=[np.float64(-0.26268952125737055), np.float64(-0.5057841312030273), np.float64(0.0)]
** CASE 19 **: [2, 0, 1, 0, 1, 0, 0] ; RESULTS: tip-disp=[np.float64(-0.26268952125737055), np.float64(-0.5057841312030273), np.float64(0.0)]
** CASE 20 **: [5, 0, 1, 0, 1, 0, 0] ; RESULTS: tip-disp=[np.float64(-0.26268952125737055), np.float64(-0.5057841312030273), np.float64(0.0)]
** CASE 21 **: [1, 1, 1, 0, 1, 0, 0] ; RESULTS: tip-disp=[np.float64(-0.26268952125737055), np.float64(-0.5057841312030273), np.float64(0.0)], ODE1=[np.float64(0.47267733728478184), np.float64(-8.738338182470347), np.float64(4.999999989331395)]
** CASE 22 **: [2, 1, 1, 0, 1, 0, 0] ; RESULTS: tip-disp=[np.float64(-0.26268952125737055), np.float64(-0.5057841312030273), np.float64(0.0)], ODE1=[np.float64(0.47267733728478184), np.float64(-8.738338182470347), np.float64(4.999999989331395)]
** CASE 23 **: [5, 1, 1, 0, 1, 0, 0] ; RESULTS: tip-disp=[np.float64(-0.26268952125737055), np.float64(-0.5057841312030273), np.float64(0.0)], ODE1=[np.float64(0.47267733728478184), np.float64(-8.738338182470347), np.float64(4.999999989331395)]
** CASE 24 **: [1, 0, 1, 0, 0, 1, 0] ; RESULTS: tip-disp=[np.float64(-0.008449856540029499), np.float64(-0.03542641581991105), np.float64(0.0)]
** CASE 25 **: [2, 0, 1, 0, 0, 1, 0] ; RESULTS: tip-disp=[np.float64(-0.008449856540029499), np.float64(-0.03542641581991105), np.float64(0.0)]
** CASE 26 **: [5, 0, 1, 0, 0, 1, 0] ; RESULTS: tip-disp=[np.float64(-0.008449856540029499), np.float64(-0.03542641581991105), np.float64(0.0)]
** CASE 27 **: [1, 0, 1, 0, 1, 1, 0] ; RESULTS: tip-disp=[np.float64(-0.008449856540029499), np.float64(-0.035426415819911315), np.float64(0.0)]
** CASE 28 **: [2, 0, 1, 0, 1, 1, 0] ; RESULTS: tip-disp=[np.float64(-0.008449856540029499), np.float64(-0.035426415819911315), np.float64(0.0)]
** CASE 29 **: [5, 0, 1, 0, 1, 1, 0] ; RESULTS: tip-disp=[np.float64(-0.008449856540029499), np.float64(-0.035426415819911315), np.float64(0.0)]
** CASE 30 **: [1, 0, 1, 1, 0, 0, 0] ; RESULTS: tip-disp=[np.float64(0.0), np.float64(0.0), np.float64(0.0)]
** CASE 31 **: [2, 0, 1, 1, 0, 0, 0] ; RESULTS: tip-disp=[np.float64(0.0), np.float64(0.0), np.float64(0.0)]
** CASE 32 **: [5, 0, 1, 1, 0, 0, 0] ; RESULTS: tip-disp=[np.float64(0.0), np.float64(0.0), np.float64(0.0)]
** CASE 33 **: [1, 1, 1, 1, 0, 0, 0] ; RESULTS: tip-disp=[np.float64(0.0), np.float64(0.0), np.float64(0.0)], ODE1=[np.float64(0.4726773372820876), np.float64(-8.7383381821802), np.float64(4.9999999893313944)]
** CASE 34 **: [2, 1, 1, 1, 0, 0, 0] ; RESULTS: tip-disp=[np.float64(0.0), np.float64(0.0), np.float64(0.0)], ODE1=[np.float64(0.4726773372820876), np.float64(-8.7383381821802), np.float64(4.9999999893313944)]
** CASE 35 **: [5, 1, 1, 1, 0, 0, 0] ; RESULTS: tip-disp=[np.float64(0.0), np.float64(0.0), np.float64(0.0)], ODE1=[np.float64(0.4726773372820876), np.float64(-8.7383381821802), np.float64(4.9999999893313944)]
** CASE 36 **: [1, 0, 1, 1, 1, 0, 0] ; RESULTS: tip-disp=[np.float64(0.0), np.float64(-2.1752463519104705e-18), np.float64(0.0)]
** CASE 37 **: [2, 0, 1, 1, 1, 0, 0] ; RESULTS: tip-disp=[np.float64(0.0), np.float64(-2.1752463519104705e-18), np.float64(0.0)]
** CASE 38 **: [5, 0, 1, 1, 1, 0, 0] ; RESULTS: tip-disp=[np.float64(0.0), np.float64(-2.1752463519104705e-18), np.float64(0.0)]
** CASE 39 **: [1, 1, 1, 1, 1, 0, 0] ; RESULTS: tip-disp=[np.float64(0.0), np.float64(4.074281212234429e-19), np.float64(0.0)], ODE1=[np.float64(0.47267733728452815), np.float64(-8.738338182472436), np.float64(4.999999989331395)]
** CASE 40 **: [2, 1, 1, 1, 1, 0, 0] ; RESULTS: tip-disp=[np.float64(0.0), np.float64(4.074281212234429e-19), np.float64(0.0)], ODE1=[np.float64(0.47267733728452815), np.float64(-8.738338182472436), np.float64(4.999999989331395)]
** CASE 41 **: [5, 1, 1, 1, 1, 0, 0] ; RESULTS: tip-disp=[np.float64(0.0), np.float64(4.074281212234429e-19), np.float64(0.0)], ODE1=[np.float64(0.47267733728452815), np.float64(-8.738338182472436), np.float64(4.999999989331395)]
** CASE 42 **: [1, 0, 1, 1, 0, 1, 0] ; RESULTS: tip-disp=[np.float64(0.0), np.float64(0.0), np.float64(0.0)]
** CASE 43 **: [2, 0, 1, 1, 0, 1, 0] ; RESULTS: tip-disp=[np.float64(0.0), np.float64(0.0), np.float64(0.0)]
** CASE 44 **: [5, 0, 1, 1, 0, 1, 0] ; RESULTS: tip-disp=[np.float64(0.0), np.float64(0.0), np.float64(0.0)]
** CASE 45 **: [1, 0, 1, 1, 1, 1, 0] ; RESULTS: tip-disp=[np.float64(0.0), np.float64(0.0), np.float64(0.0)]
** CASE 46 **: [2, 0, 1, 1, 1, 1, 0] ; RESULTS: tip-disp=[np.float64(0.0), np.float64(0.0), np.float64(0.0)]
** CASE 47 **: [5, 0, 1, 1, 1, 1, 0] ; RESULTS: tip-disp=[np.float64(0.0), np.float64(0.0), np.float64(0.0)]
** CASE 48 **: [1, 0, 2, 0, 0, 0, 1] ; RESULTS: tip-disp=[np.float64(-0.0880363468401495), np.float64(-0.34234903261814925), np.float64(0.0)]
** CASE 49 **: [2, 0, 2, 0, 0, 0, 1] ; RESULTS: tip-disp=[np.float64(-0.0880363468401495), np.float64(-0.34234903261814925), np.float64(0.0)]
** CASE 50 **: [5, 0, 2, 0, 0, 0, 1] ; RESULTS: tip-disp=[np.float64(-0.0880363468401495), np.float64(-0.34234903261814925), np.float64(0.0)]
** CASE 51 **: [1, 1, 2, 0, 0, 0, 1] ; RESULTS: tip-disp=[np.float64(-0.0880363468401495), np.float64(-0.34234903261814925), np.float64(0.0)], ODE1=[np.float64(0.41401569054072235), np.float64(-9.038078350533265), np.float64(4.999999989694047)]
** CASE 52 **: [2, 1, 2, 0, 0, 0, 1] ; RESULTS: tip-disp=[np.float64(-0.0880363468401495), np.float64(-0.34234903261814925), np.float64(0.0)], ODE1=[np.float64(0.41401569054072235), np.float64(-9.038078350533265), np.float64(4.999999989694047)]
** CASE 53 **: [5, 1, 2, 0, 0, 0, 1] ; RESULTS: tip-disp=[np.float64(-0.0880363468401495), np.float64(-0.34234903261814925), np.float64(0.0)], ODE1=[np.float64(0.41401569054072235), np.float64(-9.038078350533265), np.float64(4.999999989694047)]
** CASE 54 **: [1, 0, 2, 0, 1, 0, 1] ; RESULTS: tip-disp=[np.float64(0.0374686446114989), np.float64(0.38962720208760393), np.float64(0.0)]
** CASE 55 **: [2, 0, 2, 0, 1, 0, 1] ; RESULTS: tip-disp=[np.float64(0.0374686446114989), np.float64(0.38962720208760393), np.float64(0.0)]
** CASE 56 **: [5, 0, 2, 0, 1, 0, 1] ; RESULTS: tip-disp=[np.float64(0.0374686446114989), np.float64(0.38962720208760393), np.float64(0.0)]
** CASE 57 **: [1, 1, 2, 0, 1, 0, 1] ; RESULTS: tip-disp=[np.float64(0.03560123860933073), np.float64(0.38903936602890593), np.float64(0.0)], ODE1=[np.float64(0.41401569054072235), np.float64(-9.038078350533265), np.float64(4.999999989694047)]
** CASE 58 **: [2, 1, 2, 0, 1, 0, 1] ; RESULTS: tip-disp=[np.float64(0.03560123860933073), np.float64(0.38903936602890593), np.float64(0.0)], ODE1=[np.float64(0.41401569054072235), np.float64(-9.038078350533265), np.float64(4.999999989694047)]
** CASE 59 **: [5, 1, 2, 0, 1, 0, 1] ; RESULTS: tip-disp=[np.float64(0.03560123860933073), np.float64(0.38903936602890593), np.float64(0.0)], ODE1=[np.float64(0.41401569054072235), np.float64(-9.038078350533265), np.float64(4.999999989694047)]
** CASE 60 **: [1, 0, 2, 0, 0, 1, 0] ; RESULTS: tip-disp=[np.float64(-0.04041427402236719), np.float64(-0.19022533128583996), np.float64(0.0)]
** CASE 61 **: [2, 0, 2, 0, 0, 1, 0] ; RESULTS: tip-disp=[np.float64(-0.04041427402236719), np.float64(-0.19022533128583996), np.float64(0.0)]
** CASE 62 **: [5, 0, 2, 0, 0, 1, 0] ; RESULTS: tip-disp=[np.float64(-0.04041427402236719), np.float64(-0.19022533128583996), np.float64(0.0)]
** CASE 63 **: [1, 0, 2, 0, 1, 1, 0] ; RESULTS: tip-disp=[np.float64(-0.04041427402236719), np.float64(-0.1902253312858402), np.float64(0.0)]
** CASE 64 **: [2, 0, 2, 0, 1, 1, 0] ; RESULTS: tip-disp=[np.float64(-0.04041427402236719), np.float64(-0.1902253312858402), np.float64(0.0)]
** CASE 65 **: [5, 0, 2, 0, 1, 1, 0] ; RESULTS: tip-disp=[np.float64(-0.04041427402236719), np.float64(-0.1902253312858402), np.float64(0.0)]
** CASE 66 **: [1, 0, 2, 1, 0, 0, 0] ; RESULTS: tip-disp=[np.float64(-4.953014372865994e-05), np.float64(-0.009952780225753268), np.float64(0.0)]
** CASE 67 **: [2, 0, 2, 1, 0, 0, 0] ; RESULTS: tip-disp=[np.float64(-4.953014372865994e-05), np.float64(-0.009952780225753268), np.float64(0.0)]
** CASE 68 **: [5, 0, 2, 1, 0, 0, 0] ; RESULTS: tip-disp=[np.float64(-4.953014372865994e-05), np.float64(-0.009952780225753268), np.float64(0.0)]
** CASE 69 **: [1, 1, 2, 1, 0, 0, 0] ; RESULTS: tip-disp=[np.float64(-4.95301377294588e-05), np.float64(-0.009952779623020266), np.float64(0.0)], ODE1=[np.float64(0.47267733728478184), np.float64(-8.738338182470347), np.float64(4.999999989331395)]
** CASE 70 **: [2, 1, 2, 1, 0, 0, 0] ; RESULTS: tip-disp=[np.float64(-4.95301377294588e-05), np.float64(-0.009952779623020266), np.float64(0.0)], ODE1=[np.float64(0.47267733728478184), np.float64(-8.738338182470347), np.float64(4.999999989331395)]
** CASE 71 **: [5, 1, 2, 1, 0, 0, 0] ; RESULTS: tip-disp=[np.float64(-4.95301377294588e-05), np.float64(-0.009952779623020266), np.float64(0.0)], ODE1=[np.float64(0.47267733728478184), np.float64(-8.738338182470347), np.float64(4.999999989331395)]
** CASE 72 **: [1, 0, 2, 1, 1, 0, 0] ; RESULTS: tip-disp=[np.float64(-0.00017900063097964214), np.float64(-0.018920074543545416), np.float64(0.0)]
** CASE 73 **: [2, 0, 2, 1, 1, 0, 0] ; RESULTS: tip-disp=[np.float64(-0.00017900063097964214), np.float64(-0.018920074543545416), np.float64(0.0)]
** CASE 74 **: [5, 0, 2, 1, 1, 0, 0] ; RESULTS: tip-disp=[np.float64(-0.00017900063097964214), np.float64(-0.018920074543545416), np.float64(0.0)]
** CASE 75 **: [1, 1, 2, 1, 1, 0, 0] ; RESULTS: tip-disp=[np.float64(-0.00017900062401898786), np.float64(-0.01892007417573038), np.float64(0.0)], ODE1=[np.float64(0.47267733728478184), np.float64(-8.738338182470347), np.float64(4.999999989331395)]
** CASE 76 **: [2, 1, 2, 1, 1, 0, 0] ; RESULTS: tip-disp=[np.float64(-0.00017900062401898786), np.float64(-0.01892007417573038), np.float64(0.0)], ODE1=[np.float64(0.47267733728478184), np.float64(-8.738338182470347), np.float64(4.999999989331395)]
** CASE 77 **: [5, 1, 2, 1, 1, 0, 0] ; RESULTS: tip-disp=[np.float64(-0.00017900062401898786), np.float64(-0.01892007417573038), np.float64(0.0)], ODE1=[np.float64(0.47267733728478184), np.float64(-8.738338182470347), np.float64(4.999999989331395)]
** CASE 78 **: [1, 0, 2, 1, 0, 1, 0] ; RESULTS: tip-disp=[np.float64(-0.00012515034665194769), np.float64(-0.015820399195175333), np.float64(0.0)]
** CASE 79 **: [2, 0, 2, 1, 0, 1, 0] ; RESULTS: tip-disp=[np.float64(-0.00012515034665194769), np.float64(-0.015820399195175333), np.float64(0.0)]
** CASE 80 **: [5, 0, 2, 1, 0, 1, 0] ; RESULTS: tip-disp=[np.float64(-0.00012515034665194769), np.float64(-0.015820399195175333), np.float64(0.0)]
** CASE 81 **: [1, 0, 2, 1, 1, 1, 0] ; RESULTS: tip-disp=[np.float64(-0.00012515034665194769), np.float64(-0.01582039919517553), np.float64(0.0)]
** CASE 82 **: [2, 0, 2, 1, 1, 1, 0] ; RESULTS: tip-disp=[np.float64(-0.00012515034665194769), np.float64(-0.01582039919517553), np.float64(0.0)]
** CASE 83 **: [5, 0, 2, 1, 1, 1, 0] ; RESULTS: tip-disp=[np.float64(-0.00012515034665194769), np.float64(-0.01582039919517553), np.float64(0.0)]
** CASE 84 **: [1, 0, 4, 0, 0, 0, 0] ; RESULTS: tip-disp=[np.float64(-0.08146932217900948), np.float64(-0.563215717912882), np.float64(0.0)]
** CASE 85 **: [2, 0, 4, 0, 0, 0, 0] ; RESULTS: tip-disp=[np.float64(-0.08146932217900948), np.float64(-0.563215717912882), np.float64(0.0)]
** CASE 86 **: [5, 0, 4, 0, 0, 0, 0] ; RESULTS: tip-disp=[np.float64(-0.08146932217900993), np.float64(-0.5632157179128822), np.float64(0.0)]
** CASE 87 **: [1, 1, 4, 0, 0, 0, 0] ; RESULTS: tip-disp=[np.float64(-0.08146932217900948), np.float64(-0.563215717912882), np.float64(0.0)], ODE1=[np.float64(0.47267733728478184), np.float64(-8.738338182470347), np.float64(4.999999989331395)]
** CASE 88 **: [2, 1, 4, 0, 0, 0, 0] ; RESULTS: tip-disp=[np.float64(-0.08146932217900948), np.float64(-0.563215717912882), np.float64(0.0)], ODE1=[np.float64(0.47267733728478184), np.float64(-8.738338182470347), np.float64(4.999999989331395)]
** CASE 89 **: [5, 1, 4, 0, 0, 0, 0] ; RESULTS: tip-disp=[np.float64(-0.08146932217900993), np.float64(-0.5632157179128837), np.float64(0.0)], ODE1=[np.float64(0.47267733728478184), np.float64(-8.738338182470347), np.float64(4.999999989331395)]
** CASE 90 **: [1, 0, 4, 0, 1, 0, 0] ; RESULTS: tip-disp=[np.float64(-4.629060724308305), np.float64(-2.2642535240765), np.float64(0.0)]
** CASE 91 **: [2, 0, 4, 0, 1, 0, 0] ; RESULTS: tip-disp=[np.float64(-4.629060724308305), np.float64(-2.2642535240765), np.float64(0.0)]
** CASE 92 **: [5, 0, 4, 0, 1, 0, 0] ; RESULTS: tip-disp=[np.float64(-4.629060724308278), np.float64(-2.2642535240765223), np.float64(0.0)]
** CASE 93 **: [1, 1, 4, 0, 1, 0, 0] ; RESULTS: tip-disp=[np.float64(-4.629060725106289), np.float64(-2.2642535235960364), np.float64(0.0)], ODE1=[np.float64(0.47267733728478184), np.float64(-8.738338182470347), np.float64(4.999999989331395)]
** CASE 94 **: [2, 1, 4, 0, 1, 0, 0] ; RESULTS: tip-disp=[np.float64(-4.629060725106289), np.float64(-2.2642535235960364), np.float64(0.0)], ODE1=[np.float64(0.47267733728478184), np.float64(-8.738338182470347), np.float64(4.999999989331395)]
** CASE 95 **: [5, 1, 4, 0, 1, 0, 0] ; RESULTS: tip-disp=[np.float64(-4.629060725106276), np.float64(-2.2642535235960453), np.float64(0.0)], ODE1=[np.float64(0.47267733728478184), np.float64(-8.738338182470347), np.float64(4.999999989331395)]
** CASE 96 **: [1, 0, 4, 0, 0, 1, 0] ; RESULTS: tip-disp=[np.float64(-0.4766649535974836), np.float64(-1.5245865369570926), np.float64(0.0)]
** CASE 97 **: [2, 0, 4, 0, 0, 1, 0] ; RESULTS: tip-disp=[np.float64(-0.4766649535974836), np.float64(-1.5245865369570926), np.float64(0.0)]
** CASE 98 **: [5, 0, 4, 0, 0, 1, 0] ; RESULTS: tip-disp=[np.float64(-0.47666495359748273), np.float64(-1.5245865369570908), np.float64(0.0)]
** CASE 99 **: [1, 0, 4, 0, 1, 1, 0] ; RESULTS: tip-disp=[np.float64(-0.47666495359748495), np.float64(-1.5245865369570946), np.float64(0.0)]
** CASE 100 **: [2, 0, 4, 0, 1, 1, 0] ; RESULTS: tip-disp=[np.float64(-0.47666495359748495), np.float64(-1.5245865369570946), np.float64(0.0)]
** CASE 101 **: [5, 0, 4, 0, 1, 1, 0] ; RESULTS: tip-disp=[np.float64(-0.47666495359748406), np.float64(-1.524586536957093), np.float64(0.0)]
** CASE 102 **: [1, 0, 4, 1, 0, 0, 0] ; RESULTS: tip-disp=[np.float64(-0.03350539387343776), np.float64(-0.4378114618323164), np.float64(0.0)]
** CASE 103 **: [2, 0, 4, 1, 0, 0, 0] ; RESULTS: tip-disp=[np.float64(-0.03350539387343776), np.float64(-0.4378114618323164), np.float64(0.0)]
** CASE 104 **: [5, 0, 4, 1, 0, 0, 0] ; RESULTS: tip-disp=[np.float64(-0.03350539387343776), np.float64(-0.4378114618323164), np.float64(0.0)]
** CASE 105 **: [1, 1, 4, 1, 0, 0, 0] ; RESULTS: tip-disp=[np.float64(-0.03350539396786267), np.float64(-0.4378114624794035), np.float64(0.0)], ODE1=[np.float64(0.47267733728478184), np.float64(-8.738338182470347), np.float64(4.999999989331395)]
** CASE 106 **: [2, 1, 4, 1, 0, 0, 0] ; RESULTS: tip-disp=[np.float64(-0.03350539396786267), np.float64(-0.4378114624794035), np.float64(0.0)], ODE1=[np.float64(0.47267733728478184), np.float64(-8.738338182470347), np.float64(4.999999989331395)]
** CASE 107 **: [5, 1, 4, 1, 0, 0, 0] ; RESULTS: tip-disp=[np.float64(-0.03350539396786267), np.float64(-0.4378114624794035), np.float64(0.0)], ODE1=[np.float64(0.47267733728478184), np.float64(-8.738338182470347), np.float64(4.999999989331395)]
** CASE 108 **: [1, 0, 4, 1, 1, 0, 0] ; RESULTS: tip-disp=[np.float64(-0.12809870176155913), np.float64(-0.843654094698177), np.float64(0.0)]
** CASE 109 **: [2, 0, 4, 1, 1, 0, 0] ; RESULTS: tip-disp=[np.float64(-0.12809870176155913), np.float64(-0.843654094698177), np.float64(0.0)]
** CASE 110 **: [5, 0, 4, 1, 1, 0, 0] ; RESULTS: tip-disp=[np.float64(-0.12809870176155913), np.float64(-0.843654094698177), np.float64(0.0)]
** CASE 111 **: [1, 1, 4, 1, 1, 0, 0] ; RESULTS: tip-disp=[np.float64(-0.12809870233930498), np.float64(-0.8436540965761696), np.float64(0.0)], ODE1=[np.float64(0.47267733728478184), np.float64(-8.738338182470347), np.float64(4.999999989331395)]
** CASE 112 **: [2, 1, 4, 1, 1, 0, 0] ; RESULTS: tip-disp=[np.float64(-0.12809870233930498), np.float64(-0.8436540965761696), np.float64(0.0)], ODE1=[np.float64(0.47267733728478184), np.float64(-8.738338182470347), np.float64(4.999999989331395)]
** CASE 113 **: [5, 1, 4, 1, 1, 0, 0] ; RESULTS: tip-disp=[np.float64(-0.12809870233930498), np.float64(-0.8436540965761696), np.float64(0.0)], ODE1=[np.float64(0.47267733728478184), np.float64(-8.738338182470347), np.float64(4.999999989331395)]
** CASE 114 **: [1, 0, 4, 1, 0, 1, 0] ; RESULTS: tip-disp=[np.float64(-0.02806829714518555), np.float64(-0.4009255248408572), np.float64(0.0)]
** CASE 115 **: [2, 0, 4, 1, 0, 1, 0] ; RESULTS: tip-disp=[np.float64(-0.02806829714518555), np.float64(-0.4009255248408572), np.float64(0.0)]
** CASE 116 **: [5, 0, 4, 1, 0, 1, 0] ; RESULTS: tip-disp=[np.float64(-0.02806829714518555), np.float64(-0.4009255248408572), np.float64(0.0)]
** CASE 117 **: [1, 0, 4, 1, 1, 1, 0] ; RESULTS: tip-disp=[np.float64(-0.02806829714518555), np.float64(-0.40092552484085714), np.float64(0.0)]
** CASE 118 **: [2, 0, 4, 1, 1, 1, 0] ; RESULTS: tip-disp=[np.float64(-0.02806829714518555), np.float64(-0.40092552484085714), np.float64(0.0)]
** CASE 119 **: [5, 0, 4, 1, 1, 1, 0] ; RESULTS: tip-disp=[np.float64(-0.02806829714518555), np.float64(-0.40092552484085714), np.float64(0.0)]

total cases: 120
result taskmanagerTest= -0.2340681427320012
refsol= -0.23406814272950335
tol= 3e-11
******************************************
  TESTMODEL 100 ("taskmanagerTest.py") FINISHED SUCCESSFUL
  RESULT = -0.2340681427320012
  ERROR = -2.4978352719529084e-12
******************************************


******************************************
  START TESTMODEL 101 ("velocityVerletTest.py"):
******************************************
+++++++++++++++++++++++++++++++
EXUDYN V1.10.0 solver: explicit time integration (VelocityVerlet)
STEP2000, t = 2s, timeToGo = 0s, Nit/step = 0
Solver terminated successfully after 0.0010015 seconds.
p  = [np.float64(1.0912990667233309), np.float64(0.0), np.float64(0.0)]
h= 0.001 , err= 4.541650566958211e-06
+++++++++++++++++++++++++++++++
EXUDYN V1.10.0 solver: explicit time integration (VelocityVerlet)
STEP4000, t = 2s, timeToGo = 0s, Nit/step = 0
Solver terminated successfully after 0.0016 seconds.
p  = [np.float64(1.0912956605256892), np.float64(0.0), np.float64(0.0)]
h= 0.0005 , err= 1.1354529252383116e-06
+++++++++++++++++++++++++++++++
EXUDYN V1.10.0 solver: explicit time integration (VelocityVerlet)
STEP8000, t = 2s, timeToGo = 0s, Nit/step = 0
Solver terminated successfully after 0.00281387 seconds.
p  = [np.float64(1.0912948089384098), np.float64(0.0), np.float64(0.0)]
h= 0.00025 , err= 2.83865645878123e-07
+++++++++++++++++++++++++++++++
EXUDYN V1.10.0 solver: explicit time integration (VelocityVerlet)
STEP16000, t = 2s, timeToGo = 0s, Nit/step = 0
Solver terminated successfully after 0.00530737 seconds.
p  = [np.float64(1.0912945960393574), np.float64(0.0), np.float64(0.0)]
h= 0.000125 , err= 7.096659349059564e-08
velocityVerletTest result= 4.365184132226787
velocityVerletTest error= 0.0
refsol= 4.365184132226787
tol= 3e-11
******************************************
  TESTMODEL 101 ("velocityVerletTest.py") FINISHED SUCCESSFUL
  RESULT = 4.365184132226787
  ERROR = 0.0
******************************************


******************************************
  START MINI EXAMPLE 0 ("ObjectMassPoint.py"):
example for ObjectMassPoint completed, test result = 2.0
  MINI EXAMPLE 0 ("ObjectMassPoint.py") FINISHED SUCCESSFUL
  RESULT = 2.0
  ERROR  = 0.0


******************************************
  START MINI EXAMPLE 1 ("ObjectMassPoint2D.py"):
example for ObjectMassPoint2D completed, test result = 2.0
  MINI EXAMPLE 1 ("ObjectMassPoint2D.py") FINISHED SUCCESSFUL
  RESULT = 2.0
  ERROR  = 0.0


******************************************
  START MINI EXAMPLE 2 ("ObjectMass1D.py"):
example for ObjectMass1D completed, test result = 2.0
  MINI EXAMPLE 2 ("ObjectMass1D.py") FINISHED SUCCESSFUL
  RESULT = 2.0
  ERROR  = 0.0


******************************************
  START MINI EXAMPLE 3 ("ObjectRotationalMass1D.py"):
example for ObjectRotationalMass1D completed, test result = 2.0
  MINI EXAMPLE 3 ("ObjectRotationalMass1D.py") FINISHED SUCCESSFUL
  RESULT = 2.0
  ERROR  = 0.0


******************************************
  START MINI EXAMPLE 4 ("ObjectRigidBody2D.py"):
example for ObjectRigidBody2D completed, test result = 4.356194490192344
  MINI EXAMPLE 4 ("ObjectRigidBody2D.py") FINISHED SUCCESSFUL
  RESULT = 4.356194490192344
  ERROR  = 0.0


******************************************
  START MINI EXAMPLE 5 ("ObjectGenericODE2.py"):
example for ObjectGenericODE2 completed, test result = 1.0039999999354785
  MINI EXAMPLE 5 ("ObjectGenericODE2.py") FINISHED SUCCESSFUL
  RESULT = 1.0039999999354785
  ERROR  = 0.0


******************************************
  START MINI EXAMPLE 6 ("ObjectGenericODE1.py"):
example for ObjectGenericODE1 completed, test result = -0.820684709768938
  MINI EXAMPLE 6 ("ObjectGenericODE1.py") FINISHED SUCCESSFUL
  RESULT = -0.820684709768938
  ERROR  = 3.3306690738754696e-16


******************************************
  START MINI EXAMPLE 7 ("ObjectKinematicTree.py"):
example for ObjectKinematicTree completed, test result = -3.1340185518085906
  MINI EXAMPLE 7 ("ObjectKinematicTree.py") FINISHED SUCCESSFUL
  RESULT = -3.1340185518085906
  ERROR  = 4.440892098500626e-16


******************************************
  START MINI EXAMPLE 8 ("ObjectANCFCable.py"):
+++++++++++++++++++++++++++++++
EXUDYN V1.10.0 solver: nonlinear static solver
STEP1, factor = 1, timeToGo = 0s, Nit/step = 6
Solver terminated successfully after 0.00377646 seconds.
example for ObjectANCFCable completed, test result = -0.5013058140308948
  MINI EXAMPLE 8 ("ObjectANCFCable.py") FINISHED SUCCESSFUL
  RESULT = -0.5013058140308948
  ERROR  = -2.886579864025407e-15


******************************************
  START MINI EXAMPLE 9 ("ObjectANCFCable2D.py"):
+++++++++++++++++++++++++++++++
EXUDYN V1.10.0 solver: nonlinear static solver
STEP1, factor = 1, timeToGo = 0s, Nit/step = 6
Solver terminated successfully after 0.00152262 seconds.
example for ObjectANCFCable2D completed, test result = -0.5013058140308915
  MINI EXAMPLE 9 ("ObjectANCFCable2D.py") FINISHED SUCCESSFUL
  RESULT = -0.5013058140308915
  ERROR  = -1.3322676295501878e-15


******************************************
  START MINI EXAMPLE 10 ("ObjectANCFThinPlate.py"):
example for ObjectANCFThinPlate completed, test result = 0
  MINI EXAMPLE 10 ("ObjectANCFThinPlate.py") FINISHED SUCCESSFUL
  RESULT = 0
  ERROR  = 0.0


******************************************
  START MINI EXAMPLE 11 ("ObjectConnectorSpringDamper.py"):
example for ObjectConnectorSpringDamper completed, test result = 0.9733828995763039
  MINI EXAMPLE 11 ("ObjectConnectorSpringDamper.py") FINISHED SUCCESSFUL
  RESULT = 0.9733828995763039
  ERROR  = 0.0


******************************************
  START MINI EXAMPLE 12 ("ObjectConnectorCartesianSpringDamper.py"):
example for ObjectConnectorCartesianSpringDamper completed, test result = -0.0009999999999750209
  MINI EXAMPLE 12 ("ObjectConnectorCartesianSpringDamper.py") FINISHED SUCCESSFUL
  RESULT = -0.0009999999999750209
  ERROR  = 0.0


******************************************
  START MINI EXAMPLE 13 ("ObjectConnectorRigidBodySpringDamper.py"):
example for ObjectConnectorRigidBodySpringDamper completed, test result = -0.5349299545315868
******************************************
  MINI EXAMPLE 13 ("ObjectConnectorRigidBodySpringDamper.py") *FAILED*
  RESULT = -0.5349299545315868
  ERROR  = 1.3625242045733899e-09
******************************************


******************************************
  START MINI EXAMPLE 14 ("ObjectConnectorLinearSpringDamper.py"):
example for ObjectConnectorLinearSpringDamper completed, test result = 0.0004999866342439738
  MINI EXAMPLE 14 ("ObjectConnectorLinearSpringDamper.py") FINISHED SUCCESSFUL
  RESULT = 0.0004999866342439738
  ERROR  = 4.4885969940899884e-17


******************************************
  START MINI EXAMPLE 15 ("ObjectConnectorTorsionalSpringDamper.py"):
example for ObjectConnectorTorsionalSpringDamper completed, test result = 0.0004999866342439374
  MINI EXAMPLE 15 ("ObjectConnectorTorsionalSpringDamper.py") FINISHED SUCCESSFUL
  RESULT = 0.0004999866342439374
  ERROR  = -1.5287250632045613e-17


******************************************
  START MINI EXAMPLE 16 ("ObjectConnectorCoordinateSpringDamper.py"):
example for ObjectConnectorCoordinateSpringDamper completed, test result = 0.001999515421325704
  MINI EXAMPLE 16 ("ObjectConnectorCoordinateSpringDamper.py") FINISHED SUCCESSFUL
  RESULT = 0.001999515421325704
  ERROR  = 4.440892098500626e-16


******************************************
  START MINI EXAMPLE 17 ("ObjectConnectorGravity.py"):
example for ObjectConnectorGravity completed, test result = 1.000000000000048
  MINI EXAMPLE 17 ("ObjectConnectorGravity.py") FINISHED SUCCESSFUL
  RESULT = 1.000000000000048
  ERROR  = 0.0


******************************************
  START MINI EXAMPLE 18 ("ObjectConnectorDistance.py"):
example for ObjectConnectorDistance completed, test result = -0.9861806726069353
  MINI EXAMPLE 18 ("ObjectConnectorDistance.py") FINISHED SUCCESSFUL
  RESULT = -0.9861806726069353
  ERROR  = 2.220446049250313e-16


******************************************
  START MINI EXAMPLE 19 ("ObjectConnectorCoordinate.py"):
example for ObjectConnectorCoordinate completed, test result = 0.04999999999999982
  MINI EXAMPLE 19 ("ObjectConnectorCoordinate.py") FINISHED SUCCESSFUL
  RESULT = 0.04999999999999982
  ERROR  = 0.0


******************************************
  START MINI EXAMPLE 20 ("ObjectJointRevoluteZ.py"):
example for ObjectJointRevoluteZ completed, test result = 0.4999999999999979
  MINI EXAMPLE 20 ("ObjectJointRevoluteZ.py") FINISHED SUCCESSFUL
  RESULT = 0.4999999999999979
  ERROR  = -5.551115123125783e-17


******************************************
  START MINI EXAMPLE 21 ("MarkerSuperElementPosition.py"):
example for MarkerSuperElementPosition completed, test result = 1.0039999999354785
  MINI EXAMPLE 21 ("MarkerSuperElementPosition.py") FINISHED SUCCESSFUL
  RESULT = 1.0039999999354785
  ERROR  = 0.0


******************************************
  START MINI EXAMPLE 22 ("LoadMassProportional.py"):
example for LoadMassProportional completed, test result = -4.904999999999996
  MINI EXAMPLE 22 ("LoadMassProportional.py") FINISHED SUCCESSFUL
  RESULT = -4.904999999999996
  ERROR  = 1.7763568394002505e-15


