
+++++++++++++++++++++++++++++++++++++++++++ 
+++++        EXUDYN TEST SUITE        +++++ 
+++++++++++++++++++++++++++++++++++++++++++ 
EXUDYN version      = 1.9.0 
EXUDYN build date   = 2024-10-09 16:33:01 
architecture        = 64bit 
processor           = ARM 
platform            = darwin 
Python version      = 3.12.6 
NumPy version       = 2.1.2 
test tolerance      = 3e-11 
testsuite date (now)= 2024-10-09 16:33:07 
+++++++++++++++++++++++++++++++++++++++++++ 


****************************************** 
  START EXAMPLE 0 ("abaqusImportTest.py"): 
****************************************** 
u-tip for C3D4 =  [-1.39347559e-05 -8.82980001e-05  9.93821996e-07] , nNodes= 214 
u-tip for C3D10 =  [-1.71922325e-05 -1.04097141e-04  6.59659428e-08] , nNodes= 257 
u-tip for C3D8 =  [-1.70918395e-05 -1.03190186e-04 -3.91019711e-09] , nNodes= 176 
u-tip for C3D20 =  [-1.72036326e-05 -1.04325934e-04  1.00487432e-08] , nNodes= 171 
u-tip for C3D20R =  [-1.72590204e-05 -1.04848917e-04  5.46592210e-09] , nNodes= 171 
solution of abaqusImportTest= 0.0005885208722206945 
refsol= 0.0005885208722206333 
tol= 3e-11 
****************************************** 
  EXAMPLE 0 ("abaqusImportTest.py") FINISHED SUCCESSFUL 
  RESULT = 0.0005885208722206945 
  ERROR = 6.114900252818245e-17 
****************************************** 


****************************************** 
  START EXAMPLE 1 ("ANCFBeamTest.py"): 
****************************************** 
case= 0 CantileverLinear2011 
ne= 8 , ux= 1.8706537274759683e-07 , uy= 0.0008068839288072427 
ne= 8 , ux= 0.14904162148475586 , uy= 0.7068152604035437 
ne= 8 , u= [np.float64(-0.00010900977082850538), np.float64(-0.00019021008794318784), np.float64(-0.018117327798002385)] 
ne= 8 , beta= 45.0 , u= [-0.0142313 -0.0088751  0.1085444] 
ne= 8 , beta= 45.0 , u= [-0.0299886 -0.0153356  0.1557702] 
Solution of ANCFBeam3Dtest= 1.0104863123005143 
refsol= 1.010486312300459 
tol= 3e-11 
****************************************** 
  EXAMPLE 1 ("ANCFBeamTest.py") FINISHED SUCCESSFUL 
  RESULT = 1.0104863123005143 
  ERROR = 5.5289106626332796e-14 
****************************************** 


****************************************** 
  START EXAMPLE 2 ("ANCFcable2DuserFunction.py"): 
****************************************** 
+++++++++++++++++++++++++++++++
EXUDYN V1.9.0 solver: implicit second order time integration
STEP100, t = 0.5s, timeToGo = 0s, Nit/step = 5.8
solver finished after 0.065281 seconds.
ANCFcable2DuserFunction test tip pos= [ 1.66562358 -1.06406475  0.        ] 
solution of ANCFcable2DuserFunction test = 0.6015588367721632 
refsol= 0.6015588367721232 
tol= 3e-11 
****************************************** 
  EXAMPLE 2 ("ANCFcable2DuserFunction.py") FINISHED SUCCESSFUL 
  RESULT = 0.6015588367721632 
  ERROR = 3.9968028886505635e-14 
****************************************** 


****************************************** 
  START EXAMPLE 3 ("ANCFcontactCircleTest.py"): 
****************************************** 
load f=0.012937500000000003 
EI=0.01725 
tip displacement: x=-0.10207146356262248, y=-0.48426991232869654 
refsol= -0.4842698420787613 
tol= 3e-11 
****************************************** 
  EXAMPLE 3 ("ANCFcontactCircleTest.py") *FAILED* 
  RESULT = -0.48426991232869654 
  ERROR = -7.024993525783785e-08 
****************************************** 


****************************************** 
  START EXAMPLE 4 ("ANCFcontactFrictionTest.py"): 
****************************************** 
load f=129.37500000000003 
EI=172.50000000000003 
+++++++++++++++++++++++++++++++
EXUDYN V1.9.0 solver: implicit second order time integration
STEP300, t = 0.15s, timeToGo = 0s, Nit/step = 3.21333
solver finished after 0.117102 seconds.
Solver iteration statistics:
total number of steps:        300
total number of Newton iterations: 964
total number of Newton Jacobians:  964
tip displacement: y=-0.014187561328096138 
test result= -0.014187561328096138 
refsol= -0.014187561328096003 
tol= 3e-11 
****************************************** 
  EXAMPLE 4 ("ANCFcontactFrictionTest.py") FINISHED SUCCESSFUL 
  RESULT = -0.014187561328096138 
  ERROR = -1.3530843112619095e-16 
****************************************** 


****************************************** 
  START EXAMPLE 5 ("ANCFgeneralContactCircle.py"): 
****************************************** 
exudyn version= 1.9.0 
pre-stretch force= -80.0 
beam mass per length= 0.004 
auto computed searchTree box={[-0.5,-0.5,-0.5], [2.5,0.5,0.5]}
+++++++++++++++++++++++++++++++
EXUDYN V1.9.0 solver: implicit second order time integration
  Solve steps: adaptive increase to step size = 0.0005 due to fast convergence, time = 0.00725
  Solve steps: adaptive increase to step size = 0.001 due to fast convergence, time = 0.01825
STEP130, t = 0.1s, timeToGo = 0s, Nit/step = 8.2
solver finished after 0.140275 seconds.
Solver iteration statistics:
total number of steps:        130
total number of Newton iterations: 1066
total number of Newton Jacobians:  116
rejected modified Newton steps:      6
node0 pos:  [-0.09227833 -0.48937593  0.        ] 
ANCFgeneralContactCircle sol= -0.5816542532113018 
refsol= -0.5816542531620952 
tol= 3e-11 
****************************************** 
  EXAMPLE 5 ("ANCFgeneralContactCircle.py") *FAILED* 
  RESULT = -0.5816542532113018 
  ERROR = -4.920663876362141e-11 
****************************************** 


****************************************** 
  START EXAMPLE 6 ("ANCFmovingRigidBodyTest.py"): 
****************************************** 
+++++++++++++++++++++++++++++++
EXUDYN V1.9.0 solver: nonlinear static solver
STEP2, factor = 1, timeToGo = 0s, Nit/step = 14
solver finished after 0.00763788 seconds.
+++++++++++++++++++++++++++++++
EXUDYN V1.9.0 solver: implicit second order time integration
STEP200, t = 0.1s, timeToGo = 0s, Nit/step = 1.16
solver finished after 0.0902291 seconds.
static deflection  = -0.0644647469061232 
dynamic deflection = -0.06446622244372244 
ANCFmovingRigidBodyTest= -0.12893096934984563 
refsol= -0.12893096934983617 
tol= 3e-11 
****************************************** 
  EXAMPLE 6 ("ANCFmovingRigidBodyTest.py") FINISHED SUCCESSFUL 
  RESULT = -0.12893096934984563 
  ERROR = -9.46465128492946e-15 
****************************************** 


****************************************** 
  START EXAMPLE 7 ("ANCFslidingAndALEjointTest.py"): 
****************************************** 
+++++++++++++++++++++++++++++++
EXUDYN V1.9.0 solver: nonlinear static solver
WARNING: JointALEMoving2D: sliding coordinate < 0; further warnings suppressed!

Python WARNING [file '/private/var/folders/0g/hj_q_pzx65bbjnslxz9n0src0000gn/T/cibw-run-idf5h6xy/cp312-macosx_universal2/venv-test-arm64/lib/python3.12/site-packages/exudyn/solver.py', line 166]: 
WARNING: SlidingJoint2D: sliding coordinate < 0; further warnings suppressed!


STEP10, factor = 1, timeToGo = 0s, Nit/step = 4.8
solver finished after 0.0266336 seconds.
select cable coordinate 42 
static solution of cable1 = -2.197321885840126 
+++++++++++++++++++++++++++++++
EXUDYN V1.9.0 solver: implicit second order time integration
STEP400, t = 0.8s, timeToGo = 0s, Nit/step = 4.9925
solver finished after 0.433285 seconds.
Solver iteration statistics:
total number of steps:        400
total number of Newton iterations: 1997
total number of Newton Jacobians:  1997
dynamic solution of cable1 = -2.2290865025205453 
result of ANCFslidingAndALEjointTest= -4.426408388360672 
refsol= -4.426408394755261 
tol= 3e-11 
****************************************** 
  EXAMPLE 7 ("ANCFslidingAndALEjointTest.py") *FAILED* 
  RESULT = -4.426408388360672 
  ERROR = 6.3945888584271415e-09 
****************************************** 


****************************************** 
  START EXAMPLE 8 ("bricardMechanism.py"): 
****************************************** 
dof {'degreeOfFreedom': np.int64(1), 'redundantConstraints': np.int64(1), 'nODE2': 35, 'nODE1': 0, 'nAE': 36, 'nPureAE': np.int64(1)} 
eigenvalues= [0.] 
+++++++++++++++++++++++++++++++
EXUDYN V1.9.0 solver: implicit second order time integration
STEP1000, t = 1s, timeToGo = 0s, Nit/step = 6.298
solver finished after 0.0682699 seconds.
====================
CPU-time statistics:
  total time   = 0.0683 seconds
  measured time= 0.0657 seconds (=96.2%) 
  non-zero timer [__ sub-timer]:
  factorization     = 2.16%
  newtonIncrement   = 15.8%
  integrationFormula= 0.882%
  ODE2RHS           = 19.6%
  ODE1RHS           = 0.367%
  AERHS             = 8.5%
  totalJacobian     = 0.244%
  __jacobianODE2    = 0.128%
  __jacobianODE1    = 0.00152%
  __jacobianAE      = 0.08%
  massMatrix        = 13.5%
  reactionForces    = 38.8%
  overhead          = 0.0951%
  visualization/user= 0.0512%
Solver iteration statistics:
total number of steps:        1000
total number of Newton iterations: 6298
total number of Newton Jacobians:  16
solution of bricardMechanism test= 4.172189649305872 
refsol= 4.172189649307425 
tol= 3e-11 
****************************************** 
  EXAMPLE 8 ("bricardMechanism.py") FINISHED SUCCESSFUL 
  RESULT = 4.172189649305872 
  ERROR = -1.553424056055519e-12 
****************************************** 


****************************************** 
  START EXAMPLE 9 ("carRollingDiscTest.py"): 
****************************************** 
+++++++++++++++++++++++++++++++
EXUDYN V1.9.0 solver: implicit second order time integration
STEP250, t = 0.5s, timeToGo = 0s, Nit/step = 2.336
solver finished after 0.0494616 seconds.
carRollingDiscTest u= -0.2394004871711356 
refsol= -0.23940048717113782 
tol= 3e-11 
****************************************** 
  EXAMPLE 9 ("carRollingDiscTest.py") FINISHED SUCCESSFUL 
  RESULT = -0.2394004871711356 
  ERROR = 2.220446049250313e-15 
****************************************** 


****************************************** 
  START EXAMPLE 10 ("compareAbaqusAnsysRotorEigenfrequencies.py"): 
****************************************** 
natural frequencies from Ansys model, sparse= False : 104.63701055079174 
natural frequencies from Abaqus model, sparse= False : 104.63701326063098 
natural frequencies from Ansys model, sparse= True : 104.63701055079095 
natural frequencies from Abaqus model, sparse= True : 104.63701326063754 
error of compareAbaqusAnsysRotorEigenfrequencies (due to sparse solver)= 8.682832230988424e-18 
solution of compareAbaqusAnsysRotorEigenfrequencies (with treshold)= 0 
refsol= 0.0004185480476228555 
tol= 3e-11 
****************************************** 
  EXAMPLE 10 ("compareAbaqusAnsysRotorEigenfrequencies.py") FINISHED SUCCESSFUL 
  RESULT = 0.00041854804762285117 
  ERROR = -4.336808689942018e-18 
****************************************** 


****************************************** 
  START EXAMPLE 11 ("compareFullModifiedNewton.py"): 
****************************************** 
+++++++++++++++++++++++++++++++
EXUDYN V1.9.0 solver: implicit second order time integration
STEP100, t = 2s, timeToGo = 0s, Nit/step = 6.13
solver finished after 0.00067225 seconds.
Solver iteration statistics:
total number of steps:        100
total number of Newton iterations: 613
total number of Newton Jacobians:  49
+++++++++++++++++++++++++++++++
EXUDYN V1.9.0 solver: implicit second order time integration
STEP100, t = 2s, timeToGo = 0s, Nit/step = 2.78
solver finished after 0.000585958 seconds.
Solver iteration statistics:
total number of steps:        100
total number of Newton iterations: 278
total number of Newton Jacobians:  278
compareFullModifiedNewton u= 0.00020079676000188396 
refsol= 0.00020079676000188396 
tol= 3e-11 
****************************************** 
  EXAMPLE 11 ("compareFullModifiedNewton.py") FINISHED SUCCESSFUL 
  RESULT = 0.00020079676000188396 
  ERROR = 0.0 
****************************************** 


****************************************** 
  START EXAMPLE 12 ("complexEigenvaluesTest.py"): 
****************************************** 
dRel = 0.05 , decay= 0.7301153801794058 
resonance frequency = 50.0 
static displacement = 0.02 
+++++++++++++++++++++++++++++++
EXUDYN V1.9.0 solver: implicit second order time integration
STEP1000, t = 1s, timeToGo = 0s, Nit/step = 1
solver finished after 0.00169679 seconds.
MSD analytical eigenvalues: (-2.5+49.937460888595446j) 
MSD complex eigenvalues: [-2.5-49.93746089j -2.5+49.93746089j] 
MSD numerical eigenfrequency in Hz: 7.9477937458781565 
numerical damping dRel           : 0.049999999999999996 
*********************
 
numerical eigenfrequency (in Hz) : 12.327934783008315 
numerical eigenfrequency damped  : 12.305725604590139 
numerical damping dRel           : 0.05999850003749908 
numerical eigenfrequency GE      : 12.327934783008315 
analytical eigenfrequency (in Hz): 12.327934783008317 
error eigenvalues: 0.04004659128338993 
*********************
 
numerical eigenvalues in Hz: [ 38.81173295  38.81173295 123.126052   123.126052   128.4712102
 128.4712102 ] 
numerical eigenvalues GE: [ 38.81173295 123.126052   128.4712102 ] 
result of computeODE2AEeigenvaluesTest2: 0.42816392078752297 
refsol= 0.42816392078752413 
tol= 3e-11 
****************************************** 
  EXAMPLE 12 ("complexEigenvaluesTest.py") FINISHED SUCCESSFUL 
  RESULT = 0.42816392078752297 
  ERROR = -1.1657341758564144e-15 
****************************************** 


****************************************** 
  START EXAMPLE 13 ("computeODE2AEeigenvaluesTest.py"): 
****************************************** 
numerical eigenvalues in Hz: 12.327934783008315 
analytical eigenvalues in Hz: 12.327934783008317 
error eigenvalues: 1.44092004919479e-16 
numerical eigenvalues in Hz: [ 38.81173295 123.126052   128.4712102 ] 
result of computeODE2AEeigenvaluesTest: 0.3881173295041332 
refsol= 0.38811732950413347 
tol= 3e-11 
****************************************** 
  EXAMPLE 13 ("computeODE2AEeigenvaluesTest.py") FINISHED SUCCESSFUL 
  RESULT = 0.3881173295041332 
  ERROR = -2.7755575615628914e-16 
****************************************** 


****************************************** 
  START EXAMPLE 14 ("computeODE2EigenvaluesTest.py"): 
****************************************** 
EI=172.50000000000003 
rhoA=0.78 
eigenvalues= [ 83.17966448 229.28844646 449.50021798] 
omega analytical = [ 83.17963697 229.28787233 449.4959069 ] 
omega difference= -2.7509865105912468e-05 
refsol= -2.749026293713541e-11 
tol= 3e-11 
****************************************** 
  EXAMPLE 14 ("computeODE2EigenvaluesTest.py") FINISHED SUCCESSFUL 
  RESULT = -2.7509865105912467e-11 
  ERROR = -1.9602168777056518e-14 
****************************************** 


****************************************** 
  START EXAMPLE 15 ("connectorGravityTest.py"): 
****************************************** 
+++++++++++++++++++++++++++++++
EXUDYN V1.9.0 solver: explicit time integration (RK67)
STEP1000, t = 1e+06s, timeToGo = 0s, Nit/step = 0
solver finished after 0.00876196 seconds.
Solver iteration statistics:
total number of steps:        1000
total number of Newton iterations: 0
total number of Newton Jacobians:  0
result for ObjectConnectorGravity = 1014867.2330324303 
refsol= 1014867.2330320379 
tol= 3e-11 
****************************************** 
  EXAMPLE 15 ("connectorGravityTest.py") *FAILED* 
  RESULT = 1014867.2330324303 
  ERROR = 3.9243604987859726e-07 
****************************************** 


****************************************** 
  START EXAMPLE 16 ("connectorRigidBodySpringDamperTest.py"): 
****************************************** 
+++++++++++++++++++++++++++++++
EXUDYN V1.9.0 solver: implicit second order time integration
STEP100, t = 0.1s, timeToGo = 0s, Nit/step = 1
solver finished after 0.00329079 seconds.
Solver iteration statistics:
total number of steps:        100
total number of Newton iterations: 100
total number of Newton Jacobians:  100
solution of connectorRigidBodySpringDamperTest= 0.1827622474331841 
refsol= 0.1827622474318292 
tol= 3e-11 
****************************************** 
  EXAMPLE 16 ("connectorRigidBodySpringDamperTest.py") FINISHED SUCCESSFUL 
  RESULT = 0.1827622474331841 
  ERROR = 1.3548884236769254e-12 
****************************************** 


****************************************** 
  START EXAMPLE 17 ("contactCoordinateTest.py"): 
****************************************** 
+++++++++++++++++++++++++++++++
EXUDYN V1.9.0 solver: implicit second order time integration
STEP1281, t = 0.25s, timeToGo = 0s, Nit/step = 1.01874
solver finished after 0.00166763 seconds.
Solver iteration statistics:
total number of steps:        1281
total number of Newton iterations: 1305
total number of Newton Jacobians:  1305
contactCoordinateTest= 0.05531319950419962 
refsol= 0.0553131995062827 
tol= 3e-11 
****************************************** 
  EXAMPLE 17 ("contactCoordinateTest.py") FINISHED SUCCESSFUL 
  RESULT = 0.05531319950419962 
  ERROR = -2.0830767666346617e-12 
****************************************** 


****************************************** 
  START EXAMPLE 18 ("ConvexContactTest.py"): 
****************************************** 
PostNewton Connector 2: 0.0005: changed from gap 0 to 0.000920964
PostNewton Connector 2: 0.014: changed from gap 2.8254e-05 to -3.91898e-05
PostNewton Connector 2: 0.027: changed from gap -3.66667e-05 to 5.02363e-06
PostNewton Connector 2: 0.0385: changed from gap 5.76866e-06 to -3.62366e-05
result of ConvexContactTest= 0.011770267410529814 
refsol= 0.011770267410694153 
tol= 3e-11 
****************************************** 
  EXAMPLE 18 ("ConvexContactTest.py") FINISHED SUCCESSFUL 
  RESULT = 0.011770267410529814 
  ERROR = -1.6433902849666282e-13 
****************************************** 


****************************************** 
  START EXAMPLE 19 ("coordinateSpringDamperExt.py"): 
****************************************** 
fMu= 1.4715 
+++++++++++++++++++++++++++++++
EXUDYN V1.9.0 solver: implicit second order time integration
  Newton (time/load step #1): convergence failed after 25 iterations; relative error = 1.60196e-08, time = 0.002
  Solve steps: adaptive reduction to step size = 0.001, time = 0
  Newton (time/load step #618): convergence failed after 25 iterations; relative error = 0.14723, time = 1.003
  Solve steps: adaptive reduction to step size = 0.001, time = 1.001
STEP1122, t = 2s, timeToGo = 0s, Nit/step = 4.26025
solver finished after 0.0154137 seconds.
result of coordinateSpringDamperExt= 17.08493553580072 
refsol= 17.084935539925155 
tol= 3e-11 
****************************************** 
  EXAMPLE 19 ("coordinateSpringDamperExt.py") *FAILED* 
  RESULT = 17.08493553580072 
  ERROR = -4.1244341275614715e-09 
****************************************** 


****************************************** 
  START EXAMPLE 20 ("coordinateVectorConstraint.py"): 
****************************************** 
+++++++++++++++++++++++++++++++
EXUDYN V1.9.0 solver: implicit second order time integration
STEP1000, t = 1s, timeToGo = 0s, Nit/step = 1.989
solver finished after 0.0266082 seconds.
p0= [np.float64(-0.7056836384521086), np.float64(-0.37684294131772444), np.float64(0.0)] 
solution of coordinateVectorConstraint= -1.0825265797698331 
refsol= -1.0825265797698322 
tol= 3e-11 
****************************************** 
  EXAMPLE 20 ("coordinateVectorConstraint.py") FINISHED SUCCESSFUL 
  RESULT = -1.0825265797698331 
  ERROR = -8.881784197001252e-16 
****************************************** 


****************************************** 
  START EXAMPLE 21 ("coordinateVectorConstraintGenericODE2.py"): 
****************************************** 
+++++++++++++++++++++++++++++++
EXUDYN V1.9.0 solver: implicit second order time integration
STEP1000, t = 1s, timeToGo = 0s, Nit/step = 1.989
solver finished after 0.0216973 seconds.
p0= [np.float64(-0.7056836384521086), np.float64(-0.37684294131772444), np.float64(0.0)] 
solution of coordinateVectorConstraint= -1.0825265797698331 
refsol= -1.0825265797698322 
tol= 3e-11 
****************************************** 
  EXAMPLE 21 ("coordinateVectorConstraintGenericODE2.py") FINISHED SUCCESSFUL 
  RESULT = -1.0825265797698331 
  ERROR = -8.881784197001252e-16 
****************************************** 


****************************************** 
  START EXAMPLE 22 ("distanceSensor.py"): 
****************************************** 
auto computed searchTree box={[-1.03536,-1,-0.1], [1.9,1,0.1]}
+++++++++++++++++++++++++++++++
EXUDYN V1.9.0 solver: explicit time integration (RK44)
STEP2500, t = 0.25s, timeToGo = 0s, Nit/step = 0
solver finished after 0.0928944 seconds.
pLast= [np.float64(-0.6061511314921348), np.float64(-0.27540810053094056), np.float64(0.0)] 
 
sensors= [ 1.56720969e-01 -4.00266307e-18] [1.08660730e-01 3.10566387e-17] [0.11237434 0.41190196] [0.2754081  0.93573925] [ 2.00000000e-01  4.00266307e-18 -3.10566387e-17] 
 
solution of distanceSensor= 1.8677643107785649 
refsol= 1.867764310778691 
tol= 3e-11 
****************************************** 
  EXAMPLE 22 ("distanceSensor.py") FINISHED SUCCESSFUL 
  RESULT = 1.8677643107785649 
  ERROR = -1.2612133559741778e-13 
****************************************** 


****************************************** 
  START EXAMPLE 23 ("driveTrainTest.py"): 
****************************************** 
+++++++++++++++++++++++++++++++
EXUDYN V1.9.0 solver: implicit second order time integration
STEP1000, t = 0.1s, timeToGo = 0s, Nit/step = 6.413
solver finished after 0.198876 seconds.
phiCrank 0.8813196520692131 
phiFlyWheel 0.8813197447677671 
solution of driveTrainTest= -9.269855394400395e-08 
refsol= -9.269855516524927e-08 
tol= 3e-11 
****************************************** 
  EXAMPLE 23 ("driveTrainTest.py") FINISHED SUCCESSFUL 
  RESULT = -9.269855394400395e-08 
  ERROR = 1.2212453270876722e-15 
****************************************** 


****************************************** 
  START EXAMPLE 24 ("explicitLieGroupIntegratorPythonTest.py"): 
****************************************** 
+++++++++++++++++++++++++++++++
EXUDYN V1.9.0 solver: implicit second order time integration
STEP400, t = 0.01s, timeToGo = 0s, Nit/step = 0
solver finished after 0.0795578 seconds.
explicitLieGroupIntegratorPythonTest= 149.84739395407578 
refsol= 149.8473939540758 
tol= 3e-11 
****************************************** 
  EXAMPLE 24 ("explicitLieGroupIntegratorPythonTest.py") FINISHED SUCCESSFUL 
  RESULT = 149.84739395407578 
  ERROR = -2.842170943040401e-14 
****************************************** 


****************************************** 
  START EXAMPLE 25 ("explicitLieGroupIntegratorTest.py"): 
****************************************** 
DynamicSolverType.ExplicitMidpoint,h= 0.001 :
  omega = [  -9.25903319 -100.05787564 -111.56014921] 
  coords= [  0.           0.         -19.62        -0.29022561   1.22720976
  -2.81489467] 
DynamicSolverType.RK44,h= 0.001 :
  omega = [ -27.67663523 -106.16651966 -102.45471373] 
  coords= [  0.           0.         -19.62        -1.43361238   1.02208338
  -2.29792145] 
DynamicSolverType.RK67,h= 0.001 :
  omega = [ -27.65849136 -106.16380496 -102.46246956] 
  coords= [  0.           0.         -19.62        -1.43257991   1.02227719
  -2.29872218] 
DynamicSolverType.DOPRI5,h= 0.001 :
  omega = [ -27.65851484 -106.16380357 -102.46246458] 
  coords= [  0.           0.         -19.62        -1.43258163   1.02227688
  -2.29872073] 
nSteps= 8517 
explicitLieGrouIntegratorTest result= 0.1616401331981913 
explicitLieGrouIntegratorTest error= 5.273559366969494e-16 
refsol= 0.16164013319819065 
tol= 3e-11 
****************************************** 
  EXAMPLE 25 ("explicitLieGroupIntegratorTest.py") FINISHED SUCCESSFUL 
  RESULT = 0.1616401331981913 
  ERROR = 6.38378239159465e-16 
****************************************** 


****************************************** 
  START EXAMPLE 26 ("fourBarMechanismTest.py"): 
****************************************** 
+++++++++++++++++++++++++++++++
EXUDYN V1.9.0 solver: implicit second order time integration
STEP2000, t = 2s, timeToGo = 0s, Nit/step = 1.8385
solver finished after 0.0203855 seconds.
solution of fourbar mechanism = -2.3763357805182284 
refsol= -2.376335780518213 
tol= 3e-11 
****************************************** 
  EXAMPLE 26 ("fourBarMechanismTest.py") FINISHED SUCCESSFUL 
  RESULT = -2.3763357805182284 
  ERROR = -1.554312234475219e-14 
****************************************** 


****************************************** 
  START EXAMPLE 27 ("fourBarMechanismIftomm.py"): 
****************************************** 
+++++++++++++++++++++++++++++++
EXUDYN V1.9.0 solver: implicit second order time integration
STEP400, t = 4s, timeToGo = 0s, Nit/step = 6.8475
solver finished after 0.0192319 seconds.
max energy error= 0.1140155972644834 
pos first bar= [np.float64(0.058150929906581196), np.float64(0.4966069566059775), np.float64(0.0)] 
fourBarMechanismIftomm result: 0.1721665271710646 
refsol= 0.1721665271840173 
tol= 3e-11 
****************************************** 
  EXAMPLE 27 ("fourBarMechanismIftomm.py") FINISHED SUCCESSFUL 
  RESULT = 0.1721665271710646 
  ERROR = -1.2952694472545545e-11 
****************************************** 


****************************************** 
  START EXAMPLE 28 ("generalContactCylinderTest.py"): 
****************************************** 
+++++++++++++++++++++++++++++++
EXUDYN V1.9.0 solver: explicit time integration (ExplicitEuler)
STEP2000, t = 2s, timeToGo = 2.60553e-14s, Nit/step = 0
solver finished after 0.47606 seconds.
solution of generalContactCylinderTest = 12.246862751552701 
refsol= 12.246626442545603 
tol= 3e-11 
****************************************** 
  EXAMPLE 28 ("generalContactCylinderTest.py") *FAILED* 
  RESULT = 12.246862751552701 
  ERROR = 0.00023630900709825653 
****************************************** 


****************************************** 
  START EXAMPLE 29 ("generalContactCylinderTrigsTest.py"): 
****************************************** 
+++++++++++++++++++++++++++++++
EXUDYN V1.9.0 solver: explicit time integration (ExplicitEuler)
STEP1000, t = 1s, timeToGo = 0s, Nit/step = 0
solver finished after 0.111499 seconds.
solution of generalContactCylinderTest = 5.48690843092885 
refsol= 5.486908430912642 
tol= 3e-11 
****************************************** 
  EXAMPLE 29 ("generalContactCylinderTrigsTest.py") FINISHED SUCCESSFUL 
  RESULT = 5.48690843092885 
  ERROR = 1.6207479802687885e-11 
****************************************** 


****************************************** 
  START EXAMPLE 30 ("generalContactFrictionTests.py"): 
****************************************** 
expect u0z= 0.001 
expect uFy= 0.010000000000000002 
force rolling= 0.5 , torque= 0.020000000000000004 
auto computed searchTree box={[-1.25,-0.5125,-0.05], [0.5125,0.649,0.1875]}
+++++++++++++++++++++++++++++++
EXUDYN V1.9.0 solver: explicit time integration (ExplicitEuler)
STEP4000, t = 0.8s, timeToGo = 0s, Nit/step = 0
solver finished after 0.124358 seconds.
coords node2 = [ 2.83098555e-02  5.88805648e-01 -9.18041346e-04 -3.32001230e+00
 -2.44113280e-01  1.08458075e+00] 
coords node5 = [ 0.         -0.00991814  0.          0.          0.          0.        ] 
coords node7 = [0.        0.        0.        2.2391945 0.        0.       ] 
coords node8 = [-2.30913169e-01  9.75294308e-04 -7.50000358e-02  1.07270723e-02
  2.53192616e+00  4.79124818e-03] 
coords node9 = [-7.37223879e-01  7.44199885e-02 -1.88094747e-02 -3.09686183e-04
  8.14844468e-05 -8.23300056e-01] 
solution of generalContactFrictionTest= 12.02433005842705 
refsol= 12.027740342293988 
tol= 3e-11 
****************************************** 
  EXAMPLE 30 ("generalContactFrictionTests.py") *FAILED* 
  RESULT = 12.02433005842705 
  ERROR = -0.0034102838669376467 
****************************************** 


****************************************** 
  START EXAMPLE 31 ("generalContactSpheresTest.py"): 
****************************************** 
create mass 0 
generalContactSpheresTest: create bodies: 0.01207876205444336 seconds 
treesize= 8000 
generalContactSpheresTest: gContact: 0.0005948543548583984 seconds 
finish gContact 
+++++++++++++++++++++++++++++++
EXUDYN V1.9.0 solver: explicit time integration (ExplicitEuler)
STEP500, t = 0.1s, timeToGo = 0s, Nit/step = 0
solver finished after 0.284227 seconds.
====================
CPU-time statistics:
  total time   = 0.284 seconds
  measured time= 0.269 seconds (=94.8%) 
  non-zero timer [__ sub-timer]:
  newtonIncrement   = 0.286%
  integrationFormula= 0.124%
  ODE2RHS           = 98.9%
  writeSolution     = 0.614%
  overhead          = 0.076%
  visualization/user= 0.0133%
special timers:
  Contact:BoundingBoxes = 0.025553s
  Contact:SearchTree = 0.01733s
  Contact:ODE2RHS = 0.23496s

u = [ 0.11531681 -0.26257086 -0.96660072] 
solution of generalContactSpheresTest= -1.1138547720256646 
refsol= -1.1138547720263323 
tol= 3e-11 
****************************************** 
  EXAMPLE 31 ("generalContactSpheresTest.py") FINISHED SUCCESSFUL 
  RESULT = -1.1138547720256646 
  ERROR = 6.676881270095691e-13 
****************************************** 


****************************************** 
  START EXAMPLE 32 ("genericJointUserFunctionTest.py"): 
****************************************** 
+++++++++++++++++++++++++++++++
EXUDYN V1.9.0 solver: implicit second order time integration
STEP500, t = 2.5s, timeToGo = 0s, Nit/step = 7.578
solver finished after 0.069853 seconds.
pos= [0.23743829 0.6528568  0.30194331] 
solution of GenericJointTest= 1.192238396756281 
refsol= 1.1922383967562884 
tol= 3e-11 
****************************************** 
  EXAMPLE 32 ("genericJointUserFunctionTest.py") FINISHED SUCCESSFUL 
  RESULT = 1.192238396756281 
  ERROR = -7.327471962526033e-15 
****************************************** 


****************************************** 
  START EXAMPLE 33 ("genericODE2test.py"): 
****************************************** 
+++++++++++++++++++++++++++++++
EXUDYN V1.9.0 solver: implicit second order time integration
STEP2000, t = 1s, timeToGo = 0s, Nit/step = 1
solver finished after 0.0457557 seconds.
solution of genericODE2test= 0.036045463498920294 
refsol= 0.036045463499024655 
tol= 3e-11 
****************************************** 
  EXAMPLE 33 ("genericODE2test.py") FINISHED SUCCESSFUL 
  RESULT = 0.036045463498920294 
  ERROR = -1.0436096431476471e-13 
****************************************** 


****************************************** 
  START EXAMPLE 34 ("geneticOptimizationTest.py"): 
****************************************** 
--- 0.0037479400634765625 seconds --- 
[pOpt, vOpt]= [{'mass': 2.532848072009533, 'spring': 6921.681730138393, 'force': 217.16911303068966}, np.float64(0.0030262381366063127)] 
optimum= 0.0030262381366063127 
geneticOptimizationTest testResult= 0.10117518366826606 
geneticOptimizationTest error= 2.47198095326695e-17 
refsol= 0.10117518366826603 
tol= 3e-11 
****************************************** 
  EXAMPLE 34 ("geneticOptimizationTest.py") FINISHED SUCCESSFUL 
  RESULT = 0.10117518366826606 
  ERROR = 2.7755575615628914e-17 
****************************************** 


****************************************** 
  START EXAMPLE 35 ("geometricallyExactBeam2Dtest.py"): 
****************************************** 
n0= [0. 0. 0.] 
p= [0.04419417 0.04419417 0.        ] 
+++++++++++++++++++++++++++++++
EXUDYN V1.9.0 solver: nonlinear static solver
STEP10, factor = 1, timeToGo = 0s, Nit/step = 4.3
solver finished after 0.0016755 seconds.
n = 16 , uTip = [-1.19715078 -2.21150284] 
+++++++++++++++++++++++++++++++
EXUDYN V1.9.0 solver: nonlinear static solver
STEP10, factor = 1, timeToGo = 0s, Nit/step = 4.3
solver finished after 0.00148025 seconds.
n = 16 , uTip = [-1.19715078 -2.21150284] 
solution of geometricallyExactBeam2Dtest= -2.2115028353806614 
refsol= -2.2115028353806547 
tol= 3e-11 
****************************************** 
  EXAMPLE 35 ("geometricallyExactBeam2Dtest.py") FINISHED SUCCESSFUL 
  RESULT = -2.2115028353806614 
  ERROR = -6.661338147750939e-15 
****************************************** 


****************************************** 
  START EXAMPLE 36 ("geometricallyExactBeamTest.py"): 
****************************************** 
case= 0 CantileverLinear2011 
ne= 8 , ux= 1.8764659426295793e-07 , uy= 0.0008068840238244314 
ne= 8 , ux= 0.1501689511868154 , uy= 0.7082974219968234 
ne= 8 , u= [np.float64(-0.00010943825970310961), np.float64(-0.00018866092698509903), np.float64(-0.018117408242732922)] 
ne= 8 , beta= 45.0 , u= [-0.014319  -0.0089257  0.1086972] 
ne= 8 , beta= 45.0 , u= [-0.0302598 -0.0155055  0.1561971] 
Solution of geometricallyExactBeamTest= 1.0128209428598964 
refsol= 1.0128209428598958 
tol= 3e-11 
****************************************** 
  EXAMPLE 36 ("geometricallyExactBeamTest.py") FINISHED SUCCESSFUL 
  RESULT = 1.0128209428598964 
  ERROR = 6.661338147750939e-16 
****************************************** 


****************************************** 
  START EXAMPLE 37 ("gridGeomExactBeam2D.py"): 
****************************************** 
+++++++++++++++++++++++++++++++
EXUDYN V1.9.0 solver: implicit second order time integration
STEP100, t = 0.1s, timeToGo = 0s, Nit/step = 7.2
solver finished after 0.0179434 seconds.
grid = (16, 4) , uTip = [-0.1474196  -1.58279657] 
solution of gridGeomExactBeam2D= -1.5827965743262553 
refsol= -1.582796574326255 
tol= 3e-11 
****************************************** 
  EXAMPLE 37 ("gridGeomExactBeam2D.py") FINISHED SUCCESSFUL 
  RESULT = -1.5827965743262553 
  ERROR = -2.220446049250313e-16 
****************************************** 


****************************************** 
  START EXAMPLE 38 ("heavyTop.py"): 
****************************************** 
+++++++++++++++++++++++++++++++
EXUDYN V1.9.0 solver: implicit second order time integration
STEP2000, t = 0.2s, timeToGo = 0s, Nit/step = 2.8585
solver finished after 0.0479588 seconds.
solution of heavy top = 33.42312575172688 
refsol= 33.42312575174431 
tol= 3e-11 
****************************************** 
  EXAMPLE 38 ("heavyTop.py") FINISHED SUCCESSFUL 
  RESULT = 33.42312575172688 
  ERROR = -1.7429613308195258e-11 
****************************************** 


****************************************** 
  START EXAMPLE 39 ("hydraulicActuatorSimpleTest.py"): 
****************************************** 
+++++++++++++++++++++++++++++++
EXUDYN V1.9.0 solver: implicit second order time integration
STEP400, t = 0.4s, timeToGo = 0s, Nit/step = 2.405
solver finished after 0.00207983 seconds.
Solver iteration statistics:
total number of steps:        400
total number of Newton iterations: 962
total number of Newton Jacobians:  1
hydraulics C++: 
pressures= [6443407.76152317 2988633.30906245] 
velocity= [-0.00506708  0.20480658  0.        ] 
solution of hydraulicActuatorSimpleTest = 7.130440021870298 
refsol= 7.130440021870293 
tol= 3e-11 
****************************************** 
  EXAMPLE 39 ("hydraulicActuatorSimpleTest.py") FINISHED SUCCESSFUL 
  RESULT = 7.130440021870298 
  ERROR = 4.440892098500626e-15 
****************************************** 


****************************************** 
  START EXAMPLE 40 ("kinematicTreeAndMBStest.py"): 
****************************************** 
+++++++++++++++++++++++++++++++
EXUDYN V1.9.0 solver: implicit second order time integration
STEP500, t = 0.5s, timeToGo = 0s, Nit/step = 7.336
solver finished after 0.0501857 seconds.
Solver iteration statistics:
total number of steps:        500
total number of Newton iterations: 3668
total number of Newton Jacobians:  32
sensor MBS 0= [np.float64(0.09649755382210255), np.float64(0.2), np.float64(0.3)] 
sensor KT 0 = [np.float64(0.09649755964889589), np.float64(0.2), np.float64(0.3)] 
sensor MBS 1= [np.float64(-0.03649986322774925), np.float64(-2.6663123260782787e-21), np.float64(-5.877328465896714e-20)] 
sensor KT 1 = [np.float64(-0.036589024032174663), np.float64(0.0), np.float64(0.0)] 
sensor MBS 2= [np.float64(4.343389825573673), np.float64(-1.5195634857163818), np.float64(6.546216474288782e-19)] 
sensor KT 2 = [np.float64(4.3443704285388955), np.float64(-1.5199923515106832), np.float64(0.0)] 
sensor MBS 3= [np.float64(-4.871588837104726), np.float64(11.575511480525527), np.float64(9.572785766324573)] 
sensor KT 3 = [np.float64(-4.8710822096676045), np.float64(11.574798311096707), np.float64(9.57337070436662)] 
sensor MBS 4= [np.float64(0.40968772041626145), np.float64(0.5407346039059951), np.float64(-0.05573397705901878)] 
sensor KT 4 = [np.float64(0.4096863782967393), np.float64(0.5407251680994511), np.float64(-0.05572705501765379)] 
sensor MBS 5= [np.float64(-0.1293128290834592), np.float64(0.7769427592762101), np.float64(0.9383230151461579)] 
sensor KT 5 = [np.float64(-0.12930401977404382), np.float64(0.7769439243217635), np.float64(0.9383506256106615)] 
sensor MBS 6= [np.float64(0.9828403825909848), np.float64(-3.5208856788296696), np.float64(-0.46080266227877864)] 
sensor KT 6 = [np.float64(0.9827936303138639), np.float64(-3.520942263370726), np.float64(-0.4606867367813114)] 
sensor MBS 7= [np.float64(-9.76233147798407), np.float64(-1.2803761283845247), np.float64(-9.967031406616112)] 
sensor KT 7 = [np.float64(-9.762063351236945), np.float64(-1.2802252295518028), np.float64(-9.966992566925384)] 
sensor MBS 8= [np.float64(0.062345809919175134), np.float64(-0.058693327882905356), np.float64(-14.00988444170383)] 
sensor KT 8 = [np.float64(0.062488139584258605), np.float64(-0.05879655347456335), np.float64(-14.009655118481724)] 
sensor MBS 9= [np.float64(-7.2301226488002115), np.float64(-28.75119167804269), np.float64(20.003568297392746)] 
sensor KT 9 = [np.float64(-7.230364341111993), np.float64(-28.751314540872574), np.float64(20.00413559027465)] 
sensor MBS 10= [np.float64(-14.727606501745623), np.float64(-0.7291539391821187), np.float64(-35.429776541953295)] 
sensor KT 10 = [np.float64(-14.725446877365627), np.float64(-0.7262283175769949), np.float64(-35.432831575055374)] 
solution of kinematicTreeAndMBStest 1= 257.10800686165186 
+++++++++++++++++++++++++++++++
EXUDYN V1.9.0 solver: implicit second order time integration
STEP500, t = 0.5s, timeToGo = 0s, Nit/step = 6.694
solver finished after 0.0781495 seconds.
sensor MBS 0= [0.22016409 1.41968647 0.        ] 
sensor KT 0 = [0.22016733 1.41968519 0.        ] 
solution of kinematicTreeAndMBStest 2= 2.8733122322303624 
+++++++++++++++++++++++++++++++
EXUDYN V1.9.0 solver: implicit second order time integration
STEP250, t = 0.25s, timeToGo = 0s, Nit/step = 6.508
solver finished after 0.104137 seconds.
sensor MBS 0= [-0.56035361  1.86769344  0.        ] 
sensor KT 0 = [-0.56035363  1.86769408  0.        ] 
solution of kinematicTreeAndMBStest 3= 3.899885210580198 
solution of kinematicTreeAndMBStest all= 2.638812043044624e-05 
refsol= 2.6388120463802767e-05 
tol= 3e-11 
****************************************** 
  EXAMPLE 40 ("kinematicTreeAndMBStest.py") FINISHED SUCCESSFUL 
  RESULT = 2.638812043044624e-05 
  ERROR = -3.335652676923935e-14 
****************************************** 


****************************************** 
  START EXAMPLE 41 ("kinematicTreeConstraintTest.py"): 
****************************************** 
+++++++++++++++++++++++++++++++
EXUDYN V1.9.0 solver: implicit second order time integration
STEP125, t = 0.5s, timeToGo = 0s, Nit/step = 8.2
solver finished after 0.0512189 seconds.
sensor MBS 0= [ 0.77858018 -0.46489694  0.        ] 
sensor KT 0 = [ 0.77853324 -0.46490618  0.        ] 
solution of kinematicTreeConstraintTest= 1.8135975384620413 
refsol= 1.8135975384620484 
tol= 3e-11 
****************************************** 
  EXAMPLE 41 ("kinematicTreeConstraintTest.py") FINISHED SUCCESSFUL 
  RESULT = 1.8135975384620413 
  ERROR = -7.105427357601002e-15 
****************************************** 


****************************************** 
  START EXAMPLE 42 ("kinematicTreeTest.py"): 
****************************************** 
+++++++++++++++++++++++++++++++
EXUDYN V1.9.0 solver: explicit time integration (RK44)
STEP200, t = 1s, timeToGo = 0s, Nit/step = 0
solver finished after 0.00219204 seconds.
coordinates= [-1.31995028 -0.03667128 -0.0406166  -0.60654163  0.69439583] 
solution of genericODE2test= -1.3093839602164088 
refsol= -1.309383960216414 
tol= 3e-11 
****************************************** 
  EXAMPLE 42 ("kinematicTreeTest.py") FINISHED SUCCESSFUL 
  RESULT = -1.3093839602164088 
  ERROR = 5.10702591327572e-15 
****************************************** 


****************************************** 
  START EXAMPLE 43 ("laserScannerTest.py"): 
****************************************** 
+++++++++++++++++++++++++++++++
EXUDYN V1.9.0 solver: implicit second order time integration
STEP250, t = 0.5s, timeToGo = 0s, Nit/step = 16.88
solver finished after 0.200751 seconds.
solution of mecanumWheelRollingDiscTest= 2.6950644437682816 
refsol= 2.695064443768281 
tol= 3e-11 
****************************************** 
  EXAMPLE 43 ("laserScannerTest.py") FINISHED SUCCESSFUL 
  RESULT = 2.6950644437682816 
  ERROR = 4.440892098500626e-16 
****************************************** 


****************************************** 
  START EXAMPLE 44 ("linearFEMgenericODE2.py"): 
****************************************** 
nodesLeftPlane [160, 161, 162, 163, 164, 165, 166, 167, 168, 169, 170, 171, 172, 173, 174, 175] 
nodesRightPlane [0, 1, 2, 3, 4, 5, 6, 7, 8, 9, 10, 11, 12, 13, 14, 15] 
+++++++++++++++++++++++++++++++
EXUDYN V1.9.0 solver: implicit second order time integration
STEP10, t = 0.1s, timeToGo = 3.17409e-17s, Nit/step = 1
solver finished after 0.228723 seconds.
====================
CPU-time statistics:
  total time   = 0.229 seconds
  measured time= 0.229 seconds (=100%) 
  non-zero timer [__ sub-timer]:
  factorization     = 1.19%
  newtonIncrement   = 0.271%
  integrationFormula= 0.00496%
  ODE2RHS           = 2.55%
  ODE1RHS           = 0.000383%
  AERHS             = 0.102%
  totalJacobian     = 95.5%
  __jacobianODE2    = 95.5%
  __jacobianODE1    = 0.0002%
  __jacobianAE      = 0.0211%
  massMatrix        = 0.00169%
  reactionForces    = 0.358%
  writeSolution     = 0.00179%
  overhead          = 0.00547%
  visualization/user= 0.00104%
uTip= [np.float64(-0.06836115476416538), np.float64(-0.3815970068999967), np.float64(0.00018486213838612967)] 
solution of linearFEMgenericODE2= 0.3876719712975604 
refsol= 0.3876719712975609 
tol= 3e-11 
****************************************** 
  EXAMPLE 44 ("linearFEMgenericODE2.py") FINISHED SUCCESSFUL 
  RESULT = 0.3876719712975604 
  ERROR = -4.996003610813204e-16 
****************************************** 


****************************************** 
  START EXAMPLE 45 ("LShapeGeomExactBeam2D.py"): 
****************************************** 
+++++++++++++++++++++++++++++++
EXUDYN V1.9.0 solver: nonlinear static solver
STEP10, factor = 1, timeToGo = 0s, Nit/step = 4.9
solver finished after 0.00104383 seconds.
uTip = [ 0.85895237 -0.91814745] 
solution of LShapeGeomExactBeam2D= -0.9181474511543876 
refsol= -0.9181474511543884 
tol= 3e-11 
****************************************** 
  EXAMPLE 45 ("LShapeGeomExactBeam2D.py") FINISHED SUCCESSFUL 
  RESULT = -0.9181474511543876 
  ERROR = 8.881784197001252e-16 
****************************************** 


****************************************** 
  START EXAMPLE 46 ("mainSystemExtensionsTests.py"): 
****************************************** 
solution of mainSystemExtensions test MP= 10.418464378208578 
solution of mainSystemExtensions test RB= 10.494301123181476 
solution of mainSystemExtensions test SD= 0.12013162200850873 
solution of mainSystemExtensions test CSD= 1.1454252616300962 
solution of mainSystemExtensions test RJ= 0.02140306132447507 
solution of mainSystemExtensions test PJ= 11.61999999999991 
solution of mainSystemExtensions test SJ= 1.2067248842335279 
solution of mainSystemExtensions test GJ= 1.4291626567212907 
solution of mainSystemExtensions test LinEig= 10.024968827881711 
numpy, networkx and matplotlib required for DrawSystemGraph(...); skipping test 
solution of mainSystemExtensions test DOF= 9 
solution of mainSystemExtensions test DC= 2.1658126542262717 
solution of mainSystemExtensions TOTAL= 57.64639446941584 
refsol= 57.64639446941554 
tol= 3e-11 
****************************************** 
  EXAMPLE 46 ("mainSystemExtensionsTests.py") FINISHED SUCCESSFUL 
  RESULT = 57.64639446941584 
  ERROR = 2.984279490192421e-13 
****************************************** 


****************************************** 
  START EXAMPLE 47 ("manualExplicitIntegrator.py"): 
****************************************** 


++++++++++++++++++++++++++
Start EXUDYN version 1.9.0
 
load f=12.937500000000005 
EI=17.250000000000007 
+++++++++++++++++++++++++++++++
EXUDYN V1.9.0 solver: nonlinear static solver
ev= 2.280183538481944 
solver finished after 0 seconds.
+++++++++++++++++++++++++++++++
EXUDYN V1.9.0 solver: implicit second order time integration
STEP5000, t = 0.05s, timeToGo = 0s, Nit/step = 0
solver finished after 0.0788887 seconds.
uy= -0.22048490878964955 
testResult= 2.0596986296922943 
refsol= 2.059698629692295 
tol= 3e-11 
****************************************** 
  EXAMPLE 47 ("manualExplicitIntegrator.py") FINISHED SUCCESSFUL 
  RESULT = 2.0596986296922943 
  ERROR = -4.440892098500626e-16 
****************************************** 


****************************************** 
  START EXAMPLE 48 ("matrixContainerTest.py"): 
****************************************** 
[[13.3  0.   0. ]
 [ 0.   4.2 42. ]] 
mc= [[1.5 0.  0. ]
 [0.  1.5 0. ]
 [0.  0.  1. ]] 
mc= [[1. 2.]
 [3. 4.]
 [0. 0.]
 [0. 0.]] 
solution of matrixContainerTest= 56.5 
refsol= 56.5 
tol= 3e-11 
****************************************** 
  EXAMPLE 48 ("matrixContainerTest.py") FINISHED SUCCESSFUL 
  RESULT = 56.5 
  ERROR = 0.0 
****************************************** 


****************************************** 
  START EXAMPLE 49 ("mecanumWheelRollingDiscTest.py"): 
****************************************** 
solution of mecanumWheelRollingDiscTest= 0.27142672383243427 
refsol= 0.2714267238324343 
tol= 3e-11 
****************************************** 
  EXAMPLE 49 ("mecanumWheelRollingDiscTest.py") FINISHED SUCCESSFUL 
  RESULT = 0.27142672383243427 
  ERROR = -5.551115123125783e-17 
****************************************** 


****************************************** 
  START EXAMPLE 50 ("objectFFRFreducedOrderAccelerations.py"): 
****************************************** 
+++++++++++++++++++++++++++++++
EXUDYN V1.9.0 solver: implicit second order time integration
STEP10, t = 0.001s, timeToGo = 0s, Nit/step = 7.4
solver finished after 0.0163865 seconds.
solution of ObjectFFRFreducedOrderAccelerations= 61579.77747561368 
ObjectFFRFreducedOrderAccelerations test result= 0.10000570245887458 
refsol= 0.1000057024588858 
tol= 3e-11 
****************************************** 
  EXAMPLE 50 ("objectFFRFreducedOrderAccelerations.py") FINISHED SUCCESSFUL 
  RESULT = 0.10000570245887458 
  ERROR = -1.1227130336521896e-14 
****************************************** 


****************************************** 
  START EXAMPLE 51 ("objectFFRFreducedOrderTest.py"): 
****************************************** 
+++++++++++++++++++++++++++++++
EXUDYN V1.9.0 solver: implicit second order time integration
STEP100, t = 0.01s, timeToGo = 0s, Nit/step = 7.99
solver finished after 0.0131654 seconds.
solution of ObjectFFRFreducedOrder= 0.5355233268059063 
refsol= 0.0053552332680605694 
tol= 3e-11 
****************************************** 
  EXAMPLE 51 ("objectFFRFreducedOrderTest.py") FINISHED SUCCESSFUL 
  RESULT = 0.005355233268059063 
  ERROR = -1.506607338885857e-15 
****************************************** 


****************************************** 
  START EXAMPLE 52 ("objectFFRFTest.py"): 
****************************************** 
nodes size= (115, 3) 
elements size= (48, 8) 
nNodes= 115 , nODE2= 345 
eigenvalues = [np.float64(3.3758828124312964e-05), np.float64(3.6166099076092774e-05), np.float64(3.679242330447107e-05), np.float64(4.408849761734753e-05), np.float64(4.646580226874439e-05), np.float64(4.9648407361438306e-05), np.float64(104.38283651620112), np.float64(104.61719002455465), np.float64(187.80080789124986), np.float64(212.283542264055), np.float64(224.18335038650116), np.float64(237.7642409002527), np.float64(284.0318283421725), np.float64(284.1686514704356), np.float64(394.1400845378548), np.float64(394.504168299719), np.float64(405.47173299626667), np.float64(406.4219361063571)] 
+++++++++++++++++++++++++++++++
EXUDYN V1.9.0 solver: implicit second order time integration
STEP10, t = 0.001s, timeToGo = 0s, Nit/step = 5.4
solver finished after 0.892219 seconds.
solution of ObjectFFRF= 0.0064600108120837834 
refsol= 0.0064600108120842666 
tol= 3e-11 
****************************************** 
  EXAMPLE 52 ("objectFFRFTest.py") FINISHED SUCCESSFUL 
  RESULT = 0.0064600108120837834 
  ERROR = -4.831204880595408e-16 
****************************************** 


****************************************** 
  START EXAMPLE 53 ("objectFFRFTest2.py"): 
****************************************** 
+++++++++++++++++++++++++++++++
EXUDYN V1.9.0 solver: implicit second order time integration
STEP25, t = 0.0025s, timeToGo = 2.0598e-16s, Nit/step = 7.32
solver finished after 0.895331 seconds.
solution of ObjectFFRFtest2= 0.035521880690178434 
refsol= 0.03552188069017914 
tol= 3e-11 
****************************************** 
  EXAMPLE 53 ("objectFFRFTest2.py") FINISHED SUCCESSFUL 
  RESULT = 0.035521880690178434 
  ERROR = -7.077671781985373e-16 
****************************************** 


****************************************** 
  START EXAMPLE 54 ("objectGenericODE2Test.py"): 
****************************************** 
eigen freq.= [  0.      57.6318  57.6318 132.5577 132.5577 136.3306 187.8241 212.3297
 231.9987 231.9987 238.6879 261.7874 401.3941 401.3941] 
eigen freq. first mode = 57.6317863976526 
excitation node= 112 
nMid= 110 
nTopMid= 103 
+++++++++++++++++++++++++++++++
EXUDYN V1.9.0 solver: implicit second order time integration
STEP50, t = 0.05s, timeToGo = 0s, Nit/step = 3.18
solver finished after 0.244223 seconds.
solution of ObjectGenericODE2= -2.3163788974355003e-05 
refsol= -2.316378897486015e-05 
tol= 3e-11 
****************************************** 
  EXAMPLE 54 ("objectGenericODE2Test.py") FINISHED SUCCESSFUL 
  RESULT = -2.3163788974355003e-05 
  ERROR = 5.051467328199416e-16 
****************************************** 


****************************************** 
  START EXAMPLE 55 ("PARTS_ATEs_moving.py"): 
****************************************** 
+++++++++++++++++++++++++++++++
EXUDYN V1.9.0 solver: implicit second order time integration
STEP50, t = 0.05s, timeToGo = 0s, Nit/step = 2
solver finished after 0.239744 seconds.
Solver iteration statistics:
total number of steps:        50
total number of Newton iterations: 100
total number of Newton Jacobians:  100
uy= 0.44656762760262064 
refsol= 0.44656762760262214 
tol= 3e-11 
****************************************** 
  EXAMPLE 55 ("PARTS_ATEs_moving.py") FINISHED SUCCESSFUL 
  RESULT = 0.44656762760262064 
  ERROR = -1.4988010832439613e-15 
****************************************** 


****************************************** 
  START EXAMPLE 56 ("pendulumFriction.py"): 
****************************************** 
mass= 2.5 
+++++++++++++++++++++++++++++++
EXUDYN V1.9.0 solver: implicit second order time integration
STEP4000, t = 0.4s, timeToGo = 0s, Nit/step = 1.55975
solver finished after 0.0708503 seconds.
p0= [ 0.11878348 -0.38195612  0.        ] 
p0= [ 0.11878348 -0.38195612  0.        ] (marker) 
solution of pendulumFriction= 0.3999999877698228 
refsol= 0.39999998776982304 
tol= 3e-11 
****************************************** 
  EXAMPLE 56 ("pendulumFriction.py") FINISHED SUCCESSFUL 
  RESULT = 0.3999999877698228 
  ERROR = -2.220446049250313e-16 
****************************************** 


****************************************** 
  START EXAMPLE 57 ("plotSensorTest.py"): 
****************************************** 
+++++++++++++++++++++++++++++++
EXUDYN V1.9.0 solver: implicit second order time integration
STEP100, t = 1s, timeToGo = 0s, Nit/step = 6.13
solver finished after 0.00206225 seconds.
remove file: solution/plotSensorLoad.txt 
remove file: solution/plotSensorNode.txt 
remove file: solution/plotSensorNodeRotation.txt 
remove file: solution/plotSensorBody.txt 
remove file: solution/plotSensorObject.txt 
remove file: solution/plotSensorMarker.txt 
refsol= 1 
tol= 3e-11 
****************************************** 
  EXAMPLE 57 ("plotSensorTest.py") FINISHED SUCCESSFUL 
  RESULT = 1 
  ERROR = 0 
****************************************** 


****************************************** 
  START EXAMPLE 58 ("postNewtonStepContactTest.py"): 
****************************************** 
EXUDYN version=1.9.0 
+++++++++++++++++++++++++++++++
EXUDYN V1.9.0 solver: implicit second order time integration
STEP181, t = 0.5s, timeToGo = 0s, Nit/step = 1.53591
solver finished after 0.00443525 seconds.
Solver iteration statistics:
total number of steps:        181
total number of Newton iterations: 278
total number of Newton Jacobians:  278
postNewtonStepContactTest= 0.057286638346409235 
refsol= 0.057286638346409235 
tol= 3e-11 
****************************************** 
  EXAMPLE 58 ("postNewtonStepContactTest.py") FINISHED SUCCESSFUL 
  RESULT = 0.057286638346409235 
  ERROR = 0.0 
****************************************** 


****************************************** 
  START EXAMPLE 59 ("reevingSystemSpringsTest.py"): 
****************************************** 
+++++++++++++++++++++++++++++++
EXUDYN V1.9.0 solver: implicit second order time integration
STEP200, t = 2s, timeToGo = 0s, Nit/step = 6.255
solver finished after 0.0114238 seconds.
solution of ReevingSystemSprings= 2.215557571743303 
refsol= 2.2155575717433007 
tol= 3e-11 
****************************************** 
  EXAMPLE 59 ("reevingSystemSpringsTest.py") FINISHED SUCCESSFUL 
  RESULT = 2.215557571743303 
  ERROR = 2.220446049250313e-15 
****************************************** 


****************************************** 
  START EXAMPLE 60 ("revoluteJointPrismaticJointTest.py"): 
****************************************** 
+++++++++++++++++++++++++++++++
EXUDYN V1.9.0 solver: implicit second order time integration
STEP250, t = 0.25s, timeToGo = 0s, Nit/step = 6.46
solver finished after 0.0177651 seconds.
u0= [-0.091739   -0.34905059  0.16378972] , rot0= [-0.00912885 -0.28756518  0.35260735] 
solution of revoluteJointprismaticJointTest= 1.2538806799256013 
refsol= 1.2538806799249342 
tol= 3e-11 
****************************************** 
  EXAMPLE 60 ("revoluteJointPrismaticJointTest.py") FINISHED SUCCESSFUL 
  RESULT = 1.2538806799256013 
  ERROR = 6.67021993194794e-13 
****************************************** 


****************************************** 
  START EXAMPLE 61 ("rigidBodyAsUserFunctionTest.py"): 
****************************************** 
M = [[2 0 0]
 [0 2 0]
 [0 0 2]] 
J = [[6 0 1]
 [0 1 0]
 [1 0 6]] 
<systemData: 
  Number of nodes= 3
  Number of objects = 4
  Number of markers = 4
  Number of loads = 1
  Number of sensors = 0
  Number of ODE2 coordinates = 14
  Number of ODE1 coordinates = 0
  Number of AE coordinates   = 2
  Number of data coordinates   = 0

For details see mbs.systemData, mbs.sys and mbs.variables
>
 
+++++++++++++++++++++++++++++++
EXUDYN V1.9.0 solver: implicit second order time integration
STEP50, t = 0.05s, timeToGo = 0s, Nit/step = 3
solver finished after 0.0237637 seconds.
u0= [0.0, 0.0, 0] , rot0= [-2.09660405  0.22104041  2.13552568] 
u1= [0.5, 0.0, 0] , rot1= [-2.09660405  0.22104041  2.13552568] 
solution of rigidBodyAsUserFunctionTest= 8.95086527155215 
refsol= 8.950865271552148 
tol= 3e-11 
****************************************** 
  EXAMPLE 61 ("rigidBodyAsUserFunctionTest.py") FINISHED SUCCESSFUL 
  RESULT = 8.95086527155215 
  ERROR = 1.7763568394002505e-15 
****************************************** 


****************************************** 
  START EXAMPLE 62 ("rigidBodyCOMtest.py"): 
****************************************** 
AddRigidBody COM= [ 0.4   0.22 -0.35] 
inertia6D= [np.float64(14.2725), np.float64(14.0625), np.float64(11.21), np.float64(4.925), np.float64(5.5), np.float64(-1.2000000000000002)] 
+++++++++++++++++++++++++++++++
EXUDYN V1.9.0 solver: implicit second order time integration
STEP100, t = 1s, timeToGo = 0s, Nit/step = 7.8
solver finished after 0.00633838 seconds.
solution of rigidBodyCOMtest= 3.409431467726292 
refsol= 3.409431467726291 
tol= 3e-11 
****************************************** 
  EXAMPLE 62 ("rigidBodyCOMtest.py") FINISHED SUCCESSFUL 
  RESULT = 3.409431467726292 
  ERROR = 8.881784197001252e-16 
****************************************** 


****************************************** 
  START EXAMPLE 63 ("rigidBodySpringDamperIntrinsic.py"): 
****************************************** 
p1= [ 0.16884241 -0.06286121  0.10721368] 
p2= [ 0.16884241 -0.06286121  0.10721368] 
omega3= [ 5.19166462 -2.72101417 11.37143665] 
solution of rigidBodySpringDamperIntrinsic test= 0.5472368463345523 
refsol= 0.5472368463500464 
tol= 3e-11 
****************************************** 
  EXAMPLE 63 ("rigidBodySpringDamperIntrinsic.py") FINISHED SUCCESSFUL 
  RESULT = 0.5472368463345523 
  ERROR = -1.5494161509366222e-11 
****************************************** 


****************************************** 
  START EXAMPLE 64 ("rollingCoinTest.py"): 
****************************************** 
+++++++++++++++++++++++++++++++
EXUDYN V1.9.0 solver: implicit second order time integration
STEP1000, t = 0.5s, timeToGo = 0s, Nit/step = 2.341
solver finished after 0.00930254 seconds.
force in rollingCoinTest= [ 0.98865237 -0.2204573   9.84614513] 
solution of rollingCoinTest= 1.0634381189344366 
refsol= 1.063438118935288 
tol= 3e-11 
****************************************** 
  EXAMPLE 64 ("rollingCoinTest.py") FINISHED SUCCESSFUL 
  RESULT = 1.0634381189344366 
  ERROR = -8.5131901528257e-13 
****************************************** 


****************************************** 
  START EXAMPLE 65 ("rollingDiscTangentialForces.py"): 
****************************************** 
omegaY= 2.0986106515184435 
omegaZ= 3.4976844191974057 
necessary torque= 317.09999999999997 , gyro torque= 317.0999999999999 
-317.09999999999997 
centrifugal force: 396.37499999999994 
omega1 x (Theta * omega2) =  317.0999999999999 
Mgyro                     =  317.0999999999999 
omega1 x (Theta * omega1) =  [   0.    -396.375    0.   ] 
-317.09999999999997 
Theta * angAcc =  [    0.         -1388.47499978     0.        ] 
Theta * angAcc + omega1 x (Theta * omega1) =  [    0.         -1784.84999978     0.        ] 
+++++++++++++++++++++++++++++++
EXUDYN V1.9.0 solver: implicit second order time integration
STEP100, t = 0.1s, timeToGo = 0s, Nit/step = 4.27
solver finished after 0.106598 seconds.
rollingDiscTangentialForces: F= [-3.96375173e+02  1.00247531e-03  6.37825561e+02] 
solution of rollingDiscTangentialForces= 1.0342017363449214 
refsol= 1.0342017388721547 
tol= 3e-11 
****************************************** 
  EXAMPLE 65 ("rollingDiscTangentialForces.py") *FAILED* 
  RESULT = 1.0342017363449214 
  ERROR = -2.527233311511168e-09 
****************************************** 


****************************************** 
  START EXAMPLE 66 ("rollingCoinPenaltyTest.py"): 
****************************************** 
solution of rollingCoinPenaltyTest= 0.03489603106751361 
refsol= 0.03489603106689881 
tol= 3e-11 
****************************************** 
  EXAMPLE 66 ("rollingCoinPenaltyTest.py") FINISHED SUCCESSFUL 
  RESULT = 0.03489603106751361 
  ERROR = 6.147998776739882e-13 
****************************************** 


****************************************** 
  START EXAMPLE 67 ("rotatingTableTest.py"): 
****************************************** 
+++++++++++++++++++++++++++++++
EXUDYN V1.9.0 solver: implicit second order time integration
STEP1000, t = 5s, timeToGo = 0s, Nit/step = 6.708
solver finished after 0.0304599 seconds.
Solver iteration statistics:
total number of steps:        1000
total number of Newton iterations: 6708
total number of Newton Jacobians:  33
rotatingTableTest mode 0 = 3.919925059393041 
+++++++++++++++++++++++++++++++
EXUDYN V1.9.0 solver: implicit second order time integration
STEP1000, t = 5s, timeToGo = 0s, Nit/step = 7.002
solver finished after 0.0338793 seconds.
Solver iteration statistics:
total number of steps:        1000
total number of Newton iterations: 7002
total number of Newton Jacobians:  41
rotatingTableTest mode 1 = 3.9187553156367687 
rotatingTableTest= 7.83868037502981 
refsol= 7.838680375029869 
tol= 3e-11 
****************************************** 
  EXAMPLE 67 ("rotatingTableTest.py") FINISHED SUCCESSFUL 
  RESULT = 7.83868037502981 
  ERROR = -5.861977570020827e-14 
****************************************** 


****************************************** 
  START EXAMPLE 68 ("scissorPrismaticRevolute2D.py"): 
****************************************** 
+++++++++++++++++++++++++++++++
EXUDYN V1.9.0 solver: implicit second order time integration
STEP500, t = 10s, timeToGo = 0s, Nit/step = 3.002
solver finished after 0.0520964 seconds.
Solver iteration statistics:
total number of steps:        500
total number of Newton iterations: 1501
total number of Newton Jacobians:  1501
uy= 1.1310332041867301 
solver.it.newtonStepsCount= 1501 
+++++++++++++++++++++++++++++++
EXUDYN V1.9.0 solver: implicit second order time integration
STEP500, t = 10s, timeToGo = 0s, Nit/step = 2.434
solver finished after 0.0931521 seconds.
Solver iteration statistics:
total number of steps:        500
total number of Newton iterations: 1217
total number of Newton Jacobians:  1217
uy= 1.1246157002348829 
solver.it.newtonStepsCount= 1217 
refsol= 27.20255648904422 
tol= 3e-11 
****************************************** 
  EXAMPLE 68 ("scissorPrismaticRevolute2D.py") FINISHED SUCCESSFUL 
  RESULT = 27.20255648904422 
  ERROR = 0.0 
****************************************** 


****************************************** 
  START EXAMPLE 69 ("sensorUserFunctionTest.py"): 
****************************************** 
sensor= 45.0 
refsol= 45 
tol= 3e-11 
****************************************** 
  EXAMPLE 69 ("sensorUserFunctionTest.py") FINISHED SUCCESSFUL 
  RESULT = 45.0 
  ERROR = 0.0 
****************************************** 


****************************************** 
  START EXAMPLE 70 ("serialRobotTest.py"): 
****************************************** 
+++++++++++++++++++++++++++++++
EXUDYN V1.9.0 solver: implicit second order time integration
STEP200, t = 0.2s, timeToGo = 0s, Nit/step = 2.955
solver finished after 0.0947987 seconds.
torques at tEnd= 0.7681856909840372 
refsol= 0.7681856909852399 
tol= 3e-09 
****************************************** 
  EXAMPLE 70 ("serialRobotTest.py") FINISHED SUCCESSFUL 
  RESULT = 0.7681856909840372 
  ERROR = -1.202704602576432e-12 
****************************************** 


****************************************** 
  START EXAMPLE 71 ("sliderCrank3Dtest.py"): 
****************************************** 
slider initial position = 0.19999999999999996 
vCB len= 0.3 
+++++++++++++++++++++++++++++++
EXUDYN V1.9.0 solver: implicit second order time integration
STEP1000, t = 0.2s, timeToGo = 0s, Nit/step = 2
solver finished after 0.059819 seconds.
solution of 3D slidercrank iftomm benchmark= 3.3642761780921893 
refsol= 3.3642761780921897 
tol= 3e-11 
****************************************** 
  EXAMPLE 71 ("sliderCrank3Dtest.py") FINISHED SUCCESSFUL 
  RESULT = 3.3642761780921893 
  ERROR = -4.440892098500626e-16 
****************************************** 


****************************************** 
  START EXAMPLE 72 ("sliderCrankFloatingTest.py"): 
****************************************** 
+++++++++++++++++++++++++++++++
EXUDYN V1.9.0 solver: implicit second order time integration
STEP5000, t = 0.3s, timeToGo = 0s, Nit/step = 6.055
solver finished after 0.0737284 seconds.
sol = 0.2948599898874918 
+++++++++++++++++++++++++++++++
EXUDYN V1.9.0 solver: implicit second order time integration
STEP5000, t = 0.3s, timeToGo = 0s, Nit/step = 6.0214
solver finished after 0.19713 seconds.
sol = 0.296789173491342 
solutionSliderCrankIndex2= 0.5916491633788338 
refsol= 0.591649163378833 
tol= 3e-11 
****************************************** 
  EXAMPLE 72 ("sliderCrankFloatingTest.py") FINISHED SUCCESSFUL 
  RESULT = 0.5916491633788338 
  ERROR = 7.771561172376096e-16 
****************************************** 


****************************************** 
  START EXAMPLE 73 ("solverExplicitODE1ODE2test.py"): 
****************************************** 
EXUDYN version=1.9.0 
solverExplicitODE1ODE2 err= 3.376793327594788 
refsol= 3.3767933275970896 
tol= 3e-11 
****************************************** 
  EXAMPLE 73 ("solverExplicitODE1ODE2test.py") FINISHED SUCCESSFUL 
  RESULT = 3.376793327594788 
  ERROR = -2.3017143746528745e-12 
****************************************** 


****************************************** 
  START EXAMPLE 74 ("sparseMatrixSpringDamperTest.py"): 
****************************************** 
+++++++++++++++++++++++++++++++
EXUDYN V1.9.0 solver: nonlinear static solver
*********************
Static solver (1 load steps):
*********************

Start steps solving loop

Write initial step to solution file and visualize ...
STEP0, factor = 0, timeToGo = 0s
+++++++++++++++ STEP FINISHED ++++++++++++++

+++++++++++++++ COMPUTE STEP +++++++++++++++
STEP1, factor = 1, step size = 1
  START discontinuous iteration 0:
Newton: initial residual = 0.515994; goals: relTol=1e-08, absTol=1e-10
    NEWTON STEP 1: residual = 660.542: relTol = 1280.14: contr. = 1280.14
    update initial residual with current residual; initial residual = 660.542
    NEWTON STEP 2: residual = 0.0172949: relTol = 2.61829e-05: contr. = 2.61829e-05
    NEWTON STEP 3: residual = 0.00015339: relTol = 2.32219e-07: contr. = 0.00886908
    NEWTON STEP 4: residual = 8.72112e-10: relTol = 1.3203e-12: contr. = 5.68558e-06
  Newton: converged after 4 steps; relative error = 1.3203e-12
  PostNewton step: run with 1 threads
  discontinuous iteration error = 0 (disc.it.=0, error goal = 1 ... REACHED)
STEP1, factor = 1, timeToGo = 0s, Nit/step = 4
+++++++++++++++ STEP FINISHED ++++++++++++++

solver finished after 0.193849 seconds.
static tip displacement (y)= -6.779862812271382 
+++++++++++++++++++++++++++++++
EXUDYN V1.9.0 solver: nonlinear static solver
*********************
Static solver (1 load steps):
*********************

Start steps solving loop

Write initial step to solution file and visualize ...
STEP0, factor = 0, timeToGo = 0s
+++++++++++++++ STEP FINISHED ++++++++++++++

+++++++++++++++ COMPUTE STEP +++++++++++++++
STEP1, factor = 1, step size = 1
  START discontinuous iteration 0:
Newton: initial residual = 0.515994; goals: relTol=1e-08, absTol=1e-10
    NEWTON STEP 1: residual = 660.542: relTol = 1280.14: contr. = 1280.14
    update initial residual with current residual; initial residual = 660.542
    NEWTON STEP 2: residual = 0.0172949: relTol = 2.61829e-05: contr. = 2.61829e-05
    NEWTON STEP 3: residual = 0.00015339: relTol = 2.32219e-07: contr. = 0.00886909
    NEWTON STEP 4: residual = 7.75562e-10: relTol = 1.17413e-12: contr. = 5.05613e-06
  Newton: converged after 4 steps; relative error = 1.17413e-12
  PostNewton step: run with 1 threads
  discontinuous iteration error = 0 (disc.it.=0, error goal = 1 ... REACHED)
STEP1, factor = 1, timeToGo = 0s, Nit/step = 4
+++++++++++++++ STEP FINISHED ++++++++++++++

solver finished after 0.00850946 seconds.
static tip displacement (y)= -6.7798628122713955 
refsol= -0.06779862812271394 
tol= 3e-11 
****************************************** 
  EXAMPLE 74 ("sparseMatrixSpringDamperTest.py") FINISHED SUCCESSFUL 
  RESULT = -0.06779862812271396 
  ERROR = -2.7755575615628914e-17 
****************************************** 


****************************************** 
  START EXAMPLE 75 ("sphericalJointTest.py"): 
****************************************** 
+++++++++++++++++++++++++++++++
EXUDYN V1.9.0 solver: implicit second order time integration
STEP1000, t = 1s, timeToGo = 0s, Nit/step = 6.77
solver finished after 0.0491913 seconds.
solution of sphericalJointTest= 4.4090804465750235 
refsol= 4.409080446575089 
tol= 3e-11 
****************************************** 
  EXAMPLE 75 ("sphericalJointTest.py") FINISHED SUCCESSFUL 
  RESULT = 4.4090804465750235 
  ERROR = -6.572520305780927e-14 
****************************************** 


****************************************** 
  START EXAMPLE 76 ("springDamperUserFunctionTest.py"): 
****************************************** 
EXUDYN version=1.9.0 
resonance frequency = 50.0 
+++++++++++++++++++++++++++++++
EXUDYN V1.9.0 solver: implicit second order time integration
STEP5000, t = 50s, timeToGo = 0s, Nit/step = 1.9798
solver finished after 0.0545338 seconds.
Solver iteration statistics:
total number of steps:        5000
total number of Newton iterations: 9899
total number of Newton Jacobians:  9899
displacement= 0.5062872273010895 
refsol= 0.5062872273010911 
tol= 3e-11 
****************************************** 
  EXAMPLE 76 ("springDamperUserFunctionTest.py") FINISHED SUCCESSFUL 
  RESULT = 0.5062872273010895 
  ERROR = -1.5543122344752192e-15 
****************************************** 


****************************************** 
  START EXAMPLE 77 ("stiffFlyballGovernor.py"): 
****************************************** 
+++++++++++++++++++++++++++++++
EXUDYN V1.9.0 solver: implicit second order time integration
STEP20, t = 0.001s, timeToGo = 0s, Nit/step = 0
solver finished after 0.0120155 seconds.
solution of stiffFlyballGovernor= 0.8962488779114737 
refsol= 0.8962488779114738 
tol= 3e-11 
****************************************** 
  EXAMPLE 77 ("stiffFlyballGovernor.py") FINISHED SUCCESSFUL 
  RESULT = 0.8962488779114737 
  ERROR = -1.1102230246251565e-16 
****************************************** 


****************************************** 
  START EXAMPLE 78 ("superElementRigidJointTest.py"): 
****************************************** 
+++++++++++++++++++++++++++++++
EXUDYN V1.9.0 solver: implicit second order time integration
STEP5, t = 0.005s, timeToGo = 0s, Nit/step = 2.4
solver finished after 0.0144362 seconds.
solution of superElementRigidJointTest= 0.015217208913989136 
refsol= 0.015217208913989071 
tol= 3e-11 
****************************************** 
  EXAMPLE 78 ("superElementRigidJointTest.py") FINISHED SUCCESSFUL 
  RESULT = 0.015217208913989136 
  ERROR = 6.418476861114186e-17 
****************************************** 


****************************************** 
  START EXAMPLE 79 ("symbolicUserFunctionTest.py"): 
****************************************** 
spring user function: ((((10 * damping) * deltaL_t) + ((stiffness * sign(deltaL)) * pow(abs(deltaL), 1.2))) + force) 
load user function:   (load * sin((62.8319 * t))) 
start simulation 
+++++++++++++++++++++++++++++++
EXUDYN V1.9.0 solver: explicit time integration (RK44)
STEP10000, t = 50s, timeToGo = 0s, Nit/step = 0
solver finished after 0.016857 seconds.
finished:  0.016933202743530273 seconds 
u= 0.10039884426884882 
solution of symbolicUserFunctionTest= 0.10039884426884882 
refsol= 0.10039884426884882 
tol= 3e-11 
****************************************** 
  EXAMPLE 79 ("symbolicUserFunctionTest.py") FINISHED SUCCESSFUL 
  RESULT = 0.10039884426884882 
  ERROR = 0.0 
****************************************** 


****************************************** 
  START EXAMPLE 80 ("symbolicModuleTest.py"): 
****************************************** 
Real.newCount= 904 
Real.deleteCount= 904 
Vector.newCount= 71 
Vector.deleteCount= 71 
Matrix.newCount= 29 
Matrix.deleteCount= 29 

finished 796 tests 
WRONG results (after vectorTests): 0 
 
u= 0.9484129575069745 
solution of symbolicModuleTest= 0.9484129575069745 
refsol= 0.9484129575069745 
tol= 3e-11 
****************************************** 
  EXAMPLE 80 ("symbolicModuleTest.py") FINISHED SUCCESSFUL 
  RESULT = 0.9484129575069745 
  ERROR = 0.0 
****************************************** 


****************************************** 
  START EXAMPLE 81 ("taskmanagerTest.py"): 
****************************************** 
** CASE 0 **: [1, 1, 0, 0, 0, 0, 0] ; RESULTS: tip-disp=[np.float64(0.0), np.float64(0.0), np.float64(0.0)], ODE1=[np.float64(0.4726773372820876), np.float64(-8.7383381821802), np.float64(4.9999999893313944)] 

Python WARNING [file '/private/var/folders/0g/hj_q_pzx65bbjnslxz9n0src0000gn/T/cibw-run-idf5h6xy/cp312-macosx_universal2/venv-test-arm64/lib/python3.12/site-packages/exudyn/solver.py', line 250]: 
Initialize Solver: requested 2 threads, but taskmanager not available (Exudyn maybe not built with taskmanager?)

** CASE 1 **: [2, 1, 0, 0, 0, 0, 0] ; RESULTS: tip-disp=[np.float64(0.0), np.float64(0.0), np.float64(0.0)], ODE1=[np.float64(0.4726773372820876), np.float64(-8.7383381821802), np.float64(4.9999999893313944)] 

Python WARNING [file '/private/var/folders/0g/hj_q_pzx65bbjnslxz9n0src0000gn/T/cibw-run-idf5h6xy/cp312-macosx_universal2/venv-test-arm64/lib/python3.12/site-packages/exudyn/solver.py', line 250]: 
Initialize Solver: requested 5 threads, but taskmanager not available (Exudyn maybe not built with taskmanager?)

** CASE 2 **: [5, 1, 0, 0, 0, 0, 0] ; RESULTS: tip-disp=[np.float64(0.0), np.float64(0.0), np.float64(0.0)], ODE1=[np.float64(0.4726773372820876), np.float64(-8.7383381821802), np.float64(4.9999999893313944)] 
** CASE 3 **: [1, 1, 0, 0, 1, 0, 0] ; RESULTS: tip-disp=[np.float64(0.0), np.float64(0.0), np.float64(0.0)], ODE1=[np.float64(0.4726773372820876), np.float64(-8.7383381821802), np.float64(4.9999999893313944)] 

Python WARNING [file '/private/var/folders/0g/hj_q_pzx65bbjnslxz9n0src0000gn/T/cibw-run-idf5h6xy/cp312-macosx_universal2/venv-test-arm64/lib/python3.12/site-packages/exudyn/solver.py', line 250]: 
Initialize Solver: requested 2 threads, but taskmanager not available (Exudyn maybe not built with taskmanager?)

** CASE 4 **: [2, 1, 0, 0, 1, 0, 0] ; RESULTS: tip-disp=[np.float64(0.0), np.float64(0.0), np.float64(0.0)], ODE1=[np.float64(0.4726773372820876), np.float64(-8.7383381821802), np.float64(4.9999999893313944)] 

Python WARNING [file '/private/var/folders/0g/hj_q_pzx65bbjnslxz9n0src0000gn/T/cibw-run-idf5h6xy/cp312-macosx_universal2/venv-test-arm64/lib/python3.12/site-packages/exudyn/solver.py', line 250]: 
Initialize Solver: requested 5 threads, but taskmanager not available (Exudyn maybe not built with taskmanager?)

** CASE 5 **: [5, 1, 0, 0, 1, 0, 0] ; RESULTS: tip-disp=[np.float64(0.0), np.float64(0.0), np.float64(0.0)], ODE1=[np.float64(0.4726773372820876), np.float64(-8.7383381821802), np.float64(4.9999999893313944)] 
** CASE 6 **: [1, 1, 0, 1, 0, 0, 0] ; RESULTS: tip-disp=[np.float64(0.0), np.float64(0.0), np.float64(0.0)], ODE1=[np.float64(0.4726773372820876), np.float64(-8.7383381821802), np.float64(4.9999999893313944)] 

Python WARNING [file '/private/var/folders/0g/hj_q_pzx65bbjnslxz9n0src0000gn/T/cibw-run-idf5h6xy/cp312-macosx_universal2/venv-test-arm64/lib/python3.12/site-packages/exudyn/solver.py', line 250]: 
Initialize Solver: requested 2 threads, but taskmanager not available (Exudyn maybe not built with taskmanager?)

** CASE 7 **: [2, 1, 0, 1, 0, 0, 0] ; RESULTS: tip-disp=[np.float64(0.0), np.float64(0.0), np.float64(0.0)], ODE1=[np.float64(0.4726773372820876), np.float64(-8.7383381821802), np.float64(4.9999999893313944)] 

Python WARNING [file '/private/var/folders/0g/hj_q_pzx65bbjnslxz9n0src0000gn/T/cibw-run-idf5h6xy/cp312-macosx_universal2/venv-test-arm64/lib/python3.12/site-packages/exudyn/solver.py', line 250]: 
Initialize Solver: requested 5 threads, but taskmanager not available (Exudyn maybe not built with taskmanager?)

** CASE 8 **: [5, 1, 0, 1, 0, 0, 0] ; RESULTS: tip-disp=[np.float64(0.0), np.float64(0.0), np.float64(0.0)], ODE1=[np.float64(0.4726773372820876), np.float64(-8.7383381821802), np.float64(4.9999999893313944)] 
** CASE 9 **: [1, 1, 0, 1, 1, 0, 0] ; RESULTS: tip-disp=[np.float64(0.0), np.float64(0.0), np.float64(0.0)], ODE1=[np.float64(0.4726773372820876), np.float64(-8.7383381821802), np.float64(4.9999999893313944)] 

Python WARNING [file '/private/var/folders/0g/hj_q_pzx65bbjnslxz9n0src0000gn/T/cibw-run-idf5h6xy/cp312-macosx_universal2/venv-test-arm64/lib/python3.12/site-packages/exudyn/solver.py', line 250]: 
Initialize Solver: requested 2 threads, but taskmanager not available (Exudyn maybe not built with taskmanager?)

** CASE 10 **: [2, 1, 0, 1, 1, 0, 0] ; RESULTS: tip-disp=[np.float64(0.0), np.float64(0.0), np.float64(0.0)], ODE1=[np.float64(0.4726773372820876), np.float64(-8.7383381821802), np.float64(4.9999999893313944)] 

Python WARNING [file '/private/var/folders/0g/hj_q_pzx65bbjnslxz9n0src0000gn/T/cibw-run-idf5h6xy/cp312-macosx_universal2/venv-test-arm64/lib/python3.12/site-packages/exudyn/solver.py', line 250]: 
Initialize Solver: requested 5 threads, but taskmanager not available (Exudyn maybe not built with taskmanager?)

** CASE 11 **: [5, 1, 0, 1, 1, 0, 0] ; RESULTS: tip-disp=[np.float64(0.0), np.float64(0.0), np.float64(0.0)], ODE1=[np.float64(0.4726773372820876), np.float64(-8.7383381821802), np.float64(4.9999999893313944)] 
** CASE 12 **: [1, 0, 1, 0, 0, 0, 0] ; RESULTS: tip-disp=[np.float64(-0.004370896011591241), np.float64(-0.019429692092482506), np.float64(0.0)] 

Python WARNING [file '/private/var/folders/0g/hj_q_pzx65bbjnslxz9n0src0000gn/T/cibw-run-idf5h6xy/cp312-macosx_universal2/venv-test-arm64/lib/python3.12/site-packages/exudyn/solver.py', line 250]: 
Initialize Solver: requested 2 threads, but taskmanager not available (Exudyn maybe not built with taskmanager?)

** CASE 13 **: [2, 0, 1, 0, 0, 0, 0] ; RESULTS: tip-disp=[np.float64(-0.004370896011591241), np.float64(-0.019429692092482506), np.float64(0.0)] 

Python WARNING [file '/private/var/folders/0g/hj_q_pzx65bbjnslxz9n0src0000gn/T/cibw-run-idf5h6xy/cp312-macosx_universal2/venv-test-arm64/lib/python3.12/site-packages/exudyn/solver.py', line 250]: 
Initialize Solver: requested 5 threads, but taskmanager not available (Exudyn maybe not built with taskmanager?)

** CASE 14 **: [5, 0, 1, 0, 0, 0, 0] ; RESULTS: tip-disp=[np.float64(-0.004370896011591241), np.float64(-0.019429692092482506), np.float64(0.0)] 
** CASE 15 **: [1, 1, 1, 0, 0, 0, 0] ; RESULTS: tip-disp=[np.float64(-0.00437089597281326), np.float64(-0.019429692002979136), np.float64(0.0)], ODE1=[np.float64(0.4726773372742115), np.float64(-8.738338182354907), np.float64(4.999999989331395)] 

Python WARNING [file '/private/var/folders/0g/hj_q_pzx65bbjnslxz9n0src0000gn/T/cibw-run-idf5h6xy/cp312-macosx_universal2/venv-test-arm64/lib/python3.12/site-packages/exudyn/solver.py', line 250]: 
Initialize Solver: requested 2 threads, but taskmanager not available (Exudyn maybe not built with taskmanager?)

** CASE 16 **: [2, 1, 1, 0, 0, 0, 0] ; RESULTS: tip-disp=[np.float64(-0.00437089597281326), np.float64(-0.019429692002979136), np.float64(0.0)], ODE1=[np.float64(0.4726773372742115), np.float64(-8.738338182354907), np.float64(4.999999989331395)] 

Python WARNING [file '/private/var/folders/0g/hj_q_pzx65bbjnslxz9n0src0000gn/T/cibw-run-idf5h6xy/cp312-macosx_universal2/venv-test-arm64/lib/python3.12/site-packages/exudyn/solver.py', line 250]: 
Initialize Solver: requested 5 threads, but taskmanager not available (Exudyn maybe not built with taskmanager?)

** CASE 17 **: [5, 1, 1, 0, 0, 0, 0] ; RESULTS: tip-disp=[np.float64(-0.00437089597281326), np.float64(-0.019429692002979136), np.float64(0.0)], ODE1=[np.float64(0.4726773372742115), np.float64(-8.738338182354907), np.float64(4.999999989331395)] 
** CASE 18 **: [1, 0, 1, 0, 1, 0, 0] ; RESULTS: tip-disp=[np.float64(-0.26268952125737055), np.float64(-0.5057841312030273), np.float64(0.0)] 

Python WARNING [file '/private/var/folders/0g/hj_q_pzx65bbjnslxz9n0src0000gn/T/cibw-run-idf5h6xy/cp312-macosx_universal2/venv-test-arm64/lib/python3.12/site-packages/exudyn/solver.py', line 250]: 
Initialize Solver: requested 2 threads, but taskmanager not available (Exudyn maybe not built with taskmanager?)

** CASE 19 **: [2, 0, 1, 0, 1, 0, 0] ; RESULTS: tip-disp=[np.float64(-0.26268952125737055), np.float64(-0.5057841312030273), np.float64(0.0)] 

Python WARNING [file '/private/var/folders/0g/hj_q_pzx65bbjnslxz9n0src0000gn/T/cibw-run-idf5h6xy/cp312-macosx_universal2/venv-test-arm64/lib/python3.12/site-packages/exudyn/solver.py', line 250]: 
Initialize Solver: requested 5 threads, but taskmanager not available (Exudyn maybe not built with taskmanager?)

** CASE 20 **: [5, 0, 1, 0, 1, 0, 0] ; RESULTS: tip-disp=[np.float64(-0.26268952125737055), np.float64(-0.5057841312030273), np.float64(0.0)] 
** CASE 21 **: [1, 1, 1, 0, 1, 0, 0] ; RESULTS: tip-disp=[np.float64(-0.26268952125737055), np.float64(-0.5057841312030273), np.float64(0.0)], ODE1=[np.float64(0.47267733728478184), np.float64(-8.738338182470347), np.float64(4.999999989331395)] 

Python WARNING [file '/private/var/folders/0g/hj_q_pzx65bbjnslxz9n0src0000gn/T/cibw-run-idf5h6xy/cp312-macosx_universal2/venv-test-arm64/lib/python3.12/site-packages/exudyn/solver.py', line 250]: 
Initialize Solver: requested 2 threads, but taskmanager not available (Exudyn maybe not built with taskmanager?)

** CASE 22 **: [2, 1, 1, 0, 1, 0, 0] ; RESULTS: tip-disp=[np.float64(-0.26268952125737055), np.float64(-0.5057841312030273), np.float64(0.0)], ODE1=[np.float64(0.47267733728478184), np.float64(-8.738338182470347), np.float64(4.999999989331395)] 

Python WARNING [file '/private/var/folders/0g/hj_q_pzx65bbjnslxz9n0src0000gn/T/cibw-run-idf5h6xy/cp312-macosx_universal2/venv-test-arm64/lib/python3.12/site-packages/exudyn/solver.py', line 250]: 
Initialize Solver: requested 5 threads, but taskmanager not available (Exudyn maybe not built with taskmanager?)

** CASE 23 **: [5, 1, 1, 0, 1, 0, 0] ; RESULTS: tip-disp=[np.float64(-0.26268952125737055), np.float64(-0.5057841312030273), np.float64(0.0)], ODE1=[np.float64(0.47267733728478184), np.float64(-8.738338182470347), np.float64(4.999999989331395)] 
** CASE 24 **: [1, 0, 1, 0, 0, 1, 0] ; RESULTS: tip-disp=[np.float64(-0.008449856540029499), np.float64(-0.03542641581991105), np.float64(0.0)] 

Python WARNING [file '/private/var/folders/0g/hj_q_pzx65bbjnslxz9n0src0000gn/T/cibw-run-idf5h6xy/cp312-macosx_universal2/venv-test-arm64/lib/python3.12/site-packages/exudyn/solver.py', line 166]: 
Initialize Solver: requested 2 threads, but taskmanager not available (Exudyn maybe not built with taskmanager?)

** CASE 25 **: [2, 0, 1, 0, 0, 1, 0] ; RESULTS: tip-disp=[np.float64(-0.008449856540029499), np.float64(-0.03542641581991105), np.float64(0.0)] 

Python WARNING [file '/private/var/folders/0g/hj_q_pzx65bbjnslxz9n0src0000gn/T/cibw-run-idf5h6xy/cp312-macosx_universal2/venv-test-arm64/lib/python3.12/site-packages/exudyn/solver.py', line 166]: 
Initialize Solver: requested 5 threads, but taskmanager not available (Exudyn maybe not built with taskmanager?)

** CASE 26 **: [5, 0, 1, 0, 0, 1, 0] ; RESULTS: tip-disp=[np.float64(-0.008449856540029499), np.float64(-0.03542641581991105), np.float64(0.0)] 
** CASE 27 **: [1, 0, 1, 0, 1, 1, 0] ; RESULTS: tip-disp=[np.float64(-0.008449856540029499), np.float64(-0.035426415819911315), np.float64(0.0)] 

Python WARNING [file '/private/var/folders/0g/hj_q_pzx65bbjnslxz9n0src0000gn/T/cibw-run-idf5h6xy/cp312-macosx_universal2/venv-test-arm64/lib/python3.12/site-packages/exudyn/solver.py', line 166]: 
Initialize Solver: requested 2 threads, but taskmanager not available (Exudyn maybe not built with taskmanager?)

** CASE 28 **: [2, 0, 1, 0, 1, 1, 0] ; RESULTS: tip-disp=[np.float64(-0.008449856540029499), np.float64(-0.035426415819911315), np.float64(0.0)] 

Python WARNING [file '/private/var/folders/0g/hj_q_pzx65bbjnslxz9n0src0000gn/T/cibw-run-idf5h6xy/cp312-macosx_universal2/venv-test-arm64/lib/python3.12/site-packages/exudyn/solver.py', line 166]: 
Initialize Solver: requested 5 threads, but taskmanager not available (Exudyn maybe not built with taskmanager?)

** CASE 29 **: [5, 0, 1, 0, 1, 1, 0] ; RESULTS: tip-disp=[np.float64(-0.008449856540029499), np.float64(-0.035426415819911315), np.float64(0.0)] 
** CASE 30 **: [1, 0, 1, 1, 0, 0, 0] ; RESULTS: tip-disp=[np.float64(0.0), np.float64(0.0), np.float64(0.0)] 

Python WARNING [file '/private/var/folders/0g/hj_q_pzx65bbjnslxz9n0src0000gn/T/cibw-run-idf5h6xy/cp312-macosx_universal2/venv-test-arm64/lib/python3.12/site-packages/exudyn/solver.py', line 250]: 
Initialize Solver: requested 2 threads, but taskmanager not available (Exudyn maybe not built with taskmanager?)

** CASE 31 **: [2, 0, 1, 1, 0, 0, 0] ; RESULTS: tip-disp=[np.float64(0.0), np.float64(0.0), np.float64(0.0)] 

Python WARNING [file '/private/var/folders/0g/hj_q_pzx65bbjnslxz9n0src0000gn/T/cibw-run-idf5h6xy/cp312-macosx_universal2/venv-test-arm64/lib/python3.12/site-packages/exudyn/solver.py', line 250]: 
Initialize Solver: requested 5 threads, but taskmanager not available (Exudyn maybe not built with taskmanager?)

** CASE 32 **: [5, 0, 1, 1, 0, 0, 0] ; RESULTS: tip-disp=[np.float64(0.0), np.float64(0.0), np.float64(0.0)] 
** CASE 33 **: [1, 1, 1, 1, 0, 0, 0] ; RESULTS: tip-disp=[np.float64(0.0), np.float64(0.0), np.float64(0.0)], ODE1=[np.float64(0.4726773372820876), np.float64(-8.7383381821802), np.float64(4.9999999893313944)] 

Python WARNING [file '/private/var/folders/0g/hj_q_pzx65bbjnslxz9n0src0000gn/T/cibw-run-idf5h6xy/cp312-macosx_universal2/venv-test-arm64/lib/python3.12/site-packages/exudyn/solver.py', line 250]: 
Initialize Solver: requested 2 threads, but taskmanager not available (Exudyn maybe not built with taskmanager?)

** CASE 34 **: [2, 1, 1, 1, 0, 0, 0] ; RESULTS: tip-disp=[np.float64(0.0), np.float64(0.0), np.float64(0.0)], ODE1=[np.float64(0.4726773372820876), np.float64(-8.7383381821802), np.float64(4.9999999893313944)] 

Python WARNING [file '/private/var/folders/0g/hj_q_pzx65bbjnslxz9n0src0000gn/T/cibw-run-idf5h6xy/cp312-macosx_universal2/venv-test-arm64/lib/python3.12/site-packages/exudyn/solver.py', line 250]: 
Initialize Solver: requested 5 threads, but taskmanager not available (Exudyn maybe not built with taskmanager?)

** CASE 35 **: [5, 1, 1, 1, 0, 0, 0] ; RESULTS: tip-disp=[np.float64(0.0), np.float64(0.0), np.float64(0.0)], ODE1=[np.float64(0.4726773372820876), np.float64(-8.7383381821802), np.float64(4.9999999893313944)] 
** CASE 36 **: [1, 0, 1, 1, 1, 0, 0] ; RESULTS: tip-disp=[np.float64(0.0), np.float64(-2.1752463519104705e-18), np.float64(0.0)] 

Python WARNING [file '/private/var/folders/0g/hj_q_pzx65bbjnslxz9n0src0000gn/T/cibw-run-idf5h6xy/cp312-macosx_universal2/venv-test-arm64/lib/python3.12/site-packages/exudyn/solver.py', line 250]: 
Initialize Solver: requested 2 threads, but taskmanager not available (Exudyn maybe not built with taskmanager?)

** CASE 37 **: [2, 0, 1, 1, 1, 0, 0] ; RESULTS: tip-disp=[np.float64(0.0), np.float64(-2.1752463519104705e-18), np.float64(0.0)] 

Python WARNING [file '/private/var/folders/0g/hj_q_pzx65bbjnslxz9n0src0000gn/T/cibw-run-idf5h6xy/cp312-macosx_universal2/venv-test-arm64/lib/python3.12/site-packages/exudyn/solver.py', line 250]: 
Initialize Solver: requested 5 threads, but taskmanager not available (Exudyn maybe not built with taskmanager?)

** CASE 38 **: [5, 0, 1, 1, 1, 0, 0] ; RESULTS: tip-disp=[np.float64(0.0), np.float64(-2.1752463519104705e-18), np.float64(0.0)] 
** CASE 39 **: [1, 1, 1, 1, 1, 0, 0] ; RESULTS: tip-disp=[np.float64(0.0), np.float64(4.074281212234429e-19), np.float64(0.0)], ODE1=[np.float64(0.47267733728452815), np.float64(-8.738338182472436), np.float64(4.999999989331395)] 

Python WARNING [file '/private/var/folders/0g/hj_q_pzx65bbjnslxz9n0src0000gn/T/cibw-run-idf5h6xy/cp312-macosx_universal2/venv-test-arm64/lib/python3.12/site-packages/exudyn/solver.py', line 250]: 
Initialize Solver: requested 2 threads, but taskmanager not available (Exudyn maybe not built with taskmanager?)

** CASE 40 **: [2, 1, 1, 1, 1, 0, 0] ; RESULTS: tip-disp=[np.float64(0.0), np.float64(4.074281212234429e-19), np.float64(0.0)], ODE1=[np.float64(0.47267733728452815), np.float64(-8.738338182472436), np.float64(4.999999989331395)] 

Python WARNING [file '/private/var/folders/0g/hj_q_pzx65bbjnslxz9n0src0000gn/T/cibw-run-idf5h6xy/cp312-macosx_universal2/venv-test-arm64/lib/python3.12/site-packages/exudyn/solver.py', line 250]: 
Initialize Solver: requested 5 threads, but taskmanager not available (Exudyn maybe not built with taskmanager?)

** CASE 41 **: [5, 1, 1, 1, 1, 0, 0] ; RESULTS: tip-disp=[np.float64(0.0), np.float64(4.074281212234429e-19), np.float64(0.0)], ODE1=[np.float64(0.47267733728452815), np.float64(-8.738338182472436), np.float64(4.999999989331395)] 
** CASE 42 **: [1, 0, 1, 1, 0, 1, 0] ; RESULTS: tip-disp=[np.float64(0.0), np.float64(0.0), np.float64(0.0)] 

Python WARNING [file '/private/var/folders/0g/hj_q_pzx65bbjnslxz9n0src0000gn/T/cibw-run-idf5h6xy/cp312-macosx_universal2/venv-test-arm64/lib/python3.12/site-packages/exudyn/solver.py', line 166]: 
Initialize Solver: requested 2 threads, but taskmanager not available (Exudyn maybe not built with taskmanager?)

** CASE 43 **: [2, 0, 1, 1, 0, 1, 0] ; RESULTS: tip-disp=[np.float64(0.0), np.float64(0.0), np.float64(0.0)] 

Python WARNING [file '/private/var/folders/0g/hj_q_pzx65bbjnslxz9n0src0000gn/T/cibw-run-idf5h6xy/cp312-macosx_universal2/venv-test-arm64/lib/python3.12/site-packages/exudyn/solver.py', line 166]: 
Initialize Solver: requested 5 threads, but taskmanager not available (Exudyn maybe not built with taskmanager?)

** CASE 44 **: [5, 0, 1, 1, 0, 1, 0] ; RESULTS: tip-disp=[np.float64(0.0), np.float64(0.0), np.float64(0.0)] 
** CASE 45 **: [1, 0, 1, 1, 1, 1, 0] ; RESULTS: tip-disp=[np.float64(0.0), np.float64(0.0), np.float64(0.0)] 

Python WARNING [file '/private/var/folders/0g/hj_q_pzx65bbjnslxz9n0src0000gn/T/cibw-run-idf5h6xy/cp312-macosx_universal2/venv-test-arm64/lib/python3.12/site-packages/exudyn/solver.py', line 166]: 
Initialize Solver: requested 2 threads, but taskmanager not available (Exudyn maybe not built with taskmanager?)

** CASE 46 **: [2, 0, 1, 1, 1, 1, 0] ; RESULTS: tip-disp=[np.float64(0.0), np.float64(0.0), np.float64(0.0)] 

Python WARNING [file '/private/var/folders/0g/hj_q_pzx65bbjnslxz9n0src0000gn/T/cibw-run-idf5h6xy/cp312-macosx_universal2/venv-test-arm64/lib/python3.12/site-packages/exudyn/solver.py', line 166]: 
Initialize Solver: requested 5 threads, but taskmanager not available (Exudyn maybe not built with taskmanager?)

** CASE 47 **: [5, 0, 1, 1, 1, 1, 0] ; RESULTS: tip-disp=[np.float64(0.0), np.float64(0.0), np.float64(0.0)] 
** CASE 48 **: [1, 0, 2, 0, 0, 0, 1] ; RESULTS: tip-disp=[np.float64(-0.0880363468401495), np.float64(-0.34234903261814925), np.float64(0.0)] 

Python WARNING [file '/private/var/folders/0g/hj_q_pzx65bbjnslxz9n0src0000gn/T/cibw-run-idf5h6xy/cp312-macosx_universal2/venv-test-arm64/lib/python3.12/site-packages/exudyn/solver.py', line 284]: 
Initialize Solver: requested 2 threads, but taskmanager not available (Exudyn maybe not built with taskmanager?)

** CASE 49 **: [2, 0, 2, 0, 0, 0, 1] ; RESULTS: tip-disp=[np.float64(-0.0880363468401495), np.float64(-0.34234903261814925), np.float64(0.0)] 

Python WARNING [file '/private/var/folders/0g/hj_q_pzx65bbjnslxz9n0src0000gn/T/cibw-run-idf5h6xy/cp312-macosx_universal2/venv-test-arm64/lib/python3.12/site-packages/exudyn/solver.py', line 284]: 
Initialize Solver: requested 5 threads, but taskmanager not available (Exudyn maybe not built with taskmanager?)

** CASE 50 **: [5, 0, 2, 0, 0, 0, 1] ; RESULTS: tip-disp=[np.float64(-0.0880363468401495), np.float64(-0.34234903261814925), np.float64(0.0)] 
** CASE 51 **: [1, 1, 2, 0, 0, 0, 1] ; RESULTS: tip-disp=[np.float64(-0.0880363468401495), np.float64(-0.34234903261814925), np.float64(0.0)], ODE1=[np.float64(0.41401569054072235), np.float64(-9.038078350533265), np.float64(4.999999989694047)] 

Python WARNING [file '/private/var/folders/0g/hj_q_pzx65bbjnslxz9n0src0000gn/T/cibw-run-idf5h6xy/cp312-macosx_universal2/venv-test-arm64/lib/python3.12/site-packages/exudyn/solver.py', line 284]: 
Initialize Solver: requested 2 threads, but taskmanager not available (Exudyn maybe not built with taskmanager?)

** CASE 52 **: [2, 1, 2, 0, 0, 0, 1] ; RESULTS: tip-disp=[np.float64(-0.0880363468401495), np.float64(-0.34234903261814925), np.float64(0.0)], ODE1=[np.float64(0.41401569054072235), np.float64(-9.038078350533265), np.float64(4.999999989694047)] 

Python WARNING [file '/private/var/folders/0g/hj_q_pzx65bbjnslxz9n0src0000gn/T/cibw-run-idf5h6xy/cp312-macosx_universal2/venv-test-arm64/lib/python3.12/site-packages/exudyn/solver.py', line 284]: 
Initialize Solver: requested 5 threads, but taskmanager not available (Exudyn maybe not built with taskmanager?)

** CASE 53 **: [5, 1, 2, 0, 0, 0, 1] ; RESULTS: tip-disp=[np.float64(-0.0880363468401495), np.float64(-0.34234903261814925), np.float64(0.0)], ODE1=[np.float64(0.41401569054072235), np.float64(-9.038078350533265), np.float64(4.999999989694047)] 
************
WARNING: VelocityVerlet: CHECK CONVERGENCE !!!
************
************
WARNING: VelocityVerlet: ADD Lie group formulas !!!
************
** CASE 54 **: [1, 0, 2, 0, 1, 0, 1] ; RESULTS: tip-disp=[np.float64(0.0374686446114989), np.float64(0.38962720208760393), np.float64(0.0)] 

Python WARNING [file '/private/var/folders/0g/hj_q_pzx65bbjnslxz9n0src0000gn/T/cibw-run-idf5h6xy/cp312-macosx_universal2/venv-test-arm64/lib/python3.12/site-packages/exudyn/solver.py', line 284]: 
Initialize Solver: requested 2 threads, but taskmanager not available (Exudyn maybe not built with taskmanager?)

** CASE 55 **: [2, 0, 2, 0, 1, 0, 1] ; RESULTS: tip-disp=[np.float64(0.0374686446114989), np.float64(0.38962720208760393), np.float64(0.0)] 

Python WARNING [file '/private/var/folders/0g/hj_q_pzx65bbjnslxz9n0src0000gn/T/cibw-run-idf5h6xy/cp312-macosx_universal2/venv-test-arm64/lib/python3.12/site-packages/exudyn/solver.py', line 284]: 
Initialize Solver: requested 5 threads, but taskmanager not available (Exudyn maybe not built with taskmanager?)

** CASE 56 **: [5, 0, 2, 0, 1, 0, 1] ; RESULTS: tip-disp=[np.float64(0.0374686446114989), np.float64(0.38962720208760393), np.float64(0.0)] 
** CASE 57 **: [1, 1, 2, 0, 1, 0, 1] ; RESULTS: tip-disp=[np.float64(0.03560123860933073), np.float64(0.38903936602890593), np.float64(0.0)], ODE1=[np.float64(0.41401569054072235), np.float64(-9.038078350533265), np.float64(4.999999989694047)] 

Python WARNING [file '/private/var/folders/0g/hj_q_pzx65bbjnslxz9n0src0000gn/T/cibw-run-idf5h6xy/cp312-macosx_universal2/venv-test-arm64/lib/python3.12/site-packages/exudyn/solver.py', line 284]: 
Initialize Solver: requested 2 threads, but taskmanager not available (Exudyn maybe not built with taskmanager?)

** CASE 58 **: [2, 1, 2, 0, 1, 0, 1] ; RESULTS: tip-disp=[np.float64(0.03560123860933073), np.float64(0.38903936602890593), np.float64(0.0)], ODE1=[np.float64(0.41401569054072235), np.float64(-9.038078350533265), np.float64(4.999999989694047)] 

Python WARNING [file '/private/var/folders/0g/hj_q_pzx65bbjnslxz9n0src0000gn/T/cibw-run-idf5h6xy/cp312-macosx_universal2/venv-test-arm64/lib/python3.12/site-packages/exudyn/solver.py', line 284]: 
Initialize Solver: requested 5 threads, but taskmanager not available (Exudyn maybe not built with taskmanager?)

** CASE 59 **: [5, 1, 2, 0, 1, 0, 1] ; RESULTS: tip-disp=[np.float64(0.03560123860933073), np.float64(0.38903936602890593), np.float64(0.0)], ODE1=[np.float64(0.41401569054072235), np.float64(-9.038078350533265), np.float64(4.999999989694047)] 
** CASE 60 **: [1, 0, 2, 0, 0, 1, 0] ; RESULTS: tip-disp=[np.float64(-0.04041427402236719), np.float64(-0.19022533128583996), np.float64(0.0)] 

Python WARNING [file '/private/var/folders/0g/hj_q_pzx65bbjnslxz9n0src0000gn/T/cibw-run-idf5h6xy/cp312-macosx_universal2/venv-test-arm64/lib/python3.12/site-packages/exudyn/solver.py', line 166]: 
Initialize Solver: requested 2 threads, but taskmanager not available (Exudyn maybe not built with taskmanager?)

** CASE 61 **: [2, 0, 2, 0, 0, 1, 0] ; RESULTS: tip-disp=[np.float64(-0.04041427402236719), np.float64(-0.19022533128583996), np.float64(0.0)] 

Python WARNING [file '/private/var/folders/0g/hj_q_pzx65bbjnslxz9n0src0000gn/T/cibw-run-idf5h6xy/cp312-macosx_universal2/venv-test-arm64/lib/python3.12/site-packages/exudyn/solver.py', line 166]: 
Initialize Solver: requested 5 threads, but taskmanager not available (Exudyn maybe not built with taskmanager?)

** CASE 62 **: [5, 0, 2, 0, 0, 1, 0] ; RESULTS: tip-disp=[np.float64(-0.04041427402236719), np.float64(-0.19022533128583996), np.float64(0.0)] 
** CASE 63 **: [1, 0, 2, 0, 1, 1, 0] ; RESULTS: tip-disp=[np.float64(-0.04041427402236719), np.float64(-0.1902253312858402), np.float64(0.0)] 

Python WARNING [file '/private/var/folders/0g/hj_q_pzx65bbjnslxz9n0src0000gn/T/cibw-run-idf5h6xy/cp312-macosx_universal2/venv-test-arm64/lib/python3.12/site-packages/exudyn/solver.py', line 166]: 
Initialize Solver: requested 2 threads, but taskmanager not available (Exudyn maybe not built with taskmanager?)

** CASE 64 **: [2, 0, 2, 0, 1, 1, 0] ; RESULTS: tip-disp=[np.float64(-0.04041427402236719), np.float64(-0.1902253312858402), np.float64(0.0)] 

Python WARNING [file '/private/var/folders/0g/hj_q_pzx65bbjnslxz9n0src0000gn/T/cibw-run-idf5h6xy/cp312-macosx_universal2/venv-test-arm64/lib/python3.12/site-packages/exudyn/solver.py', line 166]: 
Initialize Solver: requested 5 threads, but taskmanager not available (Exudyn maybe not built with taskmanager?)

** CASE 65 **: [5, 0, 2, 0, 1, 1, 0] ; RESULTS: tip-disp=[np.float64(-0.04041427402236719), np.float64(-0.1902253312858402), np.float64(0.0)] 
** CASE 66 **: [1, 0, 2, 1, 0, 0, 0] ; RESULTS: tip-disp=[np.float64(-4.953014372865994e-05), np.float64(-0.009952780225753268), np.float64(0.0)] 

Python WARNING [file '/private/var/folders/0g/hj_q_pzx65bbjnslxz9n0src0000gn/T/cibw-run-idf5h6xy/cp312-macosx_universal2/venv-test-arm64/lib/python3.12/site-packages/exudyn/solver.py', line 250]: 
Initialize Solver: requested 2 threads, but taskmanager not available (Exudyn maybe not built with taskmanager?)

** CASE 67 **: [2, 0, 2, 1, 0, 0, 0] ; RESULTS: tip-disp=[np.float64(-4.953014372865994e-05), np.float64(-0.009952780225753268), np.float64(0.0)] 

Python WARNING [file '/private/var/folders/0g/hj_q_pzx65bbjnslxz9n0src0000gn/T/cibw-run-idf5h6xy/cp312-macosx_universal2/venv-test-arm64/lib/python3.12/site-packages/exudyn/solver.py', line 250]: 
Initialize Solver: requested 5 threads, but taskmanager not available (Exudyn maybe not built with taskmanager?)

** CASE 68 **: [5, 0, 2, 1, 0, 0, 0] ; RESULTS: tip-disp=[np.float64(-4.953014372865994e-05), np.float64(-0.009952780225753268), np.float64(0.0)] 
** CASE 69 **: [1, 1, 2, 1, 0, 0, 0] ; RESULTS: tip-disp=[np.float64(-4.95301377294588e-05), np.float64(-0.009952779623020266), np.float64(0.0)], ODE1=[np.float64(0.47267733728478184), np.float64(-8.738338182470347), np.float64(4.999999989331395)] 

Python WARNING [file '/private/var/folders/0g/hj_q_pzx65bbjnslxz9n0src0000gn/T/cibw-run-idf5h6xy/cp312-macosx_universal2/venv-test-arm64/lib/python3.12/site-packages/exudyn/solver.py', line 250]: 
Initialize Solver: requested 2 threads, but taskmanager not available (Exudyn maybe not built with taskmanager?)

** CASE 70 **: [2, 1, 2, 1, 0, 0, 0] ; RESULTS: tip-disp=[np.float64(-4.95301377294588e-05), np.float64(-0.009952779623020266), np.float64(0.0)], ODE1=[np.float64(0.47267733728478184), np.float64(-8.738338182470347), np.float64(4.999999989331395)] 

Python WARNING [file '/private/var/folders/0g/hj_q_pzx65bbjnslxz9n0src0000gn/T/cibw-run-idf5h6xy/cp312-macosx_universal2/venv-test-arm64/lib/python3.12/site-packages/exudyn/solver.py', line 250]: 
Initialize Solver: requested 5 threads, but taskmanager not available (Exudyn maybe not built with taskmanager?)

** CASE 71 **: [5, 1, 2, 1, 0, 0, 0] ; RESULTS: tip-disp=[np.float64(-4.95301377294588e-05), np.float64(-0.009952779623020266), np.float64(0.0)], ODE1=[np.float64(0.47267733728478184), np.float64(-8.738338182470347), np.float64(4.999999989331395)] 
** CASE 72 **: [1, 0, 2, 1, 1, 0, 0] ; RESULTS: tip-disp=[np.float64(-0.00017900063097964214), np.float64(-0.018920074543545416), np.float64(0.0)] 

Python WARNING [file '/private/var/folders/0g/hj_q_pzx65bbjnslxz9n0src0000gn/T/cibw-run-idf5h6xy/cp312-macosx_universal2/venv-test-arm64/lib/python3.12/site-packages/exudyn/solver.py', line 250]: 
Initialize Solver: requested 2 threads, but taskmanager not available (Exudyn maybe not built with taskmanager?)

** CASE 73 **: [2, 0, 2, 1, 1, 0, 0] ; RESULTS: tip-disp=[np.float64(-0.00017900063097964214), np.float64(-0.018920074543545416), np.float64(0.0)] 

Python WARNING [file '/private/var/folders/0g/hj_q_pzx65bbjnslxz9n0src0000gn/T/cibw-run-idf5h6xy/cp312-macosx_universal2/venv-test-arm64/lib/python3.12/site-packages/exudyn/solver.py', line 250]: 
Initialize Solver: requested 5 threads, but taskmanager not available (Exudyn maybe not built with taskmanager?)

** CASE 74 **: [5, 0, 2, 1, 1, 0, 0] ; RESULTS: tip-disp=[np.float64(-0.00017900063097964214), np.float64(-0.018920074543545416), np.float64(0.0)] 
** CASE 75 **: [1, 1, 2, 1, 1, 0, 0] ; RESULTS: tip-disp=[np.float64(-0.00017900062401898786), np.float64(-0.01892007417573038), np.float64(0.0)], ODE1=[np.float64(0.47267733728478184), np.float64(-8.738338182470347), np.float64(4.999999989331395)] 

Python WARNING [file '/private/var/folders/0g/hj_q_pzx65bbjnslxz9n0src0000gn/T/cibw-run-idf5h6xy/cp312-macosx_universal2/venv-test-arm64/lib/python3.12/site-packages/exudyn/solver.py', line 250]: 
Initialize Solver: requested 2 threads, but taskmanager not available (Exudyn maybe not built with taskmanager?)

** CASE 76 **: [2, 1, 2, 1, 1, 0, 0] ; RESULTS: tip-disp=[np.float64(-0.00017900062401898786), np.float64(-0.01892007417573038), np.float64(0.0)], ODE1=[np.float64(0.47267733728478184), np.float64(-8.738338182470347), np.float64(4.999999989331395)] 

Python WARNING [file '/private/var/folders/0g/hj_q_pzx65bbjnslxz9n0src0000gn/T/cibw-run-idf5h6xy/cp312-macosx_universal2/venv-test-arm64/lib/python3.12/site-packages/exudyn/solver.py', line 250]: 
Initialize Solver: requested 5 threads, but taskmanager not available (Exudyn maybe not built with taskmanager?)

** CASE 77 **: [5, 1, 2, 1, 1, 0, 0] ; RESULTS: tip-disp=[np.float64(-0.00017900062401898786), np.float64(-0.01892007417573038), np.float64(0.0)], ODE1=[np.float64(0.47267733728478184), np.float64(-8.738338182470347), np.float64(4.999999989331395)] 
** CASE 78 **: [1, 0, 2, 1, 0, 1, 0] ; RESULTS: tip-disp=[np.float64(-0.00012515034665194769), np.float64(-0.015820399195175333), np.float64(0.0)] 

Python WARNING [file '/private/var/folders/0g/hj_q_pzx65bbjnslxz9n0src0000gn/T/cibw-run-idf5h6xy/cp312-macosx_universal2/venv-test-arm64/lib/python3.12/site-packages/exudyn/solver.py', line 166]: 
Initialize Solver: requested 2 threads, but taskmanager not available (Exudyn maybe not built with taskmanager?)

** CASE 79 **: [2, 0, 2, 1, 0, 1, 0] ; RESULTS: tip-disp=[np.float64(-0.00012515034665194769), np.float64(-0.015820399195175333), np.float64(0.0)] 

Python WARNING [file '/private/var/folders/0g/hj_q_pzx65bbjnslxz9n0src0000gn/T/cibw-run-idf5h6xy/cp312-macosx_universal2/venv-test-arm64/lib/python3.12/site-packages/exudyn/solver.py', line 166]: 
Initialize Solver: requested 5 threads, but taskmanager not available (Exudyn maybe not built with taskmanager?)

** CASE 80 **: [5, 0, 2, 1, 0, 1, 0] ; RESULTS: tip-disp=[np.float64(-0.00012515034665194769), np.float64(-0.015820399195175333), np.float64(0.0)] 
** CASE 81 **: [1, 0, 2, 1, 1, 1, 0] ; RESULTS: tip-disp=[np.float64(-0.00012515034665194769), np.float64(-0.01582039919517553), np.float64(0.0)] 

Python WARNING [file '/private/var/folders/0g/hj_q_pzx65bbjnslxz9n0src0000gn/T/cibw-run-idf5h6xy/cp312-macosx_universal2/venv-test-arm64/lib/python3.12/site-packages/exudyn/solver.py', line 166]: 
Initialize Solver: requested 2 threads, but taskmanager not available (Exudyn maybe not built with taskmanager?)

** CASE 82 **: [2, 0, 2, 1, 1, 1, 0] ; RESULTS: tip-disp=[np.float64(-0.00012515034665194769), np.float64(-0.01582039919517553), np.float64(0.0)] 

Python WARNING [file '/private/var/folders/0g/hj_q_pzx65bbjnslxz9n0src0000gn/T/cibw-run-idf5h6xy/cp312-macosx_universal2/venv-test-arm64/lib/python3.12/site-packages/exudyn/solver.py', line 166]: 
Initialize Solver: requested 5 threads, but taskmanager not available (Exudyn maybe not built with taskmanager?)

** CASE 83 **: [5, 0, 2, 1, 1, 1, 0] ; RESULTS: tip-disp=[np.float64(-0.00012515034665194769), np.float64(-0.01582039919517553), np.float64(0.0)] 
** CASE 84 **: [1, 0, 4, 0, 0, 0, 0] ; RESULTS: tip-disp=[np.float64(-0.08146932217900948), np.float64(-0.563215717912882), np.float64(0.0)] 

Python WARNING [file '/private/var/folders/0g/hj_q_pzx65bbjnslxz9n0src0000gn/T/cibw-run-idf5h6xy/cp312-macosx_universal2/venv-test-arm64/lib/python3.12/site-packages/exudyn/solver.py', line 250]: 
Initialize Solver: requested 2 threads, but taskmanager not available (Exudyn maybe not built with taskmanager?)

** CASE 85 **: [2, 0, 4, 0, 0, 0, 0] ; RESULTS: tip-disp=[np.float64(-0.08146932217900948), np.float64(-0.563215717912882), np.float64(0.0)] 

Python WARNING [file '/private/var/folders/0g/hj_q_pzx65bbjnslxz9n0src0000gn/T/cibw-run-idf5h6xy/cp312-macosx_universal2/venv-test-arm64/lib/python3.12/site-packages/exudyn/solver.py', line 250]: 
Initialize Solver: requested 5 threads, but taskmanager not available (Exudyn maybe not built with taskmanager?)

** CASE 86 **: [5, 0, 4, 0, 0, 0, 0] ; RESULTS: tip-disp=[np.float64(-0.08146932217900948), np.float64(-0.563215717912882), np.float64(0.0)] 
** CASE 87 **: [1, 1, 4, 0, 0, 0, 0] ; RESULTS: tip-disp=[np.float64(-0.08146932217900948), np.float64(-0.563215717912882), np.float64(0.0)], ODE1=[np.float64(0.47267733728478184), np.float64(-8.738338182470347), np.float64(4.999999989331395)] 

Python WARNING [file '/private/var/folders/0g/hj_q_pzx65bbjnslxz9n0src0000gn/T/cibw-run-idf5h6xy/cp312-macosx_universal2/venv-test-arm64/lib/python3.12/site-packages/exudyn/solver.py', line 250]: 
Initialize Solver: requested 2 threads, but taskmanager not available (Exudyn maybe not built with taskmanager?)

** CASE 88 **: [2, 1, 4, 0, 0, 0, 0] ; RESULTS: tip-disp=[np.float64(-0.08146932217900948), np.float64(-0.563215717912882), np.float64(0.0)], ODE1=[np.float64(0.47267733728478184), np.float64(-8.738338182470347), np.float64(4.999999989331395)] 

Python WARNING [file '/private/var/folders/0g/hj_q_pzx65bbjnslxz9n0src0000gn/T/cibw-run-idf5h6xy/cp312-macosx_universal2/venv-test-arm64/lib/python3.12/site-packages/exudyn/solver.py', line 250]: 
Initialize Solver: requested 5 threads, but taskmanager not available (Exudyn maybe not built with taskmanager?)

** CASE 89 **: [5, 1, 4, 0, 0, 0, 0] ; RESULTS: tip-disp=[np.float64(-0.08146932217900948), np.float64(-0.563215717912882), np.float64(0.0)], ODE1=[np.float64(0.47267733728478184), np.float64(-8.738338182470347), np.float64(4.999999989331395)] 
** CASE 90 **: [1, 0, 4, 0, 1, 0, 0] ; RESULTS: tip-disp=[np.float64(-4.629060724308305), np.float64(-2.2642535240765), np.float64(0.0)] 

Python WARNING [file '/private/var/folders/0g/hj_q_pzx65bbjnslxz9n0src0000gn/T/cibw-run-idf5h6xy/cp312-macosx_universal2/venv-test-arm64/lib/python3.12/site-packages/exudyn/solver.py', line 250]: 
Initialize Solver: requested 2 threads, but taskmanager not available (Exudyn maybe not built with taskmanager?)

** CASE 91 **: [2, 0, 4, 0, 1, 0, 0] ; RESULTS: tip-disp=[np.float64(-4.629060724308305), np.float64(-2.2642535240765), np.float64(0.0)] 

Python WARNING [file '/private/var/folders/0g/hj_q_pzx65bbjnslxz9n0src0000gn/T/cibw-run-idf5h6xy/cp312-macosx_universal2/venv-test-arm64/lib/python3.12/site-packages/exudyn/solver.py', line 250]: 
Initialize Solver: requested 5 threads, but taskmanager not available (Exudyn maybe not built with taskmanager?)

** CASE 92 **: [5, 0, 4, 0, 1, 0, 0] ; RESULTS: tip-disp=[np.float64(-4.629060724308305), np.float64(-2.2642535240765), np.float64(0.0)] 
** CASE 93 **: [1, 1, 4, 0, 1, 0, 0] ; RESULTS: tip-disp=[np.float64(-4.629060725106289), np.float64(-2.2642535235960364), np.float64(0.0)], ODE1=[np.float64(0.47267733728478184), np.float64(-8.738338182470347), np.float64(4.999999989331395)] 

Python WARNING [file '/private/var/folders/0g/hj_q_pzx65bbjnslxz9n0src0000gn/T/cibw-run-idf5h6xy/cp312-macosx_universal2/venv-test-arm64/lib/python3.12/site-packages/exudyn/solver.py', line 250]: 
Initialize Solver: requested 2 threads, but taskmanager not available (Exudyn maybe not built with taskmanager?)

** CASE 94 **: [2, 1, 4, 0, 1, 0, 0] ; RESULTS: tip-disp=[np.float64(-4.629060725106289), np.float64(-2.2642535235960364), np.float64(0.0)], ODE1=[np.float64(0.47267733728478184), np.float64(-8.738338182470347), np.float64(4.999999989331395)] 

Python WARNING [file '/private/var/folders/0g/hj_q_pzx65bbjnslxz9n0src0000gn/T/cibw-run-idf5h6xy/cp312-macosx_universal2/venv-test-arm64/lib/python3.12/site-packages/exudyn/solver.py', line 250]: 
Initialize Solver: requested 5 threads, but taskmanager not available (Exudyn maybe not built with taskmanager?)

** CASE 95 **: [5, 1, 4, 0, 1, 0, 0] ; RESULTS: tip-disp=[np.float64(-4.629060725106289), np.float64(-2.2642535235960364), np.float64(0.0)], ODE1=[np.float64(0.47267733728478184), np.float64(-8.738338182470347), np.float64(4.999999989331395)] 
** CASE 96 **: [1, 0, 4, 0, 0, 1, 0] ; RESULTS: tip-disp=[np.float64(-0.4766649535974836), np.float64(-1.5245865369570926), np.float64(0.0)] 

Python WARNING [file '/private/var/folders/0g/hj_q_pzx65bbjnslxz9n0src0000gn/T/cibw-run-idf5h6xy/cp312-macosx_universal2/venv-test-arm64/lib/python3.12/site-packages/exudyn/solver.py', line 166]: 
Initialize Solver: requested 2 threads, but taskmanager not available (Exudyn maybe not built with taskmanager?)

** CASE 97 **: [2, 0, 4, 0, 0, 1, 0] ; RESULTS: tip-disp=[np.float64(-0.4766649535974836), np.float64(-1.5245865369570926), np.float64(0.0)] 

Python WARNING [file '/private/var/folders/0g/hj_q_pzx65bbjnslxz9n0src0000gn/T/cibw-run-idf5h6xy/cp312-macosx_universal2/venv-test-arm64/lib/python3.12/site-packages/exudyn/solver.py', line 166]: 
Initialize Solver: requested 5 threads, but taskmanager not available (Exudyn maybe not built with taskmanager?)

** CASE 98 **: [5, 0, 4, 0, 0, 1, 0] ; RESULTS: tip-disp=[np.float64(-0.4766649535974836), np.float64(-1.5245865369570926), np.float64(0.0)] 
** CASE 99 **: [1, 0, 4, 0, 1, 1, 0] ; RESULTS: tip-disp=[np.float64(-0.47666495359748495), np.float64(-1.5245865369570946), np.float64(0.0)] 

Python WARNING [file '/private/var/folders/0g/hj_q_pzx65bbjnslxz9n0src0000gn/T/cibw-run-idf5h6xy/cp312-macosx_universal2/venv-test-arm64/lib/python3.12/site-packages/exudyn/solver.py', line 166]: 
Initialize Solver: requested 2 threads, but taskmanager not available (Exudyn maybe not built with taskmanager?)

** CASE 100 **: [2, 0, 4, 0, 1, 1, 0] ; RESULTS: tip-disp=[np.float64(-0.47666495359748495), np.float64(-1.5245865369570946), np.float64(0.0)] 

Python WARNING [file '/private/var/folders/0g/hj_q_pzx65bbjnslxz9n0src0000gn/T/cibw-run-idf5h6xy/cp312-macosx_universal2/venv-test-arm64/lib/python3.12/site-packages/exudyn/solver.py', line 166]: 
Initialize Solver: requested 5 threads, but taskmanager not available (Exudyn maybe not built with taskmanager?)

** CASE 101 **: [5, 0, 4, 0, 1, 1, 0] ; RESULTS: tip-disp=[np.float64(-0.47666495359748495), np.float64(-1.5245865369570946), np.float64(0.0)] 
** CASE 102 **: [1, 0, 4, 1, 0, 0, 0] ; RESULTS: tip-disp=[np.float64(-0.03350539387343776), np.float64(-0.4378114618323164), np.float64(0.0)] 

Python WARNING [file '/private/var/folders/0g/hj_q_pzx65bbjnslxz9n0src0000gn/T/cibw-run-idf5h6xy/cp312-macosx_universal2/venv-test-arm64/lib/python3.12/site-packages/exudyn/solver.py', line 250]: 
Initialize Solver: requested 2 threads, but taskmanager not available (Exudyn maybe not built with taskmanager?)

** CASE 103 **: [2, 0, 4, 1, 0, 0, 0] ; RESULTS: tip-disp=[np.float64(-0.03350539387343776), np.float64(-0.4378114618323164), np.float64(0.0)] 

Python WARNING [file '/private/var/folders/0g/hj_q_pzx65bbjnslxz9n0src0000gn/T/cibw-run-idf5h6xy/cp312-macosx_universal2/venv-test-arm64/lib/python3.12/site-packages/exudyn/solver.py', line 250]: 
Initialize Solver: requested 5 threads, but taskmanager not available (Exudyn maybe not built with taskmanager?)

** CASE 104 **: [5, 0, 4, 1, 0, 0, 0] ; RESULTS: tip-disp=[np.float64(-0.03350539387343776), np.float64(-0.4378114618323164), np.float64(0.0)] 
** CASE 105 **: [1, 1, 4, 1, 0, 0, 0] ; RESULTS: tip-disp=[np.float64(-0.03350539396786267), np.float64(-0.4378114624794035), np.float64(0.0)], ODE1=[np.float64(0.47267733728478184), np.float64(-8.738338182470347), np.float64(4.999999989331395)] 

Python WARNING [file '/private/var/folders/0g/hj_q_pzx65bbjnslxz9n0src0000gn/T/cibw-run-idf5h6xy/cp312-macosx_universal2/venv-test-arm64/lib/python3.12/site-packages/exudyn/solver.py', line 250]: 
Initialize Solver: requested 2 threads, but taskmanager not available (Exudyn maybe not built with taskmanager?)

** CASE 106 **: [2, 1, 4, 1, 0, 0, 0] ; RESULTS: tip-disp=[np.float64(-0.03350539396786267), np.float64(-0.4378114624794035), np.float64(0.0)], ODE1=[np.float64(0.47267733728478184), np.float64(-8.738338182470347), np.float64(4.999999989331395)] 

Python WARNING [file '/private/var/folders/0g/hj_q_pzx65bbjnslxz9n0src0000gn/T/cibw-run-idf5h6xy/cp312-macosx_universal2/venv-test-arm64/lib/python3.12/site-packages/exudyn/solver.py', line 250]: 
Initialize Solver: requested 5 threads, but taskmanager not available (Exudyn maybe not built with taskmanager?)

** CASE 107 **: [5, 1, 4, 1, 0, 0, 0] ; RESULTS: tip-disp=[np.float64(-0.03350539396786267), np.float64(-0.4378114624794035), np.float64(0.0)], ODE1=[np.float64(0.47267733728478184), np.float64(-8.738338182470347), np.float64(4.999999989331395)] 
** CASE 108 **: [1, 0, 4, 1, 1, 0, 0] ; RESULTS: tip-disp=[np.float64(-0.12809870176155913), np.float64(-0.843654094698177), np.float64(0.0)] 

Python WARNING [file '/private/var/folders/0g/hj_q_pzx65bbjnslxz9n0src0000gn/T/cibw-run-idf5h6xy/cp312-macosx_universal2/venv-test-arm64/lib/python3.12/site-packages/exudyn/solver.py', line 250]: 
Initialize Solver: requested 2 threads, but taskmanager not available (Exudyn maybe not built with taskmanager?)

** CASE 109 **: [2, 0, 4, 1, 1, 0, 0] ; RESULTS: tip-disp=[np.float64(-0.12809870176155913), np.float64(-0.843654094698177), np.float64(0.0)] 

Python WARNING [file '/private/var/folders/0g/hj_q_pzx65bbjnslxz9n0src0000gn/T/cibw-run-idf5h6xy/cp312-macosx_universal2/venv-test-arm64/lib/python3.12/site-packages/exudyn/solver.py', line 250]: 
Initialize Solver: requested 5 threads, but taskmanager not available (Exudyn maybe not built with taskmanager?)

** CASE 110 **: [5, 0, 4, 1, 1, 0, 0] ; RESULTS: tip-disp=[np.float64(-0.12809870176155913), np.float64(-0.843654094698177), np.float64(0.0)] 
** CASE 111 **: [1, 1, 4, 1, 1, 0, 0] ; RESULTS: tip-disp=[np.float64(-0.12809870233930498), np.float64(-0.8436540965761696), np.float64(0.0)], ODE1=[np.float64(0.47267733728478184), np.float64(-8.738338182470347), np.float64(4.999999989331395)] 

Python WARNING [file '/private/var/folders/0g/hj_q_pzx65bbjnslxz9n0src0000gn/T/cibw-run-idf5h6xy/cp312-macosx_universal2/venv-test-arm64/lib/python3.12/site-packages/exudyn/solver.py', line 250]: 
Initialize Solver: requested 2 threads, but taskmanager not available (Exudyn maybe not built with taskmanager?)

** CASE 112 **: [2, 1, 4, 1, 1, 0, 0] ; RESULTS: tip-disp=[np.float64(-0.12809870233930498), np.float64(-0.8436540965761696), np.float64(0.0)], ODE1=[np.float64(0.47267733728478184), np.float64(-8.738338182470347), np.float64(4.999999989331395)] 

Python WARNING [file '/private/var/folders/0g/hj_q_pzx65bbjnslxz9n0src0000gn/T/cibw-run-idf5h6xy/cp312-macosx_universal2/venv-test-arm64/lib/python3.12/site-packages/exudyn/solver.py', line 250]: 
Initialize Solver: requested 5 threads, but taskmanager not available (Exudyn maybe not built with taskmanager?)

** CASE 113 **: [5, 1, 4, 1, 1, 0, 0] ; RESULTS: tip-disp=[np.float64(-0.12809870233930498), np.float64(-0.8436540965761696), np.float64(0.0)], ODE1=[np.float64(0.47267733728478184), np.float64(-8.738338182470347), np.float64(4.999999989331395)] 
** CASE 114 **: [1, 0, 4, 1, 0, 1, 0] ; RESULTS: tip-disp=[np.float64(-0.02806829714518555), np.float64(-0.4009255248408572), np.float64(0.0)] 

Python WARNING [file '/private/var/folders/0g/hj_q_pzx65bbjnslxz9n0src0000gn/T/cibw-run-idf5h6xy/cp312-macosx_universal2/venv-test-arm64/lib/python3.12/site-packages/exudyn/solver.py', line 166]: 
Initialize Solver: requested 2 threads, but taskmanager not available (Exudyn maybe not built with taskmanager?)

** CASE 115 **: [2, 0, 4, 1, 0, 1, 0] ; RESULTS: tip-disp=[np.float64(-0.02806829714518555), np.float64(-0.4009255248408572), np.float64(0.0)] 

Python WARNING [file '/private/var/folders/0g/hj_q_pzx65bbjnslxz9n0src0000gn/T/cibw-run-idf5h6xy/cp312-macosx_universal2/venv-test-arm64/lib/python3.12/site-packages/exudyn/solver.py', line 166]: 
Initialize Solver: requested 5 threads, but taskmanager not available (Exudyn maybe not built with taskmanager?)

** CASE 116 **: [5, 0, 4, 1, 0, 1, 0] ; RESULTS: tip-disp=[np.float64(-0.02806829714518555), np.float64(-0.4009255248408572), np.float64(0.0)] 
** CASE 117 **: [1, 0, 4, 1, 1, 1, 0] ; RESULTS: tip-disp=[np.float64(-0.02806829714518555), np.float64(-0.40092552484085714), np.float64(0.0)] 

Python WARNING [file '/private/var/folders/0g/hj_q_pzx65bbjnslxz9n0src0000gn/T/cibw-run-idf5h6xy/cp312-macosx_universal2/venv-test-arm64/lib/python3.12/site-packages/exudyn/solver.py', line 166]: 
Initialize Solver: requested 2 threads, but taskmanager not available (Exudyn maybe not built with taskmanager?)

** CASE 118 **: [2, 0, 4, 1, 1, 1, 0] ; RESULTS: tip-disp=[np.float64(-0.02806829714518555), np.float64(-0.40092552484085714), np.float64(0.0)] 

Python WARNING [file '/private/var/folders/0g/hj_q_pzx65bbjnslxz9n0src0000gn/T/cibw-run-idf5h6xy/cp312-macosx_universal2/venv-test-arm64/lib/python3.12/site-packages/exudyn/solver.py', line 166]: 
Initialize Solver: requested 5 threads, but taskmanager not available (Exudyn maybe not built with taskmanager?)

** CASE 119 **: [5, 0, 4, 1, 1, 1, 0] ; RESULTS: tip-disp=[np.float64(-0.02806829714518555), np.float64(-0.40092552484085714), np.float64(0.0)] 

total cases: 120 
result taskmanagerTest= -0.2340681427320012 
refsol= -0.23406814272950335 
tol= 3e-11 
****************************************** 
  EXAMPLE 81 ("taskmanagerTest.py") FINISHED SUCCESSFUL 
  RESULT = -0.2340681427320012 
  ERROR = -2.4978352719529084e-12 
****************************************** 


****************************************** 
  START EXAMPLE 82 ("velocityVerletTest.py"): 
****************************************** 
+++++++++++++++++++++++++++++++
EXUDYN V1.9.0 solver: explicit time integration (VelocityVerlet)
STEP2000, t = 2s, timeToGo = 0s, Nit/step = 0
solver finished after 0.000927166 seconds.
p  = [np.float64(1.0912990667233309), np.float64(0.0), np.float64(0.0)] 
h= 0.001 , err= 4.541650566958211e-06 
+++++++++++++++++++++++++++++++
EXUDYN V1.9.0 solver: explicit time integration (VelocityVerlet)
STEP4000, t = 2s, timeToGo = 0s, Nit/step = 0
solver finished after 0.00152121 seconds.
p  = [np.float64(1.0912956605256892), np.float64(0.0), np.float64(0.0)] 
h= 0.0005 , err= 1.1354529252383116e-06 
+++++++++++++++++++++++++++++++
EXUDYN V1.9.0 solver: explicit time integration (VelocityVerlet)
STEP8000, t = 2s, timeToGo = 0s, Nit/step = 0
solver finished after 0.00259425 seconds.
p  = [np.float64(1.0912948089384098), np.float64(0.0), np.float64(0.0)] 
h= 0.00025 , err= 2.83865645878123e-07 
+++++++++++++++++++++++++++++++
EXUDYN V1.9.0 solver: explicit time integration (VelocityVerlet)
STEP16000, t = 2s, timeToGo = 0s, Nit/step = 0
solver finished after 0.00484533 seconds.
p  = [np.float64(1.0912945960393574), np.float64(0.0), np.float64(0.0)] 
h= 0.000125 , err= 7.096659349059564e-08 
velocityVerletTest result= 4.365184132226787 
velocityVerletTest error= 0.0 
refsol= 4.365184132226787 
tol= 3e-11 
****************************************** 
  EXAMPLE 82 ("velocityVerletTest.py") FINISHED SUCCESSFUL 
  RESULT = 4.365184132226787 
  ERROR = 0.0 
****************************************** 


****************************************** 
  START MINI EXAMPLE 0 ("ObjectMassPoint.py"): 
example for ObjectMassPoint completed, test result = 2.0 
  MINI EXAMPLE 0 ("ObjectMassPoint.py") FINISHED SUCCESSFUL 
  RESULT = 2.0 
  ERROR  = 0.0 


****************************************** 
  START MINI EXAMPLE 1 ("ObjectMassPoint2D.py"): 
example for ObjectMassPoint2D completed, test result = 2.0 
  MINI EXAMPLE 1 ("ObjectMassPoint2D.py") FINISHED SUCCESSFUL 
  RESULT = 2.0 
  ERROR  = 0.0 


****************************************** 
  START MINI EXAMPLE 2 ("ObjectMass1D.py"): 
example for ObjectMass1D completed, test result = 2.0 
  MINI EXAMPLE 2 ("ObjectMass1D.py") FINISHED SUCCESSFUL 
  RESULT = 2.0 
  ERROR  = 0.0 


****************************************** 
  START MINI EXAMPLE 3 ("ObjectRotationalMass1D.py"): 
example for ObjectRotationalMass1D completed, test result = 2.0 
  MINI EXAMPLE 3 ("ObjectRotationalMass1D.py") FINISHED SUCCESSFUL 
  RESULT = 2.0 
  ERROR  = 0.0 


****************************************** 
  START MINI EXAMPLE 4 ("ObjectRigidBody2D.py"): 
example for ObjectRigidBody2D completed, test result = 4.356194490192344 
  MINI EXAMPLE 4 ("ObjectRigidBody2D.py") FINISHED SUCCESSFUL 
  RESULT = 4.356194490192344 
  ERROR  = 0.0 


****************************************** 
  START MINI EXAMPLE 5 ("ObjectGenericODE2.py"): 
example for ObjectGenericODE2 completed, test result = 1.0039999999354785 
  MINI EXAMPLE 5 ("ObjectGenericODE2.py") FINISHED SUCCESSFUL 
  RESULT = 1.0039999999354785 
  ERROR  = 0.0 


****************************************** 
  START MINI EXAMPLE 6 ("ObjectGenericODE1.py"): 
example for ObjectGenericODE1 completed, test result = -0.820684709768938 
  MINI EXAMPLE 6 ("ObjectGenericODE1.py") FINISHED SUCCESSFUL 
  RESULT = -0.820684709768938 
  ERROR  = 3.3306690738754696e-16 


****************************************** 
  START MINI EXAMPLE 7 ("ObjectKinematicTree.py"): 
example for ObjectKinematicTree completed, test result = -3.1340185518085906 
  MINI EXAMPLE 7 ("ObjectKinematicTree.py") FINISHED SUCCESSFUL 
  RESULT = -3.1340185518085906 
  ERROR  = 4.440892098500626e-16 


****************************************** 
  START MINI EXAMPLE 8 ("ObjectANCFCable.py"): 
+++++++++++++++++++++++++++++++
EXUDYN V1.9.0 solver: nonlinear static solver
STEP1, factor = 1, timeToGo = 0s, Nit/step = 6
solver finished after 0.00361071 seconds.
example for ObjectANCFCable completed, test result = -0.5013058140308948 
  MINI EXAMPLE 8 ("ObjectANCFCable.py") FINISHED SUCCESSFUL 
  RESULT = -0.5013058140308948 
  ERROR  = -2.886579864025407e-15 


****************************************** 
  START MINI EXAMPLE 9 ("ObjectANCFCable2D.py"): 
+++++++++++++++++++++++++++++++
EXUDYN V1.9.0 solver: nonlinear static solver
STEP1, factor = 1, timeToGo = 0s, Nit/step = 6
solver finished after 0.00143196 seconds.
example for ObjectANCFCable2D completed, test result = -0.5013058140308915 
  MINI EXAMPLE 9 ("ObjectANCFCable2D.py") FINISHED SUCCESSFUL 
  RESULT = -0.5013058140308915 
  ERROR  = -1.3322676295501878e-15 


****************************************** 
  START MINI EXAMPLE 10 ("ObjectANCFThinPlate.py"): 
example for ObjectANCFThinPlate completed, test result = 0 
  MINI EXAMPLE 10 ("ObjectANCFThinPlate.py") FINISHED SUCCESSFUL 
  RESULT = 0 
  ERROR  = 0.0 


****************************************** 
  START MINI EXAMPLE 11 ("ObjectConnectorSpringDamper.py"): 
example for ObjectConnectorSpringDamper completed, test result = 0.9733828995763039 
  MINI EXAMPLE 11 ("ObjectConnectorSpringDamper.py") FINISHED SUCCESSFUL 
  RESULT = 0.9733828995763039 
  ERROR  = 0.0 


****************************************** 
  START MINI EXAMPLE 12 ("ObjectConnectorCartesianSpringDamper.py"): 
example for ObjectConnectorCartesianSpringDamper completed, test result = -0.0009999999999750209 
  MINI EXAMPLE 12 ("ObjectConnectorCartesianSpringDamper.py") FINISHED SUCCESSFUL 
  RESULT = -0.0009999999999750209 
  ERROR  = 0.0 


****************************************** 
  START MINI EXAMPLE 13 ("ObjectConnectorRigidBodySpringDamper.py"): 
example for ObjectConnectorRigidBodySpringDamper completed, test result = -0.5349299545315868 
****************************************** 
  MINI EXAMPLE 13 ("ObjectConnectorRigidBodySpringDamper.py") *FAILED* 
  RESULT = -0.5349299545315868 
  ERROR  = 1.3625242045733899e-09 
****************************************** 


****************************************** 
  START MINI EXAMPLE 14 ("ObjectConnectorLinearSpringDamper.py"): 
example for ObjectConnectorLinearSpringDamper completed, test result = 0.0004999866342439738 
  MINI EXAMPLE 14 ("ObjectConnectorLinearSpringDamper.py") FINISHED SUCCESSFUL 
  RESULT = 0.0004999866342439738 
  ERROR  = 4.4885969940899884e-17 


****************************************** 
  START MINI EXAMPLE 15 ("ObjectConnectorTorsionalSpringDamper.py"): 
example for ObjectConnectorTorsionalSpringDamper completed, test result = 0.0004999866342439374 
  MINI EXAMPLE 15 ("ObjectConnectorTorsionalSpringDamper.py") FINISHED SUCCESSFUL 
  RESULT = 0.0004999866342439374 
  ERROR  = -1.5287250632045613e-17 


****************************************** 
  START MINI EXAMPLE 16 ("ObjectConnectorCoordinateSpringDamper.py"): 
example for ObjectConnectorCoordinateSpringDamper completed, test result = 0.001999515421325704 
  MINI EXAMPLE 16 ("ObjectConnectorCoordinateSpringDamper.py") FINISHED SUCCESSFUL 
  RESULT = 0.001999515421325704 
  ERROR  = 4.440892098500626e-16 


****************************************** 
  START MINI EXAMPLE 17 ("ObjectConnectorGravity.py"): 
example for ObjectConnectorGravity completed, test result = 1.000000000000048 
  MINI EXAMPLE 17 ("ObjectConnectorGravity.py") FINISHED SUCCESSFUL 
  RESULT = 1.000000000000048 
  ERROR  = 0.0 


****************************************** 
  START MINI EXAMPLE 18 ("ObjectConnectorDistance.py"): 
example for ObjectConnectorDistance completed, test result = -0.9861806726069353 
  MINI EXAMPLE 18 ("ObjectConnectorDistance.py") FINISHED SUCCESSFUL 
  RESULT = -0.9861806726069353 
  ERROR  = 2.220446049250313e-16 


****************************************** 
  START MINI EXAMPLE 19 ("ObjectConnectorCoordinate.py"): 
example for ObjectConnectorCoordinate completed, test result = 0.04999999999999982 
  MINI EXAMPLE 19 ("ObjectConnectorCoordinate.py") FINISHED SUCCESSFUL 
  RESULT = 0.04999999999999982 
  ERROR  = 0.0 


****************************************** 
  START MINI EXAMPLE 20 ("ObjectJointRevoluteZ.py"): 
example for ObjectJointRevoluteZ completed, test result = 0.4999999999999979 
  MINI EXAMPLE 20 ("ObjectJointRevoluteZ.py") FINISHED SUCCESSFUL 
  RESULT = 0.4999999999999979 
  ERROR  = -5.551115123125783e-17 


****************************************** 
  START MINI EXAMPLE 21 ("MarkerSuperElementPosition.py"): 
example for MarkerSuperElementPosition completed, test result = 1.0039999999354785 
  MINI EXAMPLE 21 ("MarkerSuperElementPosition.py") FINISHED SUCCESSFUL 
  RESULT = 1.0039999999354785 
  ERROR  = 0.0 


****************************************** 
  START MINI EXAMPLE 22 ("LoadMassProportional.py"): 
example for LoadMassProportional completed, test result = -4.904999999999996 
  MINI EXAMPLE 22 ("LoadMassProportional.py") FINISHED SUCCESSFUL 
  RESULT = -4.904999999999996 
  ERROR  = 1.7763568394002505e-15 

 
****************************************** 
TEST SUITE RESULTS SUMMARY: 
****************************************** 
time elapsed = 11.092 seconds 
UNIT TESTS SKIPPED 
8 TestModel TEST(S) OUT OF 83 FAILED:  
  TestModel 3 (ANCFcontactCircleTest.py) FAILED 
  TestModel 5 (ANCFgeneralContactCircle.py) FAILED 
  TestModel 7 (ANCFslidingAndALEjointTest.py) FAILED 
  TestModel 15 (connectorGravityTest.py) FAILED 
  TestModel 19 (coordinateSpringDamperExt.py) FAILED 
  TestModel 28 (generalContactCylinderTest.py) FAILED 
  TestModel 30 (generalContactFrictionTests.py) FAILED 
  TestModel 65 (rollingDiscTangentialForces.py) FAILED 
1 MINI EXAMPLE TEST(S) OUT OF 23 FAILED:  
  MINI EXAMPLE 13 (ObjectConnectorRigidBodySpringDamper.py) FAILED 
******************************************
 
CPP UNIT TESTS SKIPPED 
